
 Performance counter stats for './parallel_32.dynamic.elf /home/alessandro.detoffoli/matrix/1_little.mtx':

    29,210,379,944      cycles:u                                                    
    70,571,927,859      instructions:u            #    2.42  insn per cycle         
    14,520,190,984      L1-dcache-loads:u                                           
       206,670,838      L1-dcache-load-misses:u   #    1.42% of all L1-dcache hits  
        27,837,418      LLC-loads:u                                                 
        12,475,835      LLC-load-misses:u         #   44.82% of all LL-cache hits   

       9.566708857 seconds time elapsed

       8.017217000 seconds user
       1.522433000 seconds sys



 Performance counter stats for './parallel_32.dynamic.elf /home/alessandro.detoffoli/matrix/2_small.mtx':

    59,193,161,105      cycles:u                                                    
   140,604,973,814      instructions:u            #    2.38  insn per cycle         
    28,703,417,780      L1-dcache-loads:u                                           
       415,934,844      L1-dcache-load-misses:u   #    1.45% of all L1-dcache hits  
        55,787,878      LLC-loads:u                                                 
        25,968,714      LLC-load-misses:u         #   46.55% of all LL-cache hits   

      18.848902925 seconds time elapsed

      15.821127000 seconds user
       2.980676000 seconds sys



 Performance counter stats for './parallel_32.dynamic.elf /home/alessandro.detoffoli/matrix/3_medium.mtx':

   121,941,352,159      cycles:u                                                    
   271,850,715,056      instructions:u            #    2.23  insn per cycle         
    55,390,723,425      L1-dcache-loads:u                                           
       823,867,331      L1-dcache-load-misses:u   #    1.49% of all L1-dcache hits  
       102,248,535      LLC-loads:u                                                 
        50,119,520      LLC-load-misses:u         #   49.02% of all LL-cache hits   

      42.061262425 seconds time elapsed

      33.693235000 seconds user
       8.264530000 seconds sys



 Performance counter stats for './parallel_32.dynamic.elf /home/alessandro.detoffoli/matrix/4_big.mtx':

   240,602,723,138      cycles:u                                                    
   514,866,505,954      instructions:u            #    2.14  insn per cycle         
   104,659,294,286      L1-dcache-loads:u                                           
     1,606,413,468      L1-dcache-load-misses:u   #    1.53% of all L1-dcache hits  
       194,666,046      LLC-loads:u                                                 
       100,077,084      LLC-load-misses:u         #   51.41% of all LL-cache hits   

      84.465651922 seconds time elapsed

      66.733642000 seconds user
      17.514438000 seconds sys



 Performance counter stats for './parallel_32.dynamic.elf /home/alessandro.detoffoli/matrix/5_huge.mtx':

   397,406,360,275      cycles:u                                                    
   931,720,719,160      instructions:u            #    2.34  insn per cycle         
   187,887,759,684      L1-dcache-loads:u                                           
     2,936,126,773      L1-dcache-load-misses:u   #    1.56% of all L1-dcache hits  
       436,445,663      LLC-loads:u                                                 
       182,145,900      LLC-load-misses:u         #   41.73% of all LL-cache hits   

     138.509970181 seconds time elapsed

     109.497025000 seconds user
      28.679170000 seconds sys



 Performance counter stats for './parallel_32.dynamic.elf /home/alessandro.detoffoli/matrix/1_little.mtx':

    30,004,599,565      cycles:u                                                    
    70,572,390,132      instructions:u            #    2.35  insn per cycle         
    14,520,200,653      L1-dcache-loads:u                                           
       206,085,508      L1-dcache-load-misses:u   #    1.42% of all L1-dcache hits  
        29,282,642      LLC-loads:u                                                 
        11,949,867      LLC-load-misses:u         #   40.81% of all LL-cache hits   

      10.603336242 seconds time elapsed

       8.311800000 seconds user
       2.263499000 seconds sys



 Performance counter stats for './parallel_32.dynamic.elf /home/alessandro.detoffoli/matrix/2_small.mtx':

    58,915,537,614      cycles:u                                                    
   140,605,192,165      instructions:u            #    2.39  insn per cycle         
    28,703,405,733      L1-dcache-loads:u                                           
       415,967,286      L1-dcache-load-misses:u   #    1.45% of all L1-dcache hits  
        57,018,099      LLC-loads:u                                                 
        23,092,306      LLC-load-misses:u         #   40.50% of all LL-cache hits   

      19.827696198 seconds time elapsed

      16.278312000 seconds user
       3.487140000 seconds sys



 Performance counter stats for './parallel_32.dynamic.elf /home/alessandro.detoffoli/matrix/3_medium.mtx':

   116,072,522,576      cycles:u                                                    
   271,851,337,235      instructions:u            #    2.34  insn per cycle         
    55,390,714,702      L1-dcache-loads:u                                           
       830,408,192      L1-dcache-load-misses:u   #    1.50% of all L1-dcache hits  
       114,699,406      LLC-loads:u                                                 
        50,112,683      LLC-load-misses:u         #   43.69% of all LL-cache hits   

      39.445772271 seconds time elapsed

      31.797751000 seconds user
       7.549372000 seconds sys



 Performance counter stats for './parallel_32.dynamic.elf /home/alessandro.detoffoli/matrix/4_big.mtx':

   220,240,801,910      cycles:u                                                    
   514,869,341,646      instructions:u            #    2.34  insn per cycle         
   104,659,280,074      L1-dcache-loads:u                                           
     1,603,560,262      L1-dcache-load-misses:u   #    1.53% of all L1-dcache hits  
       232,770,676      LLC-loads:u                                                 
       100,072,042      LLC-load-misses:u         #   42.99% of all LL-cache hits   

      76.747588613 seconds time elapsed

      60.933836000 seconds user
      15.597330000 seconds sys



 Performance counter stats for './parallel_32.dynamic.elf /home/alessandro.detoffoli/matrix/5_huge.mtx':

   410,737,923,187      cycles:u                                                    
   931,718,133,797      instructions:u            #    2.27  insn per cycle         
   187,887,640,970      L1-dcache-loads:u                                           
     2,912,741,959      L1-dcache-load-misses:u   #    1.55% of all L1-dcache hits  
       373,628,560      LLC-loads:u                                                 
       165,240,143      LLC-load-misses:u         #   44.23% of all LL-cache hits   

     136.087109876 seconds time elapsed

     109.515811000 seconds user
      26.159637000 seconds sys



 Performance counter stats for './parallel_32.dynamic.elf /home/alessandro.detoffoli/matrix/1_little.mtx':

    28,987,938,492      cycles:u                                                    
    70,571,872,644      instructions:u            #    2.43  insn per cycle         
    14,520,186,765      L1-dcache-loads:u                                           
       205,755,403      L1-dcache-load-misses:u   #    1.42% of all L1-dcache hits  
        28,054,812      LLC-loads:u                                                 
        10,733,745      LLC-load-misses:u         #   38.26% of all LL-cache hits   

      10.963150076 seconds time elapsed

       8.805053000 seconds user
       1.715334000 seconds sys



 Performance counter stats for './parallel_32.dynamic.elf /home/alessandro.detoffoli/matrix/2_small.mtx':

    58,593,503,383      cycles:u                                                    
   140,605,072,398      instructions:u            #    2.40  insn per cycle         
    28,703,401,053      L1-dcache-loads:u                                           
       418,101,826      L1-dcache-load-misses:u   #    1.46% of all L1-dcache hits  
        56,485,051      LLC-loads:u                                                 
        21,552,769      LLC-load-misses:u         #   38.16% of all LL-cache hits   

      18.945140895 seconds time elapsed

      15.593291000 seconds user
       3.179521000 seconds sys



 Performance counter stats for './parallel_32.dynamic.elf /home/alessandro.detoffoli/matrix/3_medium.mtx':

   118,151,666,824      cycles:u                                                    
   271,852,125,564      instructions:u            #    2.30  insn per cycle         
    55,391,117,549      L1-dcache-loads:u                                           
       817,317,404      L1-dcache-load-misses:u   #    1.48% of all L1-dcache hits  
       117,637,409      LLC-loads:u                                                 
        44,662,096      LLC-load-misses:u         #   37.97% of all LL-cache hits   

      41.576066721 seconds time elapsed

      31.745532000 seconds user
       9.656851000 seconds sys



 Performance counter stats for './parallel_32.dynamic.elf /home/alessandro.detoffoli/matrix/4_big.mtx':

   217,082,612,808      cycles:u                                                    
   514,866,062,433      instructions:u            #    2.37  insn per cycle         
   104,659,930,081      L1-dcache-loads:u                                           
     1,588,814,125      L1-dcache-load-misses:u   #    1.52% of all L1-dcache hits  
       237,631,586      LLC-loads:u                                                 
        89,547,788      LLC-load-misses:u         #   37.68% of all LL-cache hits   

      88.531579803 seconds time elapsed

      69.772498000 seconds user
      18.507304000 seconds sys



 Performance counter stats for './parallel_32.dynamic.elf /home/alessandro.detoffoli/matrix/5_huge.mtx':

   412,366,124,041      cycles:u                                                    
   931,725,618,394      instructions:u            #    2.26  insn per cycle         
   187,888,442,290      L1-dcache-loads:u                                           
     2,875,492,031      L1-dcache-load-misses:u   #    1.53% of all L1-dcache hits  
       430,804,128      LLC-loads:u                                                 
       172,413,128      LLC-load-misses:u         #   40.02% of all LL-cache hits   

     161.473847322 seconds time elapsed

     120.043153000 seconds user
      40.882628000 seconds sys



 Performance counter stats for './parallel_32.dynamic.elf /home/alessandro.detoffoli/matrix/1_little.mtx':

    30,636,021,199      cycles:u                                                    
    70,572,510,781      instructions:u            #    2.30  insn per cycle         
    14,520,511,666      L1-dcache-loads:u                                           
       191,396,370      L1-dcache-load-misses:u   #    1.32% of all L1-dcache hits  
        27,863,311      LLC-loads:u                                                 
        10,216,439      LLC-load-misses:u         #   36.67% of all LL-cache hits   

      12.385925708 seconds time elapsed

       8.597961000 seconds user
       3.733298000 seconds sys



 Performance counter stats for './parallel_32.dynamic.elf /home/alessandro.detoffoli/matrix/2_small.mtx':

    62,682,798,572      cycles:u                                                    
   140,606,471,972      instructions:u            #    2.24  insn per cycle         
    28,703,805,203      L1-dcache-loads:u                                           
       407,884,607      L1-dcache-load-misses:u   #    1.42% of all L1-dcache hits  
        55,329,745      LLC-loads:u                                                 
        25,744,560      LLC-load-misses:u         #   46.53% of all LL-cache hits   

      23.313806082 seconds time elapsed

      16.910595000 seconds user
       6.303683000 seconds sys



 Performance counter stats for './parallel_32.dynamic.elf /home/alessandro.detoffoli/matrix/3_medium.mtx':

   122,296,705,345      cycles:u                                                    
   271,852,939,309      instructions:u            #    2.22  insn per cycle         
    55,391,671,423      L1-dcache-loads:u                                           
       797,982,182      L1-dcache-load-misses:u   #    1.44% of all L1-dcache hits  
       116,105,955      LLC-loads:u                                                 
        50,706,389      LLC-load-misses:u         #   43.67% of all LL-cache hits   

      46.338376557 seconds time elapsed

      33.153598000 seconds user
      13.042370000 seconds sys



 Performance counter stats for './parallel_32.dynamic.elf /home/alessandro.detoffoli/matrix/4_big.mtx':

   231,425,805,373      cycles:u                                                    
   514,869,968,798      instructions:u            #    2.22  insn per cycle         
   104,661,709,694      L1-dcache-loads:u                                           
     1,526,972,472      L1-dcache-load-misses:u   #    1.46% of all L1-dcache hits  
       213,241,664      LLC-loads:u                                                 
        94,980,518      LLC-load-misses:u         #   44.54% of all LL-cache hits   

      89.215698810 seconds time elapsed

      62.917862000 seconds user
      26.082346000 seconds sys



 Performance counter stats for './parallel_32.dynamic.elf /home/alessandro.detoffoli/matrix/5_huge.mtx':

   400,817,709,377      cycles:u                                                    
   931,720,769,411      instructions:u            #    2.32  insn per cycle         
   187,888,806,964      L1-dcache-loads:u                                           
     2,918,147,897      L1-dcache-load-misses:u   #    1.55% of all L1-dcache hits  
       440,826,152      LLC-loads:u                                                 
       168,909,727      LLC-load-misses:u         #   38.32% of all LL-cache hits   

     150.374169833 seconds time elapsed

     115.066366000 seconds user
      34.943314000 seconds sys



 Performance counter stats for './parallel_32.dynamic.elf /home/alessandro.detoffoli/matrix/1_little.mtx':

    30,213,888,756      cycles:u                                                    
    70,572,162,975      instructions:u            #    2.34  insn per cycle         
    14,520,309,584      L1-dcache-loads:u                                           
       203,412,590      L1-dcache-load-misses:u   #    1.40% of all L1-dcache hits  
        28,337,413      LLC-loads:u                                                 
        10,422,055      LLC-load-misses:u         #   36.78% of all LL-cache hits   

      10.424393930 seconds time elapsed

       8.057684000 seconds user
       2.336399000 seconds sys



 Performance counter stats for './parallel_32.dynamic.elf /home/alessandro.detoffoli/matrix/2_small.mtx':

    59,130,219,600      cycles:u                                                    
   140,605,334,448      instructions:u            #    2.38  insn per cycle         
    28,703,447,898      L1-dcache-loads:u                                           
       416,882,947      L1-dcache-load-misses:u   #    1.45% of all L1-dcache hits  
        59,106,561      LLC-loads:u                                                 
        22,263,967      LLC-load-misses:u         #   37.67% of all LL-cache hits   

      21.114604486 seconds time elapsed

      17.263851000 seconds user
       3.749937000 seconds sys



 Performance counter stats for './parallel_32.dynamic.elf /home/alessandro.detoffoli/matrix/3_medium.mtx':

   116,891,894,428      cycles:u                                                    
   271,850,214,285      instructions:u            #    2.33  insn per cycle         
    55,390,815,244      L1-dcache-loads:u                                           
       827,305,692      L1-dcache-load-misses:u   #    1.49% of all L1-dcache hits  
       112,246,695      LLC-loads:u                                                 
        43,369,968      LLC-load-misses:u         #   38.64% of all LL-cache hits   

      38.164915498 seconds time elapsed

      30.798317000 seconds user
       7.274069000 seconds sys



 Performance counter stats for './parallel_32.dynamic.elf /home/alessandro.detoffoli/matrix/4_big.mtx':

   213,674,459,931      cycles:u                                                    
   514,865,203,807      instructions:u            #    2.41  insn per cycle         
   104,659,627,092      L1-dcache-loads:u                                           
     1,600,093,574      L1-dcache-load-misses:u   #    1.53% of all L1-dcache hits  
       239,818,176      LLC-loads:u                                                 
        90,061,596      LLC-load-misses:u         #   37.55% of all LL-cache hits   

      77.535767200 seconds time elapsed

      63.309714000 seconds user
      14.033009000 seconds sys



 Performance counter stats for './parallel_32.dynamic.elf /home/alessandro.detoffoli/matrix/5_huge.mtx':

   431,550,925,970      cycles:u                                                    
   931,727,182,187      instructions:u            #    2.16  insn per cycle         
   187,890,448,003      L1-dcache-loads:u                                           
     2,829,576,789      L1-dcache-load-misses:u   #    1.51% of all L1-dcache hits  
       374,798,439      LLC-loads:u                                                 
       164,778,486      LLC-load-misses:u         #   43.96% of all LL-cache hits   

     161.325901061 seconds time elapsed

     116.650917000 seconds user
      44.267036000 seconds sys



 Performance counter stats for './parallel_32.dynamic.elf /home/alessandro.detoffoli/matrix/1_little.mtx':

    29,984,797,076      cycles:u                                                    
    70,572,367,901      instructions:u            #    2.35  insn per cycle         
    14,520,309,827      L1-dcache-loads:u                                           
       205,571,707      L1-dcache-load-misses:u   #    1.42% of all L1-dcache hits  
        27,743,122      LLC-loads:u                                                 
        10,519,584      LLC-load-misses:u         #   37.92% of all LL-cache hits   

      10.395329207 seconds time elapsed

       7.889841000 seconds user
       2.454315000 seconds sys



 Performance counter stats for './parallel_32.dynamic.elf /home/alessandro.detoffoli/matrix/2_small.mtx':

    61,104,366,701      cycles:u                                                    
   140,605,671,085      instructions:u            #    2.30  insn per cycle         
    28,703,596,029      L1-dcache-loads:u                                           
       417,325,578      L1-dcache-load-misses:u   #    1.45% of all L1-dcache hits  
        55,371,042      LLC-loads:u                                                 
        22,332,757      LLC-load-misses:u         #   40.33% of all LL-cache hits   

      20.686383373 seconds time elapsed

      16.271217000 seconds user
       4.312123000 seconds sys



 Performance counter stats for './parallel_32.dynamic.elf /home/alessandro.detoffoli/matrix/3_medium.mtx':

   114,238,493,469      cycles:u                                                    
   271,850,460,988      instructions:u            #    2.38  insn per cycle         
    55,390,854,547      L1-dcache-loads:u                                           
       821,023,525      L1-dcache-load-misses:u   #    1.48% of all L1-dcache hits  
       124,424,665      LLC-loads:u                                                 
        46,342,202      LLC-load-misses:u         #   37.25% of all LL-cache hits   

      42.102164616 seconds time elapsed

      34.117072000 seconds user
       7.856157000 seconds sys



 Performance counter stats for './parallel_32.dynamic.elf /home/alessandro.detoffoli/matrix/4_big.mtx':

   222,951,433,320      cycles:u                                                    
   514,869,549,079      instructions:u            #    2.31  insn per cycle         
   104,660,599,129      L1-dcache-loads:u                                           
     1,590,292,588      L1-dcache-load-misses:u   #    1.52% of all L1-dcache hits  
       231,372,379      LLC-loads:u                                                 
        90,419,371      LLC-load-misses:u         #   39.08% of all LL-cache hits   

      79.432582815 seconds time elapsed

      58.922825000 seconds user
      20.314478000 seconds sys



 Performance counter stats for './parallel_32.dynamic.elf /home/alessandro.detoffoli/matrix/5_huge.mtx':

   458,213,244,098      cycles:u                                                    
   931,728,377,458      instructions:u            #    2.03  insn per cycle         
   187,890,379,395      L1-dcache-loads:u                                           
     2,889,078,172      L1-dcache-load-misses:u   #    1.54% of all L1-dcache hits  
       403,190,375      LLC-loads:u                                                 
       169,354,456      LLC-load-misses:u         #   42.00% of all LL-cache hits   

     168.816926387 seconds time elapsed

     123.221225000 seconds user
      45.186124000 seconds sys



 Performance counter stats for './parallel_32.dynamic.elf /home/alessandro.detoffoli/matrix/1_little.mtx':

    30,159,245,993      cycles:u                                                    
    70,572,262,299      instructions:u            #    2.34  insn per cycle         
    14,520,281,223      L1-dcache-loads:u                                           
       202,433,980      L1-dcache-load-misses:u   #    1.39% of all L1-dcache hits  
        27,842,902      LLC-loads:u                                                 
        10,960,078      LLC-load-misses:u         #   39.36% of all LL-cache hits   

      10.597360886 seconds time elapsed

       7.993290000 seconds user
       2.571693000 seconds sys



 Performance counter stats for './parallel_32.dynamic.elf /home/alessandro.detoffoli/matrix/2_small.mtx':

    59,672,986,290      cycles:u                                                    
   140,605,436,604      instructions:u            #    2.36  insn per cycle         
    28,703,460,074      L1-dcache-loads:u                                           
       410,644,429      L1-dcache-load-misses:u   #    1.43% of all L1-dcache hits  
        56,717,536      LLC-loads:u                                                 
        22,912,105      LLC-load-misses:u         #   40.40% of all LL-cache hits   

      19.660098890 seconds time elapsed

      15.736511000 seconds user
       3.874403000 seconds sys



 Performance counter stats for './parallel_32.dynamic.elf /home/alessandro.detoffoli/matrix/3_medium.mtx':

   114,173,699,363      cycles:u                                                    
   271,850,190,273      instructions:u            #    2.38  insn per cycle         
    55,390,710,345      L1-dcache-loads:u                                           
       824,137,265      L1-dcache-load-misses:u   #    1.49% of all L1-dcache hits  
       123,171,160      LLC-loads:u                                                 
        46,166,233      LLC-load-misses:u         #   37.48% of all LL-cache hits   

      40.267395017 seconds time elapsed

      33.254012000 seconds user
       6.915264000 seconds sys



 Performance counter stats for './parallel_32.dynamic.elf /home/alessandro.detoffoli/matrix/4_big.mtx':

   217,352,130,361      cycles:u                                                    
   514,866,884,478      instructions:u            #    2.37  insn per cycle         
   104,660,112,576      L1-dcache-loads:u                                           
     1,601,007,824      L1-dcache-load-misses:u   #    1.53% of all L1-dcache hits  
       238,640,850      LLC-loads:u                                                 
        90,320,912      LLC-load-misses:u         #   37.85% of all LL-cache hits   

      79.531929497 seconds time elapsed

      62.410952000 seconds user
      16.921005000 seconds sys



 Performance counter stats for './parallel_32.dynamic.elf /home/alessandro.detoffoli/matrix/5_huge.mtx':

   390,551,085,404      cycles:u                                                    
   931,718,302,057      instructions:u            #    2.39  insn per cycle         
   187,887,870,947      L1-dcache-loads:u                                           
     2,904,748,887      L1-dcache-load-misses:u   #    1.55% of all L1-dcache hits  
       445,696,664      LLC-loads:u                                                 
       171,308,862      LLC-load-misses:u         #   38.44% of all LL-cache hits   

     139.917069381 seconds time elapsed

     113.403513000 seconds user
      26.178342000 seconds sys



 Performance counter stats for './parallel_32.dynamic.elf /home/alessandro.detoffoli/matrix/1_little.mtx':

    28,524,971,045      cycles:u                                                    
    70,572,027,801      instructions:u            #    2.47  insn per cycle         
    14,520,186,782      L1-dcache-loads:u                                           
       205,798,668      L1-dcache-load-misses:u   #    1.42% of all L1-dcache hits  
        31,054,830      LLC-loads:u                                                 
        11,116,887      LLC-load-misses:u         #   35.80% of all LL-cache hits   

      11.179509973 seconds time elapsed

       9.242041000 seconds user
       1.828655000 seconds sys



 Performance counter stats for './parallel_32.dynamic.elf /home/alessandro.detoffoli/matrix/2_small.mtx':

    58,300,717,618      cycles:u                                                    
   140,605,034,254      instructions:u            #    2.41  insn per cycle         
    28,703,414,592      L1-dcache-loads:u                                           
       413,315,149      L1-dcache-load-misses:u   #    1.44% of all L1-dcache hits  
        60,204,421      LLC-loads:u                                                 
        22,478,910      LLC-load-misses:u         #   37.34% of all LL-cache hits   

      19.546415417 seconds time elapsed

      16.195896000 seconds user
       3.301789000 seconds sys



 Performance counter stats for './parallel_32.dynamic.elf /home/alessandro.detoffoli/matrix/3_medium.mtx':

   120,148,659,796      cycles:u                                                    
   271,852,913,598      instructions:u            #    2.26  insn per cycle         
    55,391,385,313      L1-dcache-loads:u                                           
       803,607,283      L1-dcache-load-misses:u   #    1.45% of all L1-dcache hits  
       113,136,015      LLC-loads:u                                                 
        51,970,559      LLC-load-misses:u         #   45.94% of all LL-cache hits   

      45.014694660 seconds time elapsed

      33.699994000 seconds user
      11.205397000 seconds sys



 Performance counter stats for './parallel_32.dynamic.elf /home/alessandro.detoffoli/matrix/4_big.mtx':

   213,831,929,934      cycles:u                                                    
   514,864,724,478      instructions:u            #    2.41  insn per cycle         
   104,659,487,529      L1-dcache-loads:u                                           
     1,593,156,669      L1-dcache-load-misses:u   #    1.52% of all L1-dcache hits  
       237,742,391      LLC-loads:u                                                 
        88,584,638      LLC-load-misses:u         #   37.26% of all LL-cache hits   

      76.317344027 seconds time elapsed

      62.606744000 seconds user
      13.526185000 seconds sys



 Performance counter stats for './parallel_32.dynamic.elf /home/alessandro.detoffoli/matrix/5_huge.mtx':

   403,905,307,927      cycles:u                                                    
   931,718,835,336      instructions:u            #    2.31  insn per cycle         
   187,887,597,407      L1-dcache-loads:u                                           
     2,905,897,105      L1-dcache-load-misses:u   #    1.55% of all L1-dcache hits  
       403,484,409      LLC-loads:u                                                 
       164,103,837      LLC-load-misses:u         #   40.67% of all LL-cache hits   

     146.490670560 seconds time elapsed

     119.018172000 seconds user
      27.122934000 seconds sys



 Performance counter stats for './parallel_32.dynamic.elf /home/alessandro.detoffoli/matrix/1_little.mtx':

    29,095,732,448      cycles:u                                                    
    70,572,083,294      instructions:u            #    2.43  insn per cycle         
    14,520,213,694      L1-dcache-loads:u                                           
       204,624,087      L1-dcache-load-misses:u   #    1.41% of all L1-dcache hits  
        30,504,308      LLC-loads:u                                                 
        11,243,598      LLC-load-misses:u         #   36.86% of all LL-cache hits   

      10.692023727 seconds time elapsed

       8.715574000 seconds user
       1.931473000 seconds sys



 Performance counter stats for './parallel_32.dynamic.elf /home/alessandro.detoffoli/matrix/2_small.mtx':

    59,520,075,713      cycles:u                                                    
   140,605,335,297      instructions:u            #    2.36  insn per cycle         
    28,703,564,064      L1-dcache-loads:u                                           
       418,724,578      L1-dcache-load-misses:u   #    1.46% of all L1-dcache hits  
        58,822,014      LLC-loads:u                                                 
        23,352,052      LLC-load-misses:u         #   39.70% of all LL-cache hits   

      20.541753229 seconds time elapsed

      16.297703000 seconds user
       4.142984000 seconds sys



 Performance counter stats for './parallel_32.dynamic.elf /home/alessandro.detoffoli/matrix/3_medium.mtx':

   113,682,908,436      cycles:u                                                    
   271,850,228,934      instructions:u            #    2.39  insn per cycle         
    55,390,756,741      L1-dcache-loads:u                                           
       821,558,556      L1-dcache-load-misses:u   #    1.48% of all L1-dcache hits  
       119,960,439      LLC-loads:u                                                 
        45,045,809      LLC-load-misses:u         #   37.55% of all LL-cache hits   

      41.606564207 seconds time elapsed

      33.827152000 seconds user
       7.666902000 seconds sys



 Performance counter stats for './parallel_32.dynamic.elf /home/alessandro.detoffoli/matrix/4_big.mtx':

   216,518,354,312      cycles:u                                                    
   514,865,262,094      instructions:u            #    2.38  insn per cycle         
   104,659,303,832      L1-dcache-loads:u                                           
     1,597,382,510      L1-dcache-load-misses:u   #    1.53% of all L1-dcache hits  
       236,610,539      LLC-loads:u                                                 
        90,395,788      LLC-load-misses:u         #   38.20% of all LL-cache hits   

      77.938508524 seconds time elapsed

      62.164955000 seconds user
      15.578899000 seconds sys



 Performance counter stats for './parallel_32.dynamic.elf /home/alessandro.detoffoli/matrix/5_huge.mtx':

   400,002,868,233      cycles:u                                                    
   931,720,420,262      instructions:u            #    2.33  insn per cycle         
   187,888,255,164      L1-dcache-loads:u                                           
     2,886,118,611      L1-dcache-load-misses:u   #    1.54% of all L1-dcache hits  
       411,041,456      LLC-loads:u                                                 
       166,959,661      LLC-load-misses:u         #   40.62% of all LL-cache hits   

     150.403887349 seconds time elapsed

     116.862402000 seconds user
      33.141707000 seconds sys



 Performance counter stats for './parallel_32.dynamic.elf /home/alessandro.detoffoli/matrix/1_little.mtx':

    30,694,596,231      cycles:u                                                    
    70,572,439,606      instructions:u            #    2.30  insn per cycle         
    14,520,388,474      L1-dcache-loads:u                                           
       196,976,957      L1-dcache-load-misses:u   #    1.36% of all L1-dcache hits  
        27,927,607      LLC-loads:u                                                 
        12,710,622      LLC-load-misses:u         #   45.51% of all LL-cache hits   

      11.829371094 seconds time elapsed

       8.487214000 seconds user
       3.286949000 seconds sys



 Performance counter stats for './parallel_32.dynamic.elf /home/alessandro.detoffoli/matrix/2_small.mtx':

    59,341,371,015      cycles:u                                                    
   140,605,479,687      instructions:u            #    2.37  insn per cycle         
    28,703,452,891      L1-dcache-loads:u                                           
       414,158,593      L1-dcache-load-misses:u   #    1.44% of all L1-dcache hits  
        57,600,132      LLC-loads:u                                                 
        24,517,802      LLC-load-misses:u         #   42.57% of all LL-cache hits   

      20.318426947 seconds time elapsed

      16.328777000 seconds user
       3.901676000 seconds sys



 Performance counter stats for './parallel_32.dynamic.elf /home/alessandro.detoffoli/matrix/3_medium.mtx':

   113,514,006,849      cycles:u                                                    
   271,850,437,185      instructions:u            #    2.39  insn per cycle         
    55,390,754,818      L1-dcache-loads:u                                           
       820,668,325      L1-dcache-load-misses:u   #    1.48% of all L1-dcache hits  
       119,971,943      LLC-loads:u                                                 
        45,819,263      LLC-load-misses:u         #   38.19% of all LL-cache hits   

      41.979719587 seconds time elapsed

      34.444508000 seconds user
       7.429774000 seconds sys



 Performance counter stats for './parallel_32.dynamic.elf /home/alessandro.detoffoli/matrix/4_big.mtx':

   217,041,127,484      cycles:u                                                    
   514,867,173,659      instructions:u            #    2.37  insn per cycle         
   104,659,583,112      L1-dcache-loads:u                                           
     1,596,954,715      L1-dcache-load-misses:u   #    1.53% of all L1-dcache hits  
       244,945,831      LLC-loads:u                                                 
        96,068,841      LLC-load-misses:u         #   39.22% of all LL-cache hits   

      78.245595531 seconds time elapsed

      62.237140000 seconds user
      15.807947000 seconds sys



 Performance counter stats for './parallel_32.dynamic.elf /home/alessandro.detoffoli/matrix/5_huge.mtx':

   404,865,378,297      cycles:u                                                    
   931,726,163,731      instructions:u            #    2.30  insn per cycle         
   187,888,744,952      L1-dcache-loads:u                                           
     2,887,436,815      L1-dcache-load-misses:u   #    1.54% of all L1-dcache hits  
       452,596,665      LLC-loads:u                                                 
       179,158,555      LLC-load-misses:u         #   39.58% of all LL-cache hits   

     147.840078505 seconds time elapsed

     112.169056000 seconds user
      35.312042000 seconds sys


