
 Performance counter stats for './parallel_8.guided.elf /home/alessandro.detoffoli/matrix/1_little.mtx':

    31,337,271,734      cycles:u                                                    
    70,558,462,851      instructions:u            #    2.25  insn per cycle         
    14,501,422,945      L1-dcache-loads:u                                           
       226,201,760      L1-dcache-load-misses:u   #    1.56% of all L1-dcache hits  
        26,124,140      LLC-loads:u                                                 
         7,787,887      LLC-load-misses:u         #   29.81% of all LL-cache hits   

      10.420971734 seconds time elapsed

       8.824782000 seconds user
       1.565059000 seconds sys



 Performance counter stats for './parallel_8.guided.elf /home/alessandro.detoffoli/matrix/2_small.mtx':

    64,307,507,932      cycles:u                                                    
   140,578,358,978      instructions:u            #    2.19  insn per cycle         
    28,666,484,402      L1-dcache-loads:u                                           
       454,327,585      L1-dcache-load-misses:u   #    1.58% of all L1-dcache hits  
        51,518,760      LLC-loads:u                                                 
        16,565,167      LLC-load-misses:u         #   32.15% of all LL-cache hits   

      22.085204867 seconds time elapsed

      18.482804000 seconds user
       3.538689000 seconds sys



 Performance counter stats for './parallel_8.guided.elf /home/alessandro.detoffoli/matrix/3_medium.mtx':

   125,951,627,629      cycles:u                                                    
   271,798,159,460      instructions:u            #    2.16  insn per cycle         
    55,319,565,557      L1-dcache-loads:u                                           
       898,051,951      L1-dcache-load-misses:u   #    1.62% of all L1-dcache hits  
       101,057,882      LLC-loads:u                                                 
        35,503,643      LLC-load-misses:u         #   35.13% of all LL-cache hits   

      42.345886029 seconds time elapsed

      35.985941000 seconds user
       6.251875000 seconds sys



 Performance counter stats for './parallel_8.guided.elf /home/alessandro.detoffoli/matrix/4_big.mtx':

   226,777,305,087      cycles:u                                                    
   514,766,329,202      instructions:u            #    2.27  insn per cycle         
   104,524,851,922      L1-dcache-loads:u                                           
     1,749,379,897      L1-dcache-load-misses:u   #    1.67% of all L1-dcache hits  
       223,703,994      LLC-loads:u                                                 
        71,303,271      LLC-load-misses:u         #   31.87% of all LL-cache hits   

      73.472044148 seconds time elapsed

      64.127685000 seconds user
       9.161367000 seconds sys



 Performance counter stats for './parallel_8.guided.elf /home/alessandro.detoffoli/matrix/5_huge.mtx':

   425,177,382,089      cycles:u                                                    
   931,545,154,314      instructions:u            #    2.19  insn per cycle         
   187,649,181,476      L1-dcache-loads:u                                           
     3,136,677,962      L1-dcache-load-misses:u   #    1.67% of all L1-dcache hits  
       399,686,940      LLC-loads:u                                                 
       137,218,037      LLC-load-misses:u         #   34.33% of all LL-cache hits   

     141.448717695 seconds time elapsed

     120.219414000 seconds user
      20.769143000 seconds sys



 Performance counter stats for './parallel_8.guided.elf /home/alessandro.detoffoli/matrix/1_little.mtx':

    31,361,560,354      cycles:u                                                    
    70,558,348,809      instructions:u            #    2.25  insn per cycle         
    14,501,377,625      L1-dcache-loads:u                                           
       227,197,135      L1-dcache-load-misses:u   #    1.57% of all L1-dcache hits  
        26,082,841      LLC-loads:u                                                 
         8,167,759      LLC-load-misses:u         #   31.31% of all LL-cache hits   

      10.254686590 seconds time elapsed

       8.848893000 seconds user
       1.377018000 seconds sys



 Performance counter stats for './parallel_8.guided.elf /home/alessandro.detoffoli/matrix/2_small.mtx':

    63,835,201,502      cycles:u                                                    
   140,578,189,272      instructions:u            #    2.20  insn per cycle         
    28,666,421,140      L1-dcache-loads:u                                           
       452,992,110      L1-dcache-load-misses:u   #    1.58% of all L1-dcache hits  
        51,435,381      LLC-loads:u                                                 
        17,121,093      LLC-load-misses:u         #   33.29% of all LL-cache hits   

      21.179530565 seconds time elapsed

      18.066623000 seconds user
       3.058825000 seconds sys



 Performance counter stats for './parallel_8.guided.elf /home/alessandro.detoffoli/matrix/3_medium.mtx':

   124,528,207,437      cycles:u                                                    
   271,798,396,860      instructions:u            #    2.18  insn per cycle         
    55,319,495,451      L1-dcache-loads:u                                           
       895,591,928      L1-dcache-load-misses:u   #    1.62% of all L1-dcache hits  
       105,698,628      LLC-loads:u                                                 
        35,485,348      LLC-load-misses:u         #   33.57% of all LL-cache hits   

      41.097378782 seconds time elapsed

      35.287050000 seconds user
       5.705426000 seconds sys



 Performance counter stats for './parallel_8.guided.elf /home/alessandro.detoffoli/matrix/4_big.mtx':

   233,842,771,976      cycles:u                                                    
   514,767,648,254      instructions:u            #    2.20  insn per cycle         
   104,525,195,000      L1-dcache-loads:u                                           
     1,738,634,719      L1-dcache-load-misses:u   #    1.66% of all L1-dcache hits  
       209,495,772      LLC-loads:u                                                 
        71,384,631      LLC-load-misses:u         #   34.07% of all LL-cache hits   

      77.828407105 seconds time elapsed

      66.203368000 seconds user
      11.426972000 seconds sys



 Performance counter stats for './parallel_8.guided.elf /home/alessandro.detoffoli/matrix/5_huge.mtx':

   414,646,109,011      cycles:u                                                    
   931,543,008,181      instructions:u            #    2.25  insn per cycle         
   187,648,509,808      L1-dcache-loads:u                                           
     3,168,395,062      L1-dcache-load-misses:u   #    1.69% of all L1-dcache hits  
       394,475,264      LLC-loads:u                                                 
       131,008,604      LLC-load-misses:u         #   33.21% of all LL-cache hits   

     133.014934872 seconds time elapsed

     116.626985000 seconds user
      16.051461000 seconds sys



 Performance counter stats for './parallel_8.guided.elf /home/alessandro.detoffoli/matrix/1_little.mtx':

    31,563,224,299      cycles:u                                                    
    70,558,367,302      instructions:u            #    2.24  insn per cycle         
    14,501,424,668      L1-dcache-loads:u                                           
       223,555,822      L1-dcache-load-misses:u   #    1.54% of all L1-dcache hits  
        26,005,841      LLC-loads:u                                                 
         8,066,023      LLC-load-misses:u         #   31.02% of all LL-cache hits   

      10.479388210 seconds time elapsed

       8.915443000 seconds user
       1.532895000 seconds sys



 Performance counter stats for './parallel_8.guided.elf /home/alessandro.detoffoli/matrix/2_small.mtx':

    64,680,530,030      cycles:u                                                    
   140,578,345,649      instructions:u            #    2.17  insn per cycle         
    28,666,488,904      L1-dcache-loads:u                                           
       452,203,740      L1-dcache-load-misses:u   #    1.58% of all L1-dcache hits  
        51,199,534      LLC-loads:u                                                 
        18,378,601      LLC-load-misses:u         #   35.90% of all LL-cache hits   

      21.787585441 seconds time elapsed

      18.440064000 seconds user
       3.276557000 seconds sys



 Performance counter stats for './parallel_8.guided.elf /home/alessandro.detoffoli/matrix/3_medium.mtx':

   124,898,864,074      cycles:u                                                    
   271,798,252,538      instructions:u            #    2.18  insn per cycle         
    55,319,581,698      L1-dcache-loads:u                                           
       898,813,922      L1-dcache-load-misses:u   #    1.62% of all L1-dcache hits  
       101,956,818      LLC-loads:u                                                 
        36,952,151      LLC-load-misses:u         #   36.24% of all LL-cache hits   

      41.519703141 seconds time elapsed

      35.437620000 seconds user
       5.965291000 seconds sys



 Performance counter stats for './parallel_8.guided.elf /home/alessandro.detoffoli/matrix/4_big.mtx':

   235,544,018,681      cycles:u                                                    
   514,767,593,224      instructions:u            #    2.19  insn per cycle         
   104,525,087,800      L1-dcache-loads:u                                           
     1,739,957,265      L1-dcache-load-misses:u   #    1.66% of all L1-dcache hits  
       206,312,231      LLC-loads:u                                                 
        68,585,415      LLC-load-misses:u         #   33.24% of all LL-cache hits   

      78.291171825 seconds time elapsed

      66.622410000 seconds user
      11.455387000 seconds sys



 Performance counter stats for './parallel_8.guided.elf /home/alessandro.detoffoli/matrix/5_huge.mtx':

   431,226,604,532      cycles:u                                                    
   931,545,424,043      instructions:u            #    2.16  insn per cycle         
   187,649,189,951      L1-dcache-loads:u                                           
     3,164,859,544      L1-dcache-load-misses:u   #    1.69% of all L1-dcache hits  
       374,888,059      LLC-loads:u                                                 
       133,553,460      LLC-load-misses:u         #   35.62% of all LL-cache hits   

     143.925777654 seconds time elapsed

     122.053689000 seconds user
      21.514725000 seconds sys



 Performance counter stats for './parallel_8.guided.elf /home/alessandro.detoffoli/matrix/1_little.mtx':

    31,406,150,111      cycles:u                                                    
    70,558,412,324      instructions:u            #    2.25  insn per cycle         
    14,501,442,767      L1-dcache-loads:u                                           
       223,512,297      L1-dcache-load-misses:u   #    1.54% of all L1-dcache hits  
        26,510,899      LLC-loads:u                                                 
         7,888,366      LLC-load-misses:u         #   29.76% of all LL-cache hits   

      10.848197135 seconds time elapsed

       9.157129000 seconds user
       1.661293000 seconds sys



 Performance counter stats for './parallel_8.guided.elf /home/alessandro.detoffoli/matrix/2_small.mtx':

    62,274,809,838      cycles:u                                                    
   140,578,273,231      instructions:u            #    2.26  insn per cycle         
    28,666,379,261      L1-dcache-loads:u                                           
       458,387,174      L1-dcache-load-misses:u   #    1.60% of all L1-dcache hits  
        55,117,290      LLC-loads:u                                                 
        18,472,382      LLC-load-misses:u         #   33.51% of all LL-cache hits   

      20.482223853 seconds time elapsed

      17.819750000 seconds user
       2.610663000 seconds sys



 Performance counter stats for './parallel_8.guided.elf /home/alessandro.detoffoli/matrix/3_medium.mtx':

   124,287,018,405      cycles:u                                                    
   271,798,325,704      instructions:u            #    2.19  insn per cycle         
    55,319,501,874      L1-dcache-loads:u                                           
       897,855,151      L1-dcache-load-misses:u   #    1.62% of all L1-dcache hits  
       103,461,283      LLC-loads:u                                                 
        35,899,378      LLC-load-misses:u         #   34.70% of all LL-cache hits   

      41.071408546 seconds time elapsed

      35.278203000 seconds user
       5.691481000 seconds sys



 Performance counter stats for './parallel_8.guided.elf /home/alessandro.detoffoli/matrix/4_big.mtx':

   236,952,900,385      cycles:u                                                    
   514,767,623,794      instructions:u            #    2.17  insn per cycle         
   104,525,118,720      L1-dcache-loads:u                                           
     1,725,303,176      L1-dcache-load-misses:u   #    1.65% of all L1-dcache hits  
       198,113,183      LLC-loads:u                                                 
        69,906,827      LLC-load-misses:u         #   35.29% of all LL-cache hits   

      80.257055107 seconds time elapsed

      67.718095000 seconds user
      12.286081000 seconds sys



 Performance counter stats for './parallel_8.guided.elf /home/alessandro.detoffoli/matrix/5_huge.mtx':

   428,009,141,619      cycles:u                                                    
   931,545,139,647      instructions:u            #    2.18  insn per cycle         
   187,648,972,503      L1-dcache-loads:u                                           
     3,184,266,325      L1-dcache-load-misses:u   #    1.70% of all L1-dcache hits  
       387,419,763      LLC-loads:u                                                 
       136,996,456      LLC-load-misses:u         #   35.36% of all LL-cache hits   

     140.900946095 seconds time elapsed

     120.901741000 seconds user
      19.652493000 seconds sys



 Performance counter stats for './parallel_8.guided.elf /home/alessandro.detoffoli/matrix/1_little.mtx':

    31,143,180,653      cycles:u                                                    
    70,558,472,478      instructions:u            #    2.27  insn per cycle         
    14,501,422,097      L1-dcache-loads:u                                           
       224,768,029      L1-dcache-load-misses:u   #    1.55% of all L1-dcache hits  
        26,295,860      LLC-loads:u                                                 
         8,531,152      LLC-load-misses:u         #   32.44% of all LL-cache hits   

      10.365870622 seconds time elapsed

       8.817665000 seconds user
       1.520296000 seconds sys



 Performance counter stats for './parallel_8.guided.elf /home/alessandro.detoffoli/matrix/2_small.mtx':

    64,177,245,060      cycles:u                                                    
   140,578,277,579      instructions:u            #    2.19  insn per cycle         
    28,666,476,751      L1-dcache-loads:u                                           
       452,387,553      L1-dcache-load-misses:u   #    1.58% of all L1-dcache hits  
        52,297,671      LLC-loads:u                                                 
        17,866,592      LLC-load-misses:u         #   34.16% of all LL-cache hits   

      21.666799798 seconds time elapsed

      18.226832000 seconds user
       3.384797000 seconds sys



 Performance counter stats for './parallel_8.guided.elf /home/alessandro.detoffoli/matrix/3_medium.mtx':

   124,835,557,000      cycles:u                                                    
   271,798,441,103      instructions:u            #    2.18  insn per cycle         
    55,319,459,554      L1-dcache-loads:u                                           
       897,505,144      L1-dcache-load-misses:u   #    1.62% of all L1-dcache hits  
       102,243,781      LLC-loads:u                                                 
        37,368,460      LLC-load-misses:u         #   36.55% of all LL-cache hits   

      41.222057174 seconds time elapsed

      35.300573000 seconds user
       5.805523000 seconds sys



 Performance counter stats for './parallel_8.guided.elf /home/alessandro.detoffoli/matrix/4_big.mtx':

   235,281,515,864      cycles:u                                                    
   514,767,625,460      instructions:u            #    2.19  insn per cycle         
   104,525,047,733      L1-dcache-loads:u                                           
     1,741,887,405      L1-dcache-load-misses:u   #    1.67% of all L1-dcache hits  
       205,448,448      LLC-loads:u                                                 
        70,374,685      LLC-load-misses:u         #   34.25% of all LL-cache hits   

      78.714214211 seconds time elapsed

      66.655007000 seconds user
      11.857166000 seconds sys



 Performance counter stats for './parallel_8.guided.elf /home/alessandro.detoffoli/matrix/5_huge.mtx':

   429,937,713,736      cycles:u                                                    
   931,545,275,620      instructions:u            #    2.17  insn per cycle         
   187,649,166,797      L1-dcache-loads:u                                           
     3,174,695,891      L1-dcache-load-misses:u   #    1.69% of all L1-dcache hits  
       381,695,547      LLC-loads:u                                                 
       136,688,138      LLC-load-misses:u         #   35.81% of all LL-cache hits   

     143.363925668 seconds time elapsed

     122.000909000 seconds user
      21.003991000 seconds sys



 Performance counter stats for './parallel_8.guided.elf /home/alessandro.detoffoli/matrix/1_little.mtx':

    32,040,078,473      cycles:u                                                    
    70,558,487,713      instructions:u            #    2.20  insn per cycle         
    14,501,426,854      L1-dcache-loads:u                                           
       224,878,561      L1-dcache-load-misses:u   #    1.55% of all L1-dcache hits  
        24,891,233      LLC-loads:u                                                 
         8,352,461      LLC-load-misses:u         #   33.56% of all LL-cache hits   

      10.615319596 seconds time elapsed

       8.982459000 seconds user
       1.586148000 seconds sys



 Performance counter stats for './parallel_8.guided.elf /home/alessandro.detoffoli/matrix/2_small.mtx':

    65,042,856,143      cycles:u                                                    
   140,578,357,033      instructions:u            #    2.16  insn per cycle         
    28,666,439,245      L1-dcache-loads:u                                           
       454,093,241      L1-dcache-load-misses:u   #    1.58% of all L1-dcache hits  
        52,508,899      LLC-loads:u                                                 
        17,227,101      LLC-load-misses:u         #   32.81% of all LL-cache hits   

      21.718006336 seconds time elapsed

      18.426148000 seconds user
       3.230102000 seconds sys



 Performance counter stats for './parallel_8.guided.elf /home/alessandro.detoffoli/matrix/3_medium.mtx':

   120,884,552,397      cycles:u                                                    
   271,797,757,696      instructions:u            #    2.25  insn per cycle         
    55,319,360,634      L1-dcache-loads:u                                           
       900,349,530      L1-dcache-load-misses:u   #    1.63% of all L1-dcache hits  
       111,929,431      LLC-loads:u                                                 
        35,873,422      LLC-load-misses:u         #   32.05% of all LL-cache hits   

      39.188065077 seconds time elapsed

      33.966264000 seconds user
       5.116687000 seconds sys



 Performance counter stats for './parallel_8.guided.elf /home/alessandro.detoffoli/matrix/4_big.mtx':

   236,351,111,962      cycles:u                                                    
   514,767,547,050      instructions:u            #    2.18  insn per cycle         
   104,525,194,235      L1-dcache-loads:u                                           
     1,731,920,194      L1-dcache-load-misses:u   #    1.66% of all L1-dcache hits  
       201,557,332      LLC-loads:u                                                 
        68,623,743      LLC-load-misses:u         #   34.05% of all LL-cache hits   

      78.154112130 seconds time elapsed

      66.624474000 seconds user
      11.322301000 seconds sys



 Performance counter stats for './parallel_8.guided.elf /home/alessandro.detoffoli/matrix/5_huge.mtx':

   425,140,130,655      cycles:u                                                    
   931,545,126,232      instructions:u            #    2.19  insn per cycle         
   187,649,008,320      L1-dcache-loads:u                                           
     3,164,223,006      L1-dcache-load-misses:u   #    1.69% of all L1-dcache hits  
       390,984,361      LLC-loads:u                                                 
       131,309,972      LLC-load-misses:u         #   33.58% of all LL-cache hits   

     140.116168740 seconds time elapsed

     119.669507000 seconds user
      20.101239000 seconds sys



 Performance counter stats for './parallel_8.guided.elf /home/alessandro.detoffoli/matrix/1_little.mtx':

    31,642,103,108      cycles:u                                                    
    70,558,354,069      instructions:u            #    2.23  insn per cycle         
    14,501,421,005      L1-dcache-loads:u                                           
       225,150,739      L1-dcache-load-misses:u   #    1.55% of all L1-dcache hits  
        24,940,638      LLC-loads:u                                                 
         8,369,493      LLC-load-misses:u         #   33.56% of all LL-cache hits   

      10.571406451 seconds time elapsed

       8.989897000 seconds user
       1.551723000 seconds sys



 Performance counter stats for './parallel_8.guided.elf /home/alessandro.detoffoli/matrix/2_small.mtx':

    63,962,269,817      cycles:u                                                    
   140,578,202,564      instructions:u            #    2.20  insn per cycle         
    28,666,462,343      L1-dcache-loads:u                                           
       452,899,219      L1-dcache-load-misses:u   #    1.58% of all L1-dcache hits  
        51,640,046      LLC-loads:u                                                 
        16,343,086      LLC-load-misses:u         #   31.65% of all LL-cache hits   

      21.287296200 seconds time elapsed

      18.040764000 seconds user
       3.170051000 seconds sys



 Performance counter stats for './parallel_8.guided.elf /home/alessandro.detoffoli/matrix/3_medium.mtx':

   120,841,430,621      cycles:u                                                    
   271,797,759,113      instructions:u            #    2.25  insn per cycle         
    55,319,313,965      L1-dcache-loads:u                                           
       906,829,099      L1-dcache-load-misses:u   #    1.64% of all L1-dcache hits  
       111,021,415      LLC-loads:u                                                 
        34,957,407      LLC-load-misses:u         #   31.49% of all LL-cache hits   

      38.741971506 seconds time elapsed

      33.950256000 seconds user
       4.691565000 seconds sys



 Performance counter stats for './parallel_8.guided.elf /home/alessandro.detoffoli/matrix/4_big.mtx':

   234,632,770,877      cycles:u                                                    
   514,767,534,658      instructions:u            #    2.19  insn per cycle         
   104,525,180,120      L1-dcache-loads:u                                           
     1,738,731,797      L1-dcache-load-misses:u   #    1.66% of all L1-dcache hits  
       210,144,003      LLC-loads:u                                                 
        70,765,963      LLC-load-misses:u         #   33.67% of all LL-cache hits   

      77.164276554 seconds time elapsed

      66.272061000 seconds user
      10.665235000 seconds sys



 Performance counter stats for './parallel_8.guided.elf /home/alessandro.detoffoli/matrix/5_huge.mtx':

   421,220,633,036      cycles:u                                                    
   931,544,397,497      instructions:u            #    2.21  insn per cycle         
   187,649,065,285      L1-dcache-loads:u                                           
     3,160,325,806      L1-dcache-load-misses:u   #    1.68% of all L1-dcache hits  
       382,662,584      LLC-loads:u                                                 
       127,073,775      LLC-load-misses:u         #   33.21% of all LL-cache hits   

     138.735890898 seconds time elapsed

     118.792872000 seconds user
      19.505511000 seconds sys



 Performance counter stats for './parallel_8.guided.elf /home/alessandro.detoffoli/matrix/1_little.mtx':

    30,466,256,872      cycles:u                                                    
    70,558,336,373      instructions:u            #    2.32  insn per cycle         
    14,501,343,464      L1-dcache-loads:u                                           
       227,704,768      L1-dcache-load-misses:u   #    1.57% of all L1-dcache hits  
        26,405,976      LLC-loads:u                                                 
         8,182,885      LLC-load-misses:u         #   30.99% of all LL-cache hits   

       9.647580777 seconds time elapsed

       8.582269000 seconds user
       1.022643000 seconds sys



 Performance counter stats for './parallel_8.guided.elf /home/alessandro.detoffoli/matrix/2_small.mtx':

    61,796,267,127      cycles:u                                                    
   140,578,296,588      instructions:u            #    2.27  insn per cycle         
    28,666,340,111      L1-dcache-loads:u                                           
       455,555,794      L1-dcache-load-misses:u   #    1.59% of all L1-dcache hits  
        55,113,835      LLC-loads:u                                                 
        17,599,346      LLC-load-misses:u         #   31.93% of all LL-cache hits   

      19.737109629 seconds time elapsed

      17.376449000 seconds user
       2.311242000 seconds sys



 Performance counter stats for './parallel_8.guided.elf /home/alessandro.detoffoli/matrix/3_medium.mtx':

   124,815,163,100      cycles:u                                                    
   271,798,404,737      instructions:u            #    2.18  insn per cycle         
    55,319,567,875      L1-dcache-loads:u                                           
       898,591,364      L1-dcache-load-misses:u   #    1.62% of all L1-dcache hits  
        98,670,046      LLC-loads:u                                                 
        34,410,273      LLC-load-misses:u         #   34.87% of all LL-cache hits   

      40.886897261 seconds time elapsed

      35.101495000 seconds user
       5.684315000 seconds sys



 Performance counter stats for './parallel_8.guided.elf /home/alessandro.detoffoli/matrix/4_big.mtx':

   237,443,531,370      cycles:u                                                    
   514,767,519,789      instructions:u            #    2.17  insn per cycle         
   104,525,202,085      L1-dcache-loads:u                                           
     1,723,894,132      L1-dcache-load-misses:u   #    1.65% of all L1-dcache hits  
       194,183,054      LLC-loads:u                                                 
        67,977,038      LLC-load-misses:u         #   35.01% of all LL-cache hits   

      79.389994499 seconds time elapsed

      67.002304000 seconds user
      12.167390000 seconds sys



 Performance counter stats for './parallel_8.guided.elf /home/alessandro.detoffoli/matrix/5_huge.mtx':

   424,178,200,656      cycles:u                                                    
   931,545,209,076      instructions:u            #    2.20  insn per cycle         
   187,649,000,383      L1-dcache-loads:u                                           
     3,175,235,809      L1-dcache-load-misses:u   #    1.69% of all L1-dcache hits  
       387,650,756      LLC-loads:u                                                 
       132,916,450      LLC-load-misses:u         #   34.29% of all LL-cache hits   

     140.901563779 seconds time elapsed

     119.828691000 seconds user
      20.709827000 seconds sys



 Performance counter stats for './parallel_8.guided.elf /home/alessandro.detoffoli/matrix/1_little.mtx':

    30,332,951,986      cycles:u                                                    
    70,558,335,118      instructions:u            #    2.33  insn per cycle         
    14,501,304,378      L1-dcache-loads:u                                           
       227,150,473      L1-dcache-load-misses:u   #    1.57% of all L1-dcache hits  
        27,399,029      LLC-loads:u                                                 
         8,038,720      LLC-load-misses:u         #   29.34% of all LL-cache hits   

       9.527184628 seconds time elapsed

       8.533344000 seconds user
       0.968655000 seconds sys



 Performance counter stats for './parallel_8.guided.elf /home/alessandro.detoffoli/matrix/2_small.mtx':

    62,323,205,948      cycles:u                                                    
   140,578,311,547      instructions:u            #    2.26  insn per cycle         
    28,666,336,700      L1-dcache-loads:u                                           
       457,721,191      L1-dcache-load-misses:u   #    1.60% of all L1-dcache hits  
        55,140,706      LLC-loads:u                                                 
        17,121,628      LLC-load-misses:u         #   31.05% of all LL-cache hits   

      20.288947476 seconds time elapsed

      17.638482000 seconds user
       2.599880000 seconds sys



 Performance counter stats for './parallel_8.guided.elf /home/alessandro.detoffoli/matrix/3_medium.mtx':

   120,848,316,373      cycles:u                                                    
   271,797,743,299      instructions:u            #    2.25  insn per cycle         
    55,319,286,214      L1-dcache-loads:u                                           
       896,496,592      L1-dcache-load-misses:u   #    1.62% of all L1-dcache hits  
       111,003,193      LLC-loads:u                                                 
        37,213,092      LLC-load-misses:u         #   33.52% of all LL-cache hits   

      38.483702765 seconds time elapsed

      33.995166000 seconds user
       4.383448000 seconds sys



 Performance counter stats for './parallel_8.guided.elf /home/alessandro.detoffoli/matrix/4_big.mtx':

   231,998,623,036      cycles:u                                                    
   514,767,453,836      instructions:u            #    2.22  insn per cycle         
   104,524,638,772      L1-dcache-loads:u                                           
     1,752,067,101      L1-dcache-load-misses:u   #    1.68% of all L1-dcache hits  
       208,493,872      LLC-loads:u                                                 
        72,328,434      LLC-load-misses:u         #   34.69% of all LL-cache hits   

      74.225602281 seconds time elapsed

      65.429095000 seconds user
       8.587137000 seconds sys



 Performance counter stats for './parallel_8.guided.elf /home/alessandro.detoffoli/matrix/5_huge.mtx':

   430,416,053,361      cycles:u                                                    
   931,545,177,535      instructions:u            #    2.16  insn per cycle         
   187,649,235,033      L1-dcache-loads:u                                           
     3,188,257,620      L1-dcache-load-misses:u   #    1.70% of all L1-dcache hits  
       381,261,861      LLC-loads:u                                                 
       131,945,333      LLC-load-misses:u         #   34.61% of all LL-cache hits   

     143.685288476 seconds time elapsed

     121.853759000 seconds user
      21.476787000 seconds sys



 Performance counter stats for './parallel_8.guided.elf /home/alessandro.detoffoli/matrix/1_little.mtx':

    31,721,061,478      cycles:u                                                    
    70,558,347,685      instructions:u            #    2.22  insn per cycle         
    14,501,424,165      L1-dcache-loads:u                                           
       224,060,958      L1-dcache-load-misses:u   #    1.55% of all L1-dcache hits  
        25,816,738      LLC-loads:u                                                 
         8,762,138      LLC-load-misses:u         #   33.94% of all LL-cache hits   

      10.514037057 seconds time elapsed

       9.033253000 seconds user
       1.449510000 seconds sys



 Performance counter stats for './parallel_8.guided.elf /home/alessandro.detoffoli/matrix/2_small.mtx':

    63,927,480,866      cycles:u                                                    
   140,578,215,353      instructions:u            #    2.20  insn per cycle         
    28,666,453,823      L1-dcache-loads:u                                           
       455,802,482      L1-dcache-load-misses:u   #    1.59% of all L1-dcache hits  
        51,128,206      LLC-loads:u                                                 
        17,001,172      LLC-load-misses:u         #   33.25% of all LL-cache hits   

      21.196267736 seconds time elapsed

      17.976166000 seconds user
       3.155296000 seconds sys



 Performance counter stats for './parallel_8.guided.elf /home/alessandro.detoffoli/matrix/3_medium.mtx':

   123,204,103,897      cycles:u                                                    
   271,798,413,128      instructions:u            #    2.21  insn per cycle         
    55,319,599,517      L1-dcache-loads:u                                           
       887,424,884      L1-dcache-load-misses:u   #    1.60% of all L1-dcache hits  
       107,153,011      LLC-loads:u                                                 
        34,652,629      LLC-load-misses:u         #   32.34% of all LL-cache hits   

      41.675384850 seconds time elapsed

      34.949906000 seconds user
       6.597126000 seconds sys



 Performance counter stats for './parallel_8.guided.elf /home/alessandro.detoffoli/matrix/4_big.mtx':

   234,759,785,902      cycles:u                                                    
   514,767,642,439      instructions:u            #    2.19  insn per cycle         
   104,525,087,042      L1-dcache-loads:u                                           
     1,733,403,149      L1-dcache-load-misses:u   #    1.66% of all L1-dcache hits  
       202,871,563      LLC-loads:u                                                 
        69,396,042      LLC-load-misses:u         #   34.21% of all LL-cache hits   

      77.291051863 seconds time elapsed

      66.205721000 seconds user
      10.884143000 seconds sys



 Performance counter stats for './parallel_8.guided.elf /home/alessandro.detoffoli/matrix/5_huge.mtx':

   425,471,869,757      cycles:u                                                    
   931,545,157,880      instructions:u            #    2.19  insn per cycle         
   187,649,082,028      L1-dcache-loads:u                                           
     3,170,022,360      L1-dcache-load-misses:u   #    1.69% of all L1-dcache hits  
       399,558,434      LLC-loads:u                                                 
       135,865,462      LLC-load-misses:u         #   34.00% of all LL-cache hits   

     141.044991467 seconds time elapsed

     120.259899000 seconds user
      20.439560000 seconds sys


