
 Performance counter stats for './parallel_simd_8.static.elf /home/alessandro.detoffoli/matrix/1_little.mtx':

    29,092,746,317      cycles:u                                                    
    70,558,347,722      instructions:u            #    2.43  insn per cycle         
    14,501,304,164      L1-dcache-loads:u                                           
       228,492,276      L1-dcache-load-misses:u   #    1.58% of all L1-dcache hits  
        25,607,345      LLC-loads:u                                                 
        12,239,260      LLC-load-misses:u         #   47.80% of all LL-cache hits   

      12.527273739 seconds time elapsed

      10.921060000 seconds user
       1.068018000 seconds sys



 Performance counter stats for './parallel_simd_8.static.elf /home/alessandro.detoffoli/matrix/2_small.mtx':

    58,114,680,239      cycles:u                                                    
   140,577,949,687      instructions:u            #    2.42  insn per cycle         
    28,666,237,209      L1-dcache-loads:u                                           
       461,788,736      L1-dcache-load-misses:u   #    1.61% of all L1-dcache hits  
        52,236,701      LLC-loads:u                                                 
        22,958,316      LLC-load-misses:u         #   43.95% of all LL-cache hits   

      22.902852668 seconds time elapsed

      20.577672000 seconds user
       1.958115000 seconds sys



 Performance counter stats for './parallel_simd_8.static.elf /home/alessandro.detoffoli/matrix/3_medium.mtx':

   114,273,535,004      cycles:u                                                    
   271,798,297,994      instructions:u            #    2.38  insn per cycle         
    55,319,467,344      L1-dcache-loads:u                                           
       892,482,988      L1-dcache-load-misses:u   #    1.61% of all L1-dcache hits  
       116,206,992      LLC-loads:u                                                 
        37,839,666      LLC-load-misses:u         #   32.56% of all LL-cache hits   

      43.221008529 seconds time elapsed

      37.072412000 seconds user
       6.023606000 seconds sys



 Performance counter stats for './parallel_simd_8.static.elf /home/alessandro.detoffoli/matrix/4_big.mtx':

   224,923,888,886      cycles:u                                                    
   514,766,817,169      instructions:u            #    2.29  insn per cycle         
   104,524,452,528      L1-dcache-loads:u                                           
     1,745,302,813      L1-dcache-load-misses:u   #    1.67% of all L1-dcache hits  
       193,085,554      LLC-loads:u                                                 
        93,295,293      LLC-load-misses:u         #   48.32% of all LL-cache hits   

     109.472215688 seconds time elapsed

      80.156977000 seconds user
       9.293950000 seconds sys



 Performance counter stats for './parallel_simd_8.static.elf /home/alessandro.detoffoli/matrix/5_huge.mtx':

   386,468,147,003      cycles:u                                                    
   931,542,417,836      instructions:u            #    2.41  insn per cycle         
   187,647,818,724      L1-dcache-loads:u                                           
     3,187,892,012      L1-dcache-load-misses:u   #    1.70% of all L1-dcache hits  
       433,201,961      LLC-loads:u                                                 
       161,486,717      LLC-load-misses:u         #   37.28% of all LL-cache hits   

     161.544781816 seconds time elapsed

     132.924061000 seconds user
      12.646467000 seconds sys



 Performance counter stats for './parallel_simd_8.static.elf /home/alessandro.detoffoli/matrix/1_little.mtx':

    31,214,158,532      cycles:u                                                    
    70,558,337,382      instructions:u            #    2.26  insn per cycle         
    14,501,318,408      L1-dcache-loads:u                                           
       228,727,255      L1-dcache-load-misses:u   #    1.58% of all L1-dcache hits  
        23,523,835      LLC-loads:u                                                 
        12,954,279      LLC-load-misses:u         #   55.07% of all LL-cache hits   

      21.799850961 seconds time elapsed

      11.984530000 seconds user
       1.472134000 seconds sys



 Performance counter stats for './parallel_simd_8.static.elf /home/alessandro.detoffoli/matrix/2_small.mtx':

    60,170,328,224      cycles:u                                                    
   140,577,983,575      instructions:u            #    2.34  insn per cycle         
    28,666,259,409      L1-dcache-loads:u                                           
       458,583,534      L1-dcache-load-misses:u   #    1.60% of all L1-dcache hits  
        50,487,915      LLC-loads:u                                                 
        25,245,076      LLC-load-misses:u         #   50.00% of all LL-cache hits   

      30.688895627 seconds time elapsed

      22.435657000 seconds user
       2.473479000 seconds sys



 Performance counter stats for './parallel_simd_8.static.elf /home/alessandro.detoffoli/matrix/3_medium.mtx':

   114,755,621,853      cycles:u                                                    
   271,797,672,418      instructions:u            #    2.37  insn per cycle         
    55,319,152,739      L1-dcache-loads:u                                           
       903,913,333      L1-dcache-load-misses:u   #    1.63% of all L1-dcache hits  
       105,690,312      LLC-loads:u                                                 
        49,714,139      LLC-load-misses:u         #   47.04% of all LL-cache hits   

      52.536194338 seconds time elapsed

      42.431573000 seconds user
       4.432086000 seconds sys



 Performance counter stats for './parallel_simd_8.static.elf /home/alessandro.detoffoli/matrix/4_big.mtx':

   211,987,426,298      cycles:u                                                    
   514,765,778,007      instructions:u            #    2.43  insn per cycle         
   104,524,365,323      L1-dcache-loads:u                                           
     1,736,911,910      L1-dcache-load-misses:u   #    1.66% of all L1-dcache hits  
       219,534,887      LLC-loads:u                                                 
        88,661,394      LLC-load-misses:u         #   40.39% of all LL-cache hits   

      80.996488483 seconds time elapsed

      72.659435000 seconds user
       6.714666000 seconds sys



 Performance counter stats for './parallel_simd_8.static.elf /home/alessandro.detoffoli/matrix/5_huge.mtx':

   407,343,582,740      cycles:u                                                    
   931,542,699,137      instructions:u            #    2.29  insn per cycle         
   187,647,894,704      L1-dcache-loads:u                                           
     3,206,312,350      L1-dcache-load-misses:u   #    1.71% of all L1-dcache hits  
       361,296,705      LLC-loads:u                                                 
       172,177,546      LLC-load-misses:u         #   47.66% of all LL-cache hits   

     193.042622190 seconds time elapsed

     145.451223000 seconds user
      14.426982000 seconds sys



 Performance counter stats for './parallel_simd_8.static.elf /home/alessandro.detoffoli/matrix/1_little.mtx':

    29,626,039,067      cycles:u                                                    
    70,558,329,033      instructions:u            #    2.38  insn per cycle         
    14,501,322,402      L1-dcache-loads:u                                           
       227,115,483      L1-dcache-load-misses:u   #    1.57% of all L1-dcache hits  
        25,617,512      LLC-loads:u                                                 
        12,352,032      LLC-load-misses:u         #   48.22% of all LL-cache hits   

      13.705787654 seconds time elapsed

      11.107989000 seconds user
       1.346513000 seconds sys



 Performance counter stats for './parallel_simd_8.static.elf /home/alessandro.detoffoli/matrix/2_small.mtx':

    57,981,534,039      cycles:u                                                    
   140,577,902,099      instructions:u            #    2.42  insn per cycle         
    28,666,259,453      L1-dcache-loads:u                                           
       456,966,278      L1-dcache-load-misses:u   #    1.59% of all L1-dcache hits  
        54,260,958      LLC-loads:u                                                 
        20,109,975      LLC-load-misses:u         #   37.06% of all LL-cache hits   

      21.192858472 seconds time elapsed

      19.126676000 seconds user
       2.005055000 seconds sys



 Performance counter stats for './parallel_simd_8.static.elf /home/alessandro.detoffoli/matrix/3_medium.mtx':

   111,378,467,770      cycles:u                                                    
   271,797,680,390      instructions:u            #    2.44  insn per cycle         
    55,319,134,020      L1-dcache-loads:u                                           
       901,414,291      L1-dcache-load-misses:u   #    1.63% of all L1-dcache hits  
       116,729,721      LLC-loads:u                                                 
        36,718,346      LLC-load-misses:u         #   31.46% of all LL-cache hits   

      38.004007655 seconds time elapsed

      34.407856000 seconds user
       3.503940000 seconds sys



 Performance counter stats for './parallel_simd_8.static.elf /home/alessandro.detoffoli/matrix/4_big.mtx':

   229,924,623,413      cycles:u                                                    
   514,766,226,721      instructions:u            #    2.24  insn per cycle         
   104,524,520,426      L1-dcache-loads:u                                           
     1,735,669,363      L1-dcache-load-misses:u   #    1.66% of all L1-dcache hits  
       187,269,215      LLC-loads:u                                                 
        92,428,611      LLC-load-misses:u         #   49.36% of all LL-cache hits   

     117.154836796 seconds time elapsed

      79.110561000 seconds user
       9.186253000 seconds sys



 Performance counter stats for './parallel_simd_8.static.elf /home/alessandro.detoffoli/matrix/5_huge.mtx':

   407,893,039,607      cycles:u                                                    
   931,544,632,579      instructions:u            #    2.28  insn per cycle         
   187,647,988,541      L1-dcache-loads:u                                           
     3,206,666,151      L1-dcache-load-misses:u   #    1.71% of all L1-dcache hits  
       416,278,449      LLC-loads:u                                                 
       175,335,622      LLC-load-misses:u         #   42.12% of all LL-cache hits   

     188.723868897 seconds time elapsed

     141.919126000 seconds user
      16.714527000 seconds sys



 Performance counter stats for './parallel_simd_8.static.elf /home/alessandro.detoffoli/matrix/1_little.mtx':

    30,998,990,294      cycles:u                                                    
    70,558,368,008      instructions:u            #    2.28  insn per cycle         
    14,501,320,736      L1-dcache-loads:u                                           
       226,909,192      L1-dcache-load-misses:u   #    1.56% of all L1-dcache hits  
        23,611,472      LLC-loads:u                                                 
        12,923,050      LLC-load-misses:u         #   54.73% of all LL-cache hits   

      16.970804188 seconds time elapsed

      11.767088000 seconds user
       1.494835000 seconds sys



 Performance counter stats for './parallel_simd_8.static.elf /home/alessandro.detoffoli/matrix/2_small.mtx':

    62,354,942,080      cycles:u                                                    
   140,578,004,233      instructions:u            #    2.25  insn per cycle         
    28,666,290,304      L1-dcache-loads:u                                           
       459,943,602      L1-dcache-load-misses:u   #    1.60% of all L1-dcache hits  
        47,896,017      LLC-loads:u                                                 
        25,215,942      LLC-load-misses:u         #   52.65% of all LL-cache hits   

      35.180095957 seconds time elapsed

      23.616893000 seconds user
       2.971192000 seconds sys



 Performance counter stats for './parallel_simd_8.static.elf /home/alessandro.detoffoli/matrix/3_medium.mtx':

   114,710,145,127      cycles:u                                                    
   271,797,612,121      instructions:u            #    2.37  insn per cycle         
    55,319,132,059      L1-dcache-loads:u                                           
       903,175,285      L1-dcache-load-misses:u   #    1.63% of all L1-dcache hits  
       106,565,157      LLC-loads:u                                                 
        49,419,760      LLC-load-misses:u         #   46.38% of all LL-cache hits   

      56.941308057 seconds time elapsed

      43.295415000 seconds user
       4.331735000 seconds sys



 Performance counter stats for './parallel_simd_8.static.elf /home/alessandro.detoffoli/matrix/4_big.mtx':

   209,970,791,853      cycles:u                                                    
   514,765,818,600      instructions:u            #    2.45  insn per cycle         
   104,524,357,733      L1-dcache-loads:u                                           
     1,746,017,768      L1-dcache-load-misses:u   #    1.67% of all L1-dcache hits  
       231,936,240      LLC-loads:u                                                 
        74,951,105      LLC-load-misses:u         #   32.32% of all LL-cache hits   

      75.597208765 seconds time elapsed

      69.007280000 seconds user
       6.390375000 seconds sys



 Performance counter stats for './parallel_simd_8.static.elf /home/alessandro.detoffoli/matrix/5_huge.mtx':

   399,001,162,760      cycles:u                                                    
   931,542,592,129      instructions:u            #    2.33  insn per cycle         
   187,647,836,484      L1-dcache-loads:u                                           
     3,184,121,088      L1-dcache-load-misses:u   #    1.70% of all L1-dcache hits  
       369,456,463      LLC-loads:u                                                 
       171,693,606      LLC-load-misses:u         #   46.47% of all LL-cache hits   

     196.840111927 seconds time elapsed

     144.885105000 seconds user
      14.405042000 seconds sys



 Performance counter stats for './parallel_simd_8.static.elf /home/alessandro.detoffoli/matrix/1_little.mtx':

    30,217,050,723      cycles:u                                                    
    70,558,337,554      instructions:u            #    2.34  insn per cycle         
    14,501,315,736      L1-dcache-loads:u                                           
       227,108,095      L1-dcache-load-misses:u   #    1.57% of all L1-dcache hits  
        26,545,409      LLC-loads:u                                                 
        10,364,762      LLC-load-misses:u         #   39.05% of all LL-cache hits   

      10.996401704 seconds time elapsed

       9.775961000 seconds user
       1.185085000 seconds sys



 Performance counter stats for './parallel_simd_8.static.elf /home/alessandro.detoffoli/matrix/2_small.mtx':

    60,086,606,160      cycles:u                                                    
   140,578,276,871      instructions:u            #    2.34  insn per cycle         
    28,666,522,833      L1-dcache-loads:u                                           
       451,722,405      L1-dcache-load-misses:u   #    1.58% of all L1-dcache hits  
        53,858,350      LLC-loads:u                                                 
        17,149,882      LLC-load-misses:u         #   31.84% of all LL-cache hits   

      22.790558451 seconds time elapsed

      18.980375000 seconds user
       3.747327000 seconds sys



 Performance counter stats for './parallel_simd_8.static.elf /home/alessandro.detoffoli/matrix/3_medium.mtx':

   121,301,436,071      cycles:u                                                    
   271,798,434,485      instructions:u            #    2.24  insn per cycle         
    55,319,423,528      L1-dcache-loads:u                                           
       893,938,078      L1-dcache-load-misses:u   #    1.62% of all L1-dcache hits  
        96,500,290      LLC-loads:u                                                 
        47,591,049      LLC-load-misses:u         #   49.32% of all LL-cache hits   

      58.998118137 seconds time elapsed

      41.577262000 seconds user
       6.984876000 seconds sys



 Performance counter stats for './parallel_simd_8.static.elf /home/alessandro.detoffoli/matrix/4_big.mtx':

   231,590,010,271      cycles:u                                                    
   514,765,782,606      instructions:u            #    2.22  insn per cycle         
   104,524,375,655      L1-dcache-loads:u                                           
     1,742,745,442      L1-dcache-load-misses:u   #    1.67% of all L1-dcache hits  
       186,889,067      LLC-loads:u                                                 
        94,824,270      LLC-load-misses:u         #   50.74% of all LL-cache hits   

     139.841512053 seconds time elapsed

      86.922240000 seconds user
       8.282974000 seconds sys



 Performance counter stats for './parallel_simd_8.static.elf /home/alessandro.detoffoli/matrix/5_huge.mtx':

   415,445,930,170      cycles:u                                                    
   931,545,016,736      instructions:u            #    2.24  insn per cycle         
   187,649,412,993      L1-dcache-loads:u                                           
     3,166,192,041      L1-dcache-load-misses:u   #    1.69% of all L1-dcache hits  
       382,829,470      LLC-loads:u                                                 
       153,549,670      LLC-load-misses:u         #   40.11% of all LL-cache hits   

     186.608841591 seconds time elapsed

     141.036283000 seconds user
      25.158566000 seconds sys



 Performance counter stats for './parallel_simd_8.static.elf /home/alessandro.detoffoli/matrix/1_little.mtx':

    33,334,928,290      cycles:u                                                    
    70,558,343,996      instructions:u            #    2.12  insn per cycle         
    14,501,345,640      L1-dcache-loads:u                                           
       226,494,006      L1-dcache-load-misses:u   #    1.56% of all L1-dcache hits  
        23,493,242      LLC-loads:u                                                 
        12,977,750      LLC-load-misses:u         #   55.24% of all LL-cache hits   

      21.688666850 seconds time elapsed

      12.371073000 seconds user
       1.831421000 seconds sys



 Performance counter stats for './parallel_simd_8.static.elf /home/alessandro.detoffoli/matrix/2_small.mtx':

    63,109,265,685      cycles:u                                                    
   140,577,904,930      instructions:u            #    2.23  insn per cycle         
    28,666,240,699      L1-dcache-loads:u                                           
       459,801,720      L1-dcache-load-misses:u   #    1.60% of all L1-dcache hits  
        46,869,778      LLC-loads:u                                                 
        25,608,546      LLC-load-misses:u         #   54.64% of all LL-cache hits   

      37.928380933 seconds time elapsed

      23.688667000 seconds user
       2.418292000 seconds sys



 Performance counter stats for './parallel_simd_8.static.elf /home/alessandro.detoffoli/matrix/3_medium.mtx':

   122,585,206,010      cycles:u                                                    
   271,797,662,359      instructions:u            #    2.22  insn per cycle         
    55,319,133,467      L1-dcache-loads:u                                           
       900,870,318      L1-dcache-load-misses:u   #    1.63% of all L1-dcache hits  
        90,421,493      LLC-loads:u                                                 
        47,533,022      LLC-load-misses:u         #   52.57% of all LL-cache hits   

      65.329219269 seconds time elapsed

      46.187259000 seconds user
       4.410089000 seconds sys



 Performance counter stats for './parallel_simd_8.static.elf /home/alessandro.detoffoli/matrix/4_big.mtx':

   210,230,193,482      cycles:u                                                    
   514,766,788,672      instructions:u            #    2.45  insn per cycle         
   104,524,361,988      L1-dcache-loads:u                                           
     1,743,319,474      L1-dcache-load-misses:u   #    1.67% of all L1-dcache hits  
       236,033,526      LLC-loads:u                                                 
        75,101,654      LLC-load-misses:u         #   31.82% of all LL-cache hits   

      76.057683611 seconds time elapsed

      69.156786000 seconds user
       6.709873000 seconds sys



 Performance counter stats for './parallel_simd_8.static.elf /home/alessandro.detoffoli/matrix/5_huge.mtx':

   412,898,047,598      cycles:u                                                    
   931,543,271,862      instructions:u            #    2.26  insn per cycle         
   187,648,867,180      L1-dcache-loads:u                                           
     3,172,026,060      L1-dcache-load-misses:u   #    1.69% of all L1-dcache hits  
       356,170,971      LLC-loads:u                                                 
       163,122,623      LLC-load-misses:u         #   45.80% of all LL-cache hits   

     219.516745362 seconds time elapsed

     147.911805000 seconds user
      20.540176000 seconds sys



 Performance counter stats for './parallel_simd_8.static.elf /home/alessandro.detoffoli/matrix/1_little.mtx':

    30,021,021,241      cycles:u                                                    
    70,558,339,805      instructions:u            #    2.35  insn per cycle         
    14,501,391,463      L1-dcache-loads:u                                           
       223,983,727      L1-dcache-load-misses:u   #    1.54% of all L1-dcache hits  
        26,537,485      LLC-loads:u                                                 
         9,713,683      LLC-load-misses:u         #   36.60% of all LL-cache hits   

      11.053735392 seconds time elapsed

       9.412198000 seconds user
       1.595304000 seconds sys



 Performance counter stats for './parallel_simd_8.static.elf /home/alessandro.detoffoli/matrix/2_small.mtx':

    57,972,044,344      cycles:u                                                    
   140,577,981,416      instructions:u            #    2.42  insn per cycle         
    28,666,316,892      L1-dcache-loads:u                                           
       452,675,630      L1-dcache-load-misses:u   #    1.58% of all L1-dcache hits  
        57,218,016      LLC-loads:u                                                 
        17,807,485      LLC-load-misses:u         #   31.12% of all LL-cache hits   

      20.551238935 seconds time elapsed

      18.004520000 seconds user
       2.493977000 seconds sys



 Performance counter stats for './parallel_simd_8.static.elf /home/alessandro.detoffoli/matrix/3_medium.mtx':

   118,787,424,536      cycles:u                                                    
   271,797,820,533      instructions:u            #    2.29  insn per cycle         
    55,319,144,825      L1-dcache-loads:u                                           
       904,414,156      L1-dcache-load-misses:u   #    1.63% of all L1-dcache hits  
        96,263,852      LLC-loads:u                                                 
        47,908,331      LLC-load-misses:u         #   49.77% of all LL-cache hits   

      50.560212427 seconds time elapsed

      40.436760000 seconds user
       4.084259000 seconds sys



 Performance counter stats for './parallel_simd_8.static.elf /home/alessandro.detoffoli/matrix/4_big.mtx':

   224,301,983,886      cycles:u                                                    
   514,766,408,889      instructions:u            #    2.29  insn per cycle         
   104,524,455,146      L1-dcache-loads:u                                           
     1,748,793,842      L1-dcache-load-misses:u   #    1.67% of all L1-dcache hits  
       194,808,244      LLC-loads:u                                                 
        95,560,640      LLC-load-misses:u         #   49.05% of all LL-cache hits   

     117.634905695 seconds time elapsed

      85.023987000 seconds user
       9.498600000 seconds sys



 Performance counter stats for './parallel_simd_8.static.elf /home/alessandro.detoffoli/matrix/5_huge.mtx':

   406,714,627,132      cycles:u                                                    
   931,541,789,019      instructions:u            #    2.29  insn per cycle         
   187,647,798,401      L1-dcache-loads:u                                           
     3,176,035,971      L1-dcache-load-misses:u   #    1.69% of all L1-dcache hits  
       363,949,700      LLC-loads:u                                                 
       177,527,414      LLC-load-misses:u         #   48.78% of all LL-cache hits   

     165.354944735 seconds time elapsed

     139.070727000 seconds user
      11.446123000 seconds sys



 Performance counter stats for './parallel_simd_8.static.elf /home/alessandro.detoffoli/matrix/1_little.mtx':

    31,541,478,232      cycles:u                                                    
    70,558,341,830      instructions:u            #    2.24  insn per cycle         
    14,501,327,049      L1-dcache-loads:u                                           
       228,198,892      L1-dcache-load-misses:u   #    1.57% of all L1-dcache hits  
        23,214,840      LLC-loads:u                                                 
        13,034,332      LLC-load-misses:u         #   56.15% of all LL-cache hits   

      18.077358483 seconds time elapsed

      11.889868000 seconds user
       1.652444000 seconds sys



 Performance counter stats for './parallel_simd_8.static.elf /home/alessandro.detoffoli/matrix/2_small.mtx':

    62,299,959,560      cycles:u                                                    
   140,577,902,881      instructions:u            #    2.26  insn per cycle         
    28,666,242,005      L1-dcache-loads:u                                           
       458,299,683      L1-dcache-load-misses:u   #    1.60% of all L1-dcache hits  
        47,186,338      LLC-loads:u                                                 
        25,341,844      LLC-load-misses:u         #   53.71% of all LL-cache hits   

      37.213146404 seconds time elapsed

      23.463945000 seconds user
       2.455830000 seconds sys



 Performance counter stats for './parallel_simd_8.static.elf /home/alessandro.detoffoli/matrix/3_medium.mtx':

   116,834,777,524      cycles:u                                                    
   271,797,679,670      instructions:u            #    2.33  insn per cycle         
    55,319,144,965      L1-dcache-loads:u                                           
       903,118,049      L1-dcache-load-misses:u   #    1.63% of all L1-dcache hits  
       101,384,579      LLC-loads:u                                                 
        49,399,846      LLC-load-misses:u         #   48.73% of all LL-cache hits   

      57.669753682 seconds time elapsed

      44.308221000 seconds user
       4.424492000 seconds sys



 Performance counter stats for './parallel_simd_8.static.elf /home/alessandro.detoffoli/matrix/4_big.mtx':

   211,915,447,180      cycles:u                                                    
   514,765,922,166      instructions:u            #    2.43  insn per cycle         
   104,524,360,541      L1-dcache-loads:u                                           
     1,750,980,395      L1-dcache-load-misses:u   #    1.68% of all L1-dcache hits  
       217,002,149      LLC-loads:u                                                 
        87,346,477      LLC-load-misses:u         #   40.25% of all LL-cache hits   

      75.937829337 seconds time elapsed

      69.482160000 seconds user
       6.265601000 seconds sys



 Performance counter stats for './parallel_simd_8.static.elf /home/alessandro.detoffoli/matrix/5_huge.mtx':

   424,671,364,216      cycles:u                                                    
   931,543,039,023      instructions:u            #    2.19  insn per cycle         
   187,648,270,034      L1-dcache-loads:u                                           
     3,194,417,723      L1-dcache-load-misses:u   #    1.70% of all L1-dcache hits  
       349,169,993      LLC-loads:u                                                 
       167,045,373      LLC-load-misses:u         #   47.84% of all LL-cache hits   

     220.421920598 seconds time elapsed

     150.053169000 seconds user
      19.352756000 seconds sys



 Performance counter stats for './parallel_simd_8.static.elf /home/alessandro.detoffoli/matrix/1_little.mtx':

    29,177,397,887      cycles:u                                                    
    70,558,358,678      instructions:u            #    2.42  insn per cycle         
    14,501,334,064      L1-dcache-loads:u                                           
       225,530,767      L1-dcache-load-misses:u   #    1.56% of all L1-dcache hits  
        26,546,500      LLC-loads:u                                                 
        11,110,998      LLC-load-misses:u         #   41.85% of all LL-cache hits   

      10.560725880 seconds time elapsed

       9.293468000 seconds user
       1.209068000 seconds sys



 Performance counter stats for './parallel_simd_8.static.elf /home/alessandro.detoffoli/matrix/2_small.mtx':

    58,212,253,158      cycles:u                                                    
   140,577,983,786      instructions:u            #    2.41  insn per cycle         
    28,666,243,666      L1-dcache-loads:u                                           
       457,908,479      L1-dcache-load-misses:u   #    1.60% of all L1-dcache hits  
        53,885,909      LLC-loads:u                                                 
        22,538,670      LLC-load-misses:u         #   41.83% of all LL-cache hits   

      20.468837957 seconds time elapsed

      18.704188000 seconds user
       1.713985000 seconds sys



 Performance counter stats for './parallel_simd_8.static.elf /home/alessandro.detoffoli/matrix/3_medium.mtx':

   113,411,534,247      cycles:u                                                    
   271,797,567,854      instructions:u            #    2.40  insn per cycle         
    55,319,148,778      L1-dcache-loads:u                                           
       904,444,691      L1-dcache-load-misses:u   #    1.63% of all L1-dcache hits  
       109,757,501      LLC-loads:u                                                 
        44,327,644      LLC-load-misses:u         #   40.39% of all LL-cache hits   

      40.137363669 seconds time elapsed

      36.388952000 seconds user
       3.392790000 seconds sys



 Performance counter stats for './parallel_simd_8.static.elf /home/alessandro.detoffoli/matrix/4_big.mtx':

   231,240,818,515      cycles:u                                                    
   514,766,153,173      instructions:u            #    2.23  insn per cycle         
   104,524,462,667      L1-dcache-loads:u                                           
     1,740,830,911      L1-dcache-load-misses:u   #    1.67% of all L1-dcache hits  
       187,451,794      LLC-loads:u                                                 
        95,334,059      LLC-load-misses:u         #   50.86% of all LL-cache hits   

     138.217980471 seconds time elapsed

      87.321859000 seconds user
      10.011183000 seconds sys



 Performance counter stats for './parallel_simd_8.static.elf /home/alessandro.detoffoli/matrix/5_huge.mtx':

   397,470,169,475      cycles:u                                                    
   931,542,753,745      instructions:u            #    2.34  insn per cycle         
   187,647,834,985      L1-dcache-loads:u                                           
     3,203,783,728      L1-dcache-load-misses:u   #    1.71% of all L1-dcache hits  
       395,592,309      LLC-loads:u                                                 
       172,753,532      LLC-load-misses:u         #   43.67% of all LL-cache hits   

     160.787299097 seconds time elapsed

     133.622348000 seconds user
      12.115341000 seconds sys



 Performance counter stats for './parallel_simd_8.static.elf /home/alessandro.detoffoli/matrix/1_little.mtx':

    31,701,895,748      cycles:u                                                    
    70,558,377,026      instructions:u            #    2.23  insn per cycle         
    14,501,374,333      L1-dcache-loads:u                                           
       227,556,320      L1-dcache-load-misses:u   #    1.57% of all L1-dcache hits  
        23,629,663      LLC-loads:u                                                 
        12,836,238      LLC-load-misses:u         #   54.32% of all LL-cache hits   

      19.133088134 seconds time elapsed

      11.827797000 seconds user
       1.976563000 seconds sys



 Performance counter stats for './parallel_simd_8.static.elf /home/alessandro.detoffoli/matrix/2_small.mtx':

    60,974,034,887      cycles:u                                                    
   140,578,057,333      instructions:u            #    2.31  insn per cycle         
    28,666,269,266      L1-dcache-loads:u                                           
       457,355,846      L1-dcache-load-misses:u   #    1.60% of all L1-dcache hits  
        50,051,502      LLC-loads:u                                                 
        25,785,389      LLC-load-misses:u         #   51.52% of all LL-cache hits   

      33.442815485 seconds time elapsed

      23.587907000 seconds user
       2.818093000 seconds sys



 Performance counter stats for './parallel_simd_8.static.elf /home/alessandro.detoffoli/matrix/3_medium.mtx':

   115,686,775,634      cycles:u                                                    
   271,797,718,341      instructions:u            #    2.35  insn per cycle         
    55,319,168,296      L1-dcache-loads:u                                           
       900,275,212      L1-dcache-load-misses:u   #    1.63% of all L1-dcache hits  
       106,834,217      LLC-loads:u                                                 
        48,948,584      LLC-load-misses:u         #   45.82% of all LL-cache hits   

      55.163661909 seconds time elapsed

      43.348007000 seconds user
       5.092370000 seconds sys



 Performance counter stats for './parallel_simd_8.static.elf /home/alessandro.detoffoli/matrix/4_big.mtx':

   215,721,480,296      cycles:u                                                    
   514,767,273,453      instructions:u            #    2.39  insn per cycle         
   104,524,571,795      L1-dcache-loads:u                                           
     1,743,262,518      L1-dcache-load-misses:u   #    1.67% of all L1-dcache hits  
       227,624,020      LLC-loads:u                                                 
        82,653,262      LLC-load-misses:u         #   36.31% of all LL-cache hits   

      82.524024140 seconds time elapsed

      68.932300000 seconds user
       8.350504000 seconds sys



 Performance counter stats for './parallel_simd_8.static.elf /home/alessandro.detoffoli/matrix/5_huge.mtx':

   389,432,541,835      cycles:u                                                    
   931,542,580,116      instructions:u            #    2.39  insn per cycle         
   187,647,833,920      L1-dcache-loads:u                                           
     3,190,929,771      L1-dcache-load-misses:u   #    1.70% of all L1-dcache hits  
       421,606,098      LLC-loads:u                                                 
       164,782,966      LLC-load-misses:u         #   39.08% of all LL-cache hits   

     194.333091380 seconds time elapsed

     142.128947000 seconds user
      14.536050000 seconds sys


