
 Performance counter stats for './parallel_simd_32.dynamic.elf /home/alessandro.detoffoli/matrix/1_little.mtx':

    29,361,632,191      cycles:u                                                    
    70,559,165,189      instructions:u            #    2.40  insn per cycle         
    14,501,251,792      L1-dcache-loads:u                                           
       210,869,406      L1-dcache-load-misses:u   #    1.45% of all L1-dcache hits  
        27,920,162      LLC-loads:u                                                 
        11,703,000      LLC-load-misses:u         #   41.92% of all LL-cache hits   

      11.190999421 seconds time elapsed

       8.844238000 seconds user
       2.313829000 seconds sys



 Performance counter stats for './parallel_simd_32.dynamic.elf /home/alessandro.detoffoli/matrix/2_small.mtx':

    61,942,149,744      cycles:u                                                    
   140,580,595,559      instructions:u            #    2.27  insn per cycle         
    28,666,185,698      L1-dcache-loads:u                                           
       428,761,712      L1-dcache-load-misses:u   #    1.50% of all L1-dcache hits  
        55,561,828      LLC-loads:u                                                 
        24,745,237      LLC-load-misses:u         #   44.54% of all LL-cache hits   

      23.786950300 seconds time elapsed

      18.639451000 seconds user
       5.087344000 seconds sys



 Performance counter stats for './parallel_simd_32.dynamic.elf /home/alessandro.detoffoli/matrix/3_medium.mtx':

   114,996,234,315      cycles:u                                                    
   271,801,876,758      instructions:u            #    2.36  insn per cycle         
    55,319,083,206      L1-dcache-loads:u                                           
       834,374,291      L1-dcache-load-misses:u   #    1.51% of all L1-dcache hits  
       116,909,520      LLC-loads:u                                                 
        50,667,972      LLC-load-misses:u         #   43.34% of all LL-cache hits   

      44.023878726 seconds time elapsed

      34.726321000 seconds user
       9.183870000 seconds sys



 Performance counter stats for './parallel_simd_32.dynamic.elf /home/alessandro.detoffoli/matrix/4_big.mtx':

   220,982,539,476      cycles:u                                                    
   514,776,349,605      instructions:u            #    2.33  insn per cycle         
   104,524,683,456      L1-dcache-loads:u                                           
     1,607,559,871      L1-dcache-load-misses:u   #    1.54% of all L1-dcache hits  
       227,233,671      LLC-loads:u                                                 
        99,711,776      LLC-load-misses:u         #   43.88% of all LL-cache hits   

      87.399956646 seconds time elapsed

      66.841198000 seconds user
      20.341641000 seconds sys



 Performance counter stats for './parallel_simd_32.dynamic.elf /home/alessandro.detoffoli/matrix/5_huge.mtx':

   376,061,895,577      cycles:u                                                    
   931,557,129,172      instructions:u            #    2.48  insn per cycle         
   187,648,344,700      L1-dcache-loads:u                                           
     2,975,143,920      L1-dcache-load-misses:u   #    1.59% of all L1-dcache hits  
       458,085,775      LLC-loads:u                                                 
       191,666,982      LLC-load-misses:u         #   41.84% of all LL-cache hits   

     142.829967690 seconds time elapsed

     111.997398000 seconds user
      30.486972000 seconds sys



 Performance counter stats for './parallel_simd_32.dynamic.elf /home/alessandro.detoffoli/matrix/1_little.mtx':

    28,589,760,650      cycles:u                                                    
    70,559,052,556      instructions:u            #    2.47  insn per cycle         
    14,501,250,216      L1-dcache-loads:u                                           
       209,346,414      L1-dcache-load-misses:u   #    1.44% of all L1-dcache hits  
        28,589,953      LLC-loads:u                                                 
        11,489,932      LLC-load-misses:u         #   40.19% of all LL-cache hits   

      10.354275729 seconds time elapsed

       8.200090000 seconds user
       2.123362000 seconds sys



 Performance counter stats for './parallel_simd_32.dynamic.elf /home/alessandro.detoffoli/matrix/2_small.mtx':

    57,227,844,151      cycles:u                                                    
   140,579,720,767      instructions:u            #    2.46  insn per cycle         
    28,666,182,655      L1-dcache-loads:u                                           
       421,446,545      L1-dcache-load-misses:u   #    1.47% of all L1-dcache hits  
        60,273,545      LLC-loads:u                                                 
        24,377,024      LLC-load-misses:u         #   40.44% of all LL-cache hits   

      21.478618975 seconds time elapsed

      16.983595000 seconds user
       4.408032000 seconds sys



 Performance counter stats for './parallel_simd_32.dynamic.elf /home/alessandro.detoffoli/matrix/3_medium.mtx':

   110,347,282,738      cycles:u                                                    
   271,801,076,033      instructions:u            #    2.46  insn per cycle         
    55,319,069,592      L1-dcache-loads:u                                           
       830,512,542      L1-dcache-load-misses:u   #    1.50% of all L1-dcache hits  
       120,586,395      LLC-loads:u                                                 
        49,550,012      LLC-load-misses:u         #   41.09% of all LL-cache hits   

      39.248024097 seconds time elapsed

      31.616480000 seconds user
       7.535968000 seconds sys



 Performance counter stats for './parallel_simd_32.dynamic.elf /home/alessandro.detoffoli/matrix/4_big.mtx':

   207,719,700,244      cycles:u                                                    
   514,772,702,592      instructions:u            #    2.48  insn per cycle         
   104,524,304,482      L1-dcache-loads:u                                           
     1,608,284,034      L1-dcache-load-misses:u   #    1.54% of all L1-dcache hits  
       244,346,487      LLC-loads:u                                                 
       100,531,813      LLC-load-misses:u         #   41.14% of all LL-cache hits   

      75.596553991 seconds time elapsed

      61.054007000 seconds user
      14.359657000 seconds sys



 Performance counter stats for './parallel_simd_32.dynamic.elf /home/alessandro.detoffoli/matrix/5_huge.mtx':

   393,886,544,139      cycles:u                                                    
   931,560,584,941      instructions:u            #    2.37  insn per cycle         
   187,647,976,933      L1-dcache-loads:u                                           
     2,951,657,468      L1-dcache-load-misses:u   #    1.57% of all L1-dcache hits  
       441,163,357      LLC-loads:u                                                 
       191,644,716      LLC-load-misses:u         #   43.44% of all LL-cache hits   

     152.799512368 seconds time elapsed

     117.369139000 seconds user
      35.064986000 seconds sys



 Performance counter stats for './parallel_simd_32.dynamic.elf /home/alessandro.detoffoli/matrix/1_little.mtx':

    28,502,736,059      cycles:u                                                    
    70,559,116,735      instructions:u            #    2.48  insn per cycle         
    14,501,343,047      L1-dcache-loads:u                                           
       209,267,898      L1-dcache-load-misses:u   #    1.44% of all L1-dcache hits  
        29,102,258      LLC-loads:u                                                 
        11,620,872      LLC-load-misses:u         #   39.93% of all LL-cache hits   

      11.210795113 seconds time elapsed

       8.616975000 seconds user
       2.563043000 seconds sys



 Performance counter stats for './parallel_simd_32.dynamic.elf /home/alessandro.detoffoli/matrix/2_small.mtx':

    57,048,762,716      cycles:u                                                    
   140,579,646,987      instructions:u            #    2.46  insn per cycle         
    28,666,182,402      L1-dcache-loads:u                                           
       421,982,756      L1-dcache-load-misses:u   #    1.47% of all L1-dcache hits  
        61,427,556      LLC-loads:u                                                 
        25,334,392      LLC-load-misses:u         #   41.24% of all LL-cache hits   

      21.136918791 seconds time elapsed

      16.845350000 seconds user
       4.239768000 seconds sys



 Performance counter stats for './parallel_simd_32.dynamic.elf /home/alessandro.detoffoli/matrix/3_medium.mtx':

   109,807,455,297      cycles:u                                                    
   271,801,096,502      instructions:u            #    2.48  insn per cycle         
    55,319,117,026      L1-dcache-loads:u                                           
       838,180,450      L1-dcache-load-misses:u   #    1.52% of all L1-dcache hits  
       123,938,694      LLC-loads:u                                                 
        48,870,829      LLC-load-misses:u         #   39.43% of all LL-cache hits   

      41.522248398 seconds time elapsed

      33.012866000 seconds user
       8.389398000 seconds sys



 Performance counter stats for './parallel_simd_32.dynamic.elf /home/alessandro.detoffoli/matrix/4_big.mtx':

   205,687,138,136      cycles:u                                                    
   514,771,861,679      instructions:u            #    2.50  insn per cycle         
   104,524,316,534      L1-dcache-loads:u                                           
     1,614,172,024      L1-dcache-load-misses:u   #    1.54% of all L1-dcache hits  
       234,693,190      LLC-loads:u                                                 
        92,389,933      LLC-load-misses:u         #   39.37% of all LL-cache hits   

      76.415493324 seconds time elapsed

      61.331146000 seconds user
      14.899809000 seconds sys



 Performance counter stats for './parallel_simd_32.dynamic.elf /home/alessandro.detoffoli/matrix/5_huge.mtx':

   372,423,442,557      cycles:u                                                    
   931,552,685,127      instructions:u            #    2.50  insn per cycle         
   187,647,781,681      L1-dcache-loads:u                                           
     2,950,732,274      L1-dcache-load-misses:u   #    1.57% of all L1-dcache hits  
       446,601,188      LLC-loads:u                                                 
       177,338,933      LLC-load-misses:u         #   39.71% of all LL-cache hits   

     138.654528016 seconds time elapsed

     111.899692000 seconds user
      26.359973000 seconds sys



 Performance counter stats for './parallel_simd_32.dynamic.elf /home/alessandro.detoffoli/matrix/1_little.mtx':

    29,723,147,097      cycles:u                                                    
    70,558,984,576      instructions:u            #    2.37  insn per cycle         
    14,501,258,817      L1-dcache-loads:u                                           
       207,318,634      L1-dcache-load-misses:u   #    1.43% of all L1-dcache hits  
        27,608,597      LLC-loads:u                                                 
        11,618,507      LLC-load-misses:u         #   42.08% of all LL-cache hits   

      11.675292097 seconds time elapsed

       8.917081000 seconds user
       2.607176000 seconds sys



 Performance counter stats for './parallel_simd_32.dynamic.elf /home/alessandro.detoffoli/matrix/2_small.mtx':

    57,480,135,481      cycles:u                                                    
   140,579,937,308      instructions:u            #    2.45  insn per cycle         
    28,666,296,655      L1-dcache-loads:u                                           
       417,921,145      L1-dcache-load-misses:u   #    1.46% of all L1-dcache hits  
        59,766,184      LLC-loads:u                                                 
        23,862,322      LLC-load-misses:u         #   39.93% of all LL-cache hits   

      22.376588321 seconds time elapsed

      17.351692000 seconds user
       4.942234000 seconds sys



 Performance counter stats for './parallel_simd_32.dynamic.elf /home/alessandro.detoffoli/matrix/3_medium.mtx':

   113,581,845,592      cycles:u                                                    
   271,801,446,745      instructions:u            #    2.39  insn per cycle         
    55,319,094,632      L1-dcache-loads:u                                           
       831,980,226      L1-dcache-load-misses:u   #    1.50% of all L1-dcache hits  
       111,914,957      LLC-loads:u                                                 
        47,479,125      LLC-load-misses:u         #   42.42% of all LL-cache hits   

      42.857735492 seconds time elapsed

      34.266027000 seconds user
       8.487540000 seconds sys



 Performance counter stats for './parallel_simd_32.dynamic.elf /home/alessandro.detoffoli/matrix/4_big.mtx':

   222,007,791,465      cycles:u                                                    
   514,775,860,721      instructions:u            #    2.32  insn per cycle         
   104,525,241,590      L1-dcache-loads:u                                           
     1,582,586,379      L1-dcache-load-misses:u   #    1.51% of all L1-dcache hits  
       214,735,838      LLC-loads:u                                                 
        99,979,933      LLC-load-misses:u         #   46.56% of all LL-cache hits   

      90.926413725 seconds time elapsed

      66.876803000 seconds user
      23.822779000 seconds sys



 Performance counter stats for './parallel_simd_32.dynamic.elf /home/alessandro.detoffoli/matrix/5_huge.mtx':

   403,226,138,373      cycles:u                                                    
   931,562,098,749      instructions:u            #    2.31  insn per cycle         
   187,648,714,589      L1-dcache-loads:u                                           
     2,905,771,538      L1-dcache-load-misses:u   #    1.55% of all L1-dcache hits  
       431,657,609      LLC-loads:u                                                 
       192,763,999      LLC-load-misses:u         #   44.66% of all LL-cache hits   

     165.007995993 seconds time elapsed

     121.146219000 seconds user
      43.458630000 seconds sys



 Performance counter stats for './parallel_simd_32.dynamic.elf /home/alessandro.detoffoli/matrix/1_little.mtx':

    29,288,995,451      cycles:u                                                    
    70,559,126,783      instructions:u            #    2.41  insn per cycle         
    14,501,448,167      L1-dcache-loads:u                                           
       200,609,086      L1-dcache-load-misses:u   #    1.38% of all L1-dcache hits  
        27,446,329      LLC-loads:u                                                 
        10,552,816      LLC-load-misses:u         #   38.45% of all LL-cache hits   

      12.229106581 seconds time elapsed

       8.728176000 seconds user
       3.464056000 seconds sys



 Performance counter stats for './parallel_simd_32.dynamic.elf /home/alessandro.detoffoli/matrix/2_small.mtx':

    60,974,289,259      cycles:u                                                    
   140,580,348,085      instructions:u            #    2.31  insn per cycle         
    28,666,444,551      L1-dcache-loads:u                                           
       417,020,518      L1-dcache-load-misses:u   #    1.45% of all L1-dcache hits  
        56,246,553      LLC-loads:u                                                 
        25,365,593      LLC-load-misses:u         #   45.10% of all LL-cache hits   

      24.878296967 seconds time elapsed

      18.260683000 seconds user
       6.547468000 seconds sys



 Performance counter stats for './parallel_simd_32.dynamic.elf /home/alessandro.detoffoli/matrix/3_medium.mtx':

   119,622,029,609      cycles:u                                                    
   271,802,981,227      instructions:u            #    2.27  insn per cycle         
    55,319,517,262      L1-dcache-loads:u                                           
       834,058,215      L1-dcache-load-misses:u   #    1.51% of all L1-dcache hits  
       114,844,348      LLC-loads:u                                                 
        51,216,478      LLC-load-misses:u         #   44.60% of all LL-cache hits   

      49.078064980 seconds time elapsed

      35.790411000 seconds user
      13.167347000 seconds sys



 Performance counter stats for './parallel_simd_32.dynamic.elf /home/alessandro.detoffoli/matrix/4_big.mtx':

   209,988,204,265      cycles:u                                                    
   514,773,867,205      instructions:u            #    2.45  insn per cycle         
   104,524,803,717      L1-dcache-loads:u                                           
     1,587,681,893      L1-dcache-load-misses:u   #    1.52% of all L1-dcache hits  
       241,574,703      LLC-loads:u                                                 
        95,712,734      LLC-load-misses:u         #   39.62% of all LL-cache hits   

      81.602099208 seconds time elapsed

      62.156359000 seconds user
      19.247970000 seconds sys



 Performance counter stats for './parallel_simd_32.dynamic.elf /home/alessandro.detoffoli/matrix/5_huge.mtx':

   378,653,025,337      cycles:u                                                    
   931,555,359,630      instructions:u            #    2.46  insn per cycle         
   187,647,851,864      L1-dcache-loads:u                                           
     2,964,027,254      L1-dcache-load-misses:u   #    1.58% of all L1-dcache hits  
       453,966,853      LLC-loads:u                                                 
       187,009,604      LLC-load-misses:u         #   41.19% of all LL-cache hits   

     141.930287501 seconds time elapsed

     112.171233000 seconds user
      29.415546000 seconds sys



 Performance counter stats for './parallel_simd_32.dynamic.elf /home/alessandro.detoffoli/matrix/1_little.mtx':

    28,155,105,941      cycles:u                                                    
    70,559,025,451      instructions:u            #    2.51  insn per cycle         
    14,501,249,033      L1-dcache-loads:u                                           
       210,015,020      L1-dcache-load-misses:u   #    1.45% of all L1-dcache hits  
        29,660,635      LLC-loads:u                                                 
        11,460,379      LLC-load-misses:u         #   38.64% of all LL-cache hits   

      10.348982850 seconds time elapsed

       8.351508000 seconds user
       1.964943000 seconds sys



 Performance counter stats for './parallel_simd_32.dynamic.elf /home/alessandro.detoffoli/matrix/2_small.mtx':

    55,980,733,610      cycles:u                                                    
   140,579,305,598      instructions:u            #    2.51  insn per cycle         
    28,666,182,040      L1-dcache-loads:u                                           
       419,503,373      L1-dcache-load-misses:u   #    1.46% of all L1-dcache hits  
        59,083,389      LLC-loads:u                                                 
        23,117,493      LLC-load-misses:u         #   39.13% of all LL-cache hits   

      20.361656202 seconds time elapsed

      16.642474000 seconds user
       3.667510000 seconds sys



 Performance counter stats for './parallel_simd_32.dynamic.elf /home/alessandro.detoffoli/matrix/3_medium.mtx':

   113,675,465,346      cycles:u                                                    
   271,800,570,380      instructions:u            #    2.39  insn per cycle         
    55,319,069,130      L1-dcache-loads:u                                           
       841,655,389      L1-dcache-load-misses:u   #    1.52% of all L1-dcache hits  
       120,767,230      LLC-loads:u                                                 
        47,017,251      LLC-load-misses:u         #   38.93% of all LL-cache hits   

      41.021419634 seconds time elapsed

      33.547007000 seconds user
       7.374635000 seconds sys



 Performance counter stats for './parallel_simd_32.dynamic.elf /home/alessandro.detoffoli/matrix/4_big.mtx':

   205,168,475,597      cycles:u                                                    
   514,771,505,558      instructions:u            #    2.51  insn per cycle         
   104,524,302,437      L1-dcache-loads:u                                           
     1,617,564,007      L1-dcache-load-misses:u   #    1.55% of all L1-dcache hits  
       236,811,357      LLC-loads:u                                                 
        92,538,714      LLC-load-misses:u         #   39.08% of all LL-cache hits   

      72.684818035 seconds time elapsed

      59.484425000 seconds user
      13.016458000 seconds sys



 Performance counter stats for './parallel_simd_32.dynamic.elf /home/alessandro.detoffoli/matrix/5_huge.mtx':

   371,732,293,357      cycles:u                                                    
   931,552,335,549      instructions:u            #    2.51  insn per cycle         
   187,647,734,991      L1-dcache-loads:u                                           
     2,943,291,423      L1-dcache-load-misses:u   #    1.57% of all L1-dcache hits  
       448,636,187      LLC-loads:u                                                 
       174,087,256      LLC-load-misses:u         #   38.80% of all LL-cache hits   

     129.534687851 seconds time elapsed

     106.072464000 seconds user
      23.150102000 seconds sys



 Performance counter stats for './parallel_simd_32.dynamic.elf /home/alessandro.detoffoli/matrix/1_little.mtx':

    28,019,937,780      cycles:u                                                    
    70,558,874,550      instructions:u            #    2.52  insn per cycle         
    14,501,249,018      L1-dcache-loads:u                                           
       209,862,187      L1-dcache-load-misses:u   #    1.45% of all L1-dcache hits  
        29,028,458      LLC-loads:u                                                 
        10,886,660      LLC-load-misses:u         #   37.50% of all LL-cache hits   

       9.827379853 seconds time elapsed

       7.977682000 seconds user
       1.822401000 seconds sys



 Performance counter stats for './parallel_simd_32.dynamic.elf /home/alessandro.detoffoli/matrix/2_small.mtx':

    56,189,622,762      cycles:u                                                    
   140,579,320,744      instructions:u            #    2.50  insn per cycle         
    28,666,181,850      L1-dcache-loads:u                                           
       422,887,061      L1-dcache-load-misses:u   #    1.48% of all L1-dcache hits  
        60,176,551      LLC-loads:u                                                 
        23,116,175      LLC-load-misses:u         #   38.41% of all LL-cache hits   

      19.591049538 seconds time elapsed

      15.862368000 seconds user
       3.680291000 seconds sys



 Performance counter stats for './parallel_simd_32.dynamic.elf /home/alessandro.detoffoli/matrix/3_medium.mtx':

   109,210,225,547      cycles:u                                                    
   271,800,484,372      instructions:u            #    2.49  insn per cycle         
    55,319,068,878      L1-dcache-loads:u                                           
       831,732,363      L1-dcache-load-misses:u   #    1.50% of all L1-dcache hits  
       120,664,678      LLC-loads:u                                                 
        46,883,614      LLC-load-misses:u         #   38.85% of all LL-cache hits   

      38.476375580 seconds time elapsed

      31.386444000 seconds user
       6.996595000 seconds sys



 Performance counter stats for './parallel_simd_32.dynamic.elf /home/alessandro.detoffoli/matrix/4_big.mtx':

   205,976,888,552      cycles:u                                                    
   514,771,527,399      instructions:u            #    2.50  insn per cycle         
   104,524,302,448      L1-dcache-loads:u                                           
     1,616,579,169      L1-dcache-load-misses:u   #    1.55% of all L1-dcache hits  
       235,844,607      LLC-loads:u                                                 
        92,139,383      LLC-load-misses:u         #   39.07% of all LL-cache hits   

      71.621908326 seconds time elapsed

      58.519522000 seconds user
      12.927854000 seconds sys



 Performance counter stats for './parallel_simd_32.dynamic.elf /home/alessandro.detoffoli/matrix/5_huge.mtx':

   370,764,206,628      cycles:u                                                    
   931,552,449,348      instructions:u            #    2.51  insn per cycle         
   187,647,734,915      L1-dcache-loads:u                                           
     2,952,783,329      L1-dcache-load-misses:u   #    1.57% of all L1-dcache hits  
       435,468,845      LLC-loads:u                                                 
       171,560,454      LLC-load-misses:u         #   39.40% of all LL-cache hits   

     128.571608483 seconds time elapsed

     105.638920000 seconds user
      22.619666000 seconds sys



 Performance counter stats for './parallel_simd_32.dynamic.elf /home/alessandro.detoffoli/matrix/1_little.mtx':

    27,928,123,689      cycles:u                                                    
    70,558,874,277      instructions:u            #    2.53  insn per cycle         
    14,501,249,013      L1-dcache-loads:u                                           
       207,929,114      L1-dcache-load-misses:u   #    1.43% of all L1-dcache hits  
        29,362,820      LLC-loads:u                                                 
        10,964,870      LLC-load-misses:u         #   37.34% of all LL-cache hits   

       9.829820387 seconds time elapsed

       7.898146000 seconds user
       1.902698000 seconds sys



 Performance counter stats for './parallel_simd_32.dynamic.elf /home/alessandro.detoffoli/matrix/2_small.mtx':

    56,190,064,123      cycles:u                                                    
   140,579,291,580      instructions:u            #    2.50  insn per cycle         
    28,666,181,872      L1-dcache-loads:u                                           
       418,961,560      L1-dcache-load-misses:u   #    1.46% of all L1-dcache hits  
        59,975,408      LLC-loads:u                                                 
        23,587,214      LLC-load-misses:u         #   39.33% of all LL-cache hits   

      19.641906595 seconds time elapsed

      16.021672000 seconds user
       3.571456000 seconds sys



 Performance counter stats for './parallel_simd_32.dynamic.elf /home/alessandro.detoffoli/matrix/3_medium.mtx':

   110,446,759,600      cycles:u                                                    
   271,801,047,636      instructions:u            #    2.46  insn per cycle         
    55,319,069,380      L1-dcache-loads:u                                           
       835,066,872      L1-dcache-load-misses:u   #    1.51% of all L1-dcache hits  
       123,095,078      LLC-loads:u                                                 
        49,339,419      LLC-load-misses:u         #   40.08% of all LL-cache hits   

      40.494076457 seconds time elapsed

      32.574184000 seconds user
       7.812576000 seconds sys



 Performance counter stats for './parallel_simd_32.dynamic.elf /home/alessandro.detoffoli/matrix/4_big.mtx':

   210,967,335,740      cycles:u                                                    
   514,775,496,453      instructions:u            #    2.44  insn per cycle         
   104,524,304,548      L1-dcache-loads:u                                           
     1,624,151,269      L1-dcache-load-misses:u   #    1.55% of all L1-dcache hits  
       237,398,789      LLC-loads:u                                                 
       100,447,093      LLC-load-misses:u         #   42.31% of all LL-cache hits   

      79.800074098 seconds time elapsed

      62.986370000 seconds user
      16.619884000 seconds sys



 Performance counter stats for './parallel_simd_32.dynamic.elf /home/alessandro.detoffoli/matrix/5_huge.mtx':

   378,712,585,668      cycles:u                                                    
   931,560,825,877      instructions:u            #    2.46  insn per cycle         
   187,647,738,221      L1-dcache-loads:u                                           
     2,965,870,252      L1-dcache-load-misses:u   #    1.58% of all L1-dcache hits  
       453,239,397      LLC-loads:u                                                 
       193,516,823      LLC-load-misses:u         #   42.70% of all LL-cache hits   

     145.695681457 seconds time elapsed

     114.560596000 seconds user
      30.783072000 seconds sys



 Performance counter stats for './parallel_simd_32.dynamic.elf /home/alessandro.detoffoli/matrix/1_little.mtx':

    28,435,851,328      cycles:u                                                    
    70,559,000,196      instructions:u            #    2.48  insn per cycle         
    14,501,249,173      L1-dcache-loads:u                                           
       208,695,943      L1-dcache-load-misses:u   #    1.44% of all L1-dcache hits  
        29,893,542      LLC-loads:u                                                 
        12,118,046      LLC-load-misses:u         #   40.54% of all LL-cache hits   

      10.691459109 seconds time elapsed

       8.412510000 seconds user
       2.250251000 seconds sys



 Performance counter stats for './parallel_simd_32.dynamic.elf /home/alessandro.detoffoli/matrix/2_small.mtx':

    57,016,610,187      cycles:u                                                    
   140,579,684,987      instructions:u            #    2.47  insn per cycle         
    28,666,182,193      L1-dcache-loads:u                                           
       419,795,458      L1-dcache-load-misses:u   #    1.46% of all L1-dcache hits  
        60,797,987      LLC-loads:u                                                 
        25,209,262      LLC-load-misses:u         #   41.46% of all LL-cache hits   

      21.343653861 seconds time elapsed

      17.064234000 seconds user
       4.218170000 seconds sys



 Performance counter stats for './parallel_simd_32.dynamic.elf /home/alessandro.detoffoli/matrix/3_medium.mtx':

   113,266,003,928      cycles:u                                                    
   271,803,028,724      instructions:u            #    2.40  insn per cycle         
    55,319,070,278      L1-dcache-loads:u                                           
       834,210,386      L1-dcache-load-misses:u   #    1.51% of all L1-dcache hits  
       121,300,358      LLC-loads:u                                                 
        52,875,634      LLC-load-misses:u         #   43.59% of all LL-cache hits   

      44.463055151 seconds time elapsed

      34.535698000 seconds user
       9.820166000 seconds sys



 Performance counter stats for './parallel_simd_32.dynamic.elf /home/alessandro.detoffoli/matrix/4_big.mtx':

   223,984,124,794      cycles:u                                                    
   514,776,562,511      instructions:u            #    2.30  insn per cycle         
   104,524,837,347      L1-dcache-loads:u                                           
     1,601,395,428      L1-dcache-load-misses:u   #    1.53% of all L1-dcache hits  
       229,061,255      LLC-loads:u                                                 
       102,295,772      LLC-load-misses:u         #   44.66% of all LL-cache hits   

      90.994722165 seconds time elapsed

      67.137653000 seconds user
      23.597290000 seconds sys



 Performance counter stats for './parallel_simd_32.dynamic.elf /home/alessandro.detoffoli/matrix/5_huge.mtx':

   422,033,837,946      cycles:u                                                    
   931,562,513,873      instructions:u            #    2.21  insn per cycle         
   187,648,275,554      L1-dcache-loads:u                                           
     2,957,143,317      L1-dcache-load-misses:u   #    1.58% of all L1-dcache hits  
       393,764,146      LLC-loads:u                                                 
       189,801,779      LLC-load-misses:u         #   48.20% of all LL-cache hits   

     172.225737610 seconds time elapsed

     125.749306000 seconds user
      46.057370000 seconds sys



 Performance counter stats for './parallel_simd_32.dynamic.elf /home/alessandro.detoffoli/matrix/1_little.mtx':

    27,860,591,512      cycles:u                                                    
    70,558,832,807      instructions:u            #    2.53  insn per cycle         
    14,501,249,155      L1-dcache-loads:u                                           
       208,277,113      L1-dcache-load-misses:u   #    1.44% of all L1-dcache hits  
        28,472,869      LLC-loads:u                                                 
        11,047,517      LLC-load-misses:u         #   38.80% of all LL-cache hits   

      10.210042138 seconds time elapsed

       8.381522000 seconds user
       1.798819000 seconds sys



 Performance counter stats for './parallel_simd_32.dynamic.elf /home/alessandro.detoffoli/matrix/2_small.mtx':

    58,634,595,507      cycles:u                                                    
   140,580,697,178      instructions:u            #    2.40  insn per cycle         
    28,666,500,154      L1-dcache-loads:u                                           
       412,686,744      L1-dcache-load-misses:u   #    1.44% of all L1-dcache hits  
        59,285,685      LLC-loads:u                                                 
        24,840,452      LLC-load-misses:u         #   41.90% of all LL-cache hits   

      24.600241232 seconds time elapsed

      17.540250000 seconds user
       6.997944000 seconds sys



 Performance counter stats for './parallel_simd_32.dynamic.elf /home/alessandro.detoffoli/matrix/3_medium.mtx':

   111,438,422,749      cycles:u                                                    
   271,801,367,721      instructions:u            #    2.44  insn per cycle         
    55,319,335,658      L1-dcache-loads:u                                           
       835,167,489      L1-dcache-load-misses:u   #    1.51% of all L1-dcache hits  
       122,852,778      LLC-loads:u                                                 
        50,116,440      LLC-load-misses:u         #   40.79% of all LL-cache hits   

      41.969710302 seconds time elapsed

      33.030789000 seconds user
       8.834349000 seconds sys



 Performance counter stats for './parallel_simd_32.dynamic.elf /home/alessandro.detoffoli/matrix/4_big.mtx':

   210,999,251,088      cycles:u                                                    
   514,775,830,077      instructions:u            #    2.44  insn per cycle         
   104,524,698,611      L1-dcache-loads:u                                           
     1,613,988,196      L1-dcache-load-misses:u   #    1.54% of all L1-dcache hits  
       244,249,539      LLC-loads:u                                                 
       100,203,446      LLC-load-misses:u         #   41.03% of all LL-cache hits   

      86.978254109 seconds time elapsed

      63.950801000 seconds user
      22.801733000 seconds sys



 Performance counter stats for './parallel_simd_32.dynamic.elf /home/alessandro.detoffoli/matrix/5_huge.mtx':

   406,480,356,480      cycles:u                                                    
   931,559,000,195      instructions:u            #    2.29  insn per cycle         
   187,648,019,829      L1-dcache-loads:u                                           
     2,929,923,728      L1-dcache-load-misses:u   #    1.56% of all L1-dcache hits  
       397,235,854      LLC-loads:u                                                 
       180,610,893      LLC-load-misses:u         #   45.47% of all LL-cache hits   

     158.892082404 seconds time elapsed

     119.990884000 seconds user
      38.504828000 seconds sys


