
 Performance counter stats for './parallel_simd_8.dynamic.elf /home/alessandro.detoffoli/matrix/1_little.mtx':

    37,706,183,093      cycles:u                                                    
    70,559,216,445      instructions:u            #    1.87  insn per cycle         
    14,501,388,212      L1-dcache-loads:u                                           
       207,202,612      L1-dcache-load-misses:u   #    1.43% of all L1-dcache hits  
        24,961,269      LLC-loads:u                                                 
        16,279,854      LLC-load-misses:u         #   65.22% of all LL-cache hits   

      23.429295179 seconds time elapsed

      14.604471000 seconds user
       4.452617000 seconds sys



 Performance counter stats for './parallel_simd_8.dynamic.elf /home/alessandro.detoffoli/matrix/2_small.mtx':

    74,778,898,173      cycles:u                                                    
   140,579,908,861      instructions:u            #    1.88  insn per cycle         
    28,666,361,462      L1-dcache-loads:u                                           
       416,301,804      L1-dcache-load-misses:u   #    1.45% of all L1-dcache hits  
        51,182,547      LLC-loads:u                                                 
        30,709,662      LLC-load-misses:u         #   60.00% of all LL-cache hits   

      36.794110575 seconds time elapsed

      27.220044000 seconds user
       8.518169000 seconds sys



 Performance counter stats for './parallel_simd_8.dynamic.elf /home/alessandro.detoffoli/matrix/3_medium.mtx':

   131,005,533,037      cycles:u                                                    
   271,801,579,573      instructions:u            #    2.07  insn per cycle         
    55,319,379,760      L1-dcache-loads:u                                           
       820,066,917      L1-dcache-load-misses:u   #    1.48% of all L1-dcache hits  
       106,734,807      LLC-loads:u                                                 
        56,777,175      LLC-load-misses:u         #   53.19% of all LL-cache hits   

      53.937457155 seconds time elapsed

      41.251049000 seconds user
      12.531050000 seconds sys



 Performance counter stats for './parallel_simd_8.dynamic.elf /home/alessandro.detoffoli/matrix/4_big.mtx':

   279,405,257,096      cycles:u                                                    
   514,772,854,915      instructions:u            #    1.84  insn per cycle         
   104,524,732,955      L1-dcache-loads:u                                           
     1,605,203,096      L1-dcache-load-misses:u   #    1.54% of all L1-dcache hits  
       191,056,686      LLC-loads:u                                                 
       118,336,658      LLC-load-misses:u         #   61.94% of all LL-cache hits   

     150.854066579 seconds time elapsed

      99.070341000 seconds user
      25.237975000 seconds sys



 Performance counter stats for './parallel_simd_8.dynamic.elf /home/alessandro.detoffoli/matrix/5_huge.mtx':

   489,090,515,425      cycles:u                                                    
   931,556,666,184      instructions:u            #    1.90  insn per cycle         
   187,648,155,818      L1-dcache-loads:u                                           
     2,934,482,868      L1-dcache-load-misses:u   #    1.56% of all L1-dcache hits  
       372,351,287      LLC-loads:u                                                 
       224,424,216      LLC-load-misses:u         #   60.27% of all LL-cache hits   

     234.444935729 seconds time elapsed

     168.786550000 seconds user
      47.302659000 seconds sys



 Performance counter stats for './parallel_simd_8.dynamic.elf /home/alessandro.detoffoli/matrix/1_little.mtx':

    33,022,239,732      cycles:u                                                    
    70,559,055,314      instructions:u            #    2.14  insn per cycle         
    14,501,307,324      L1-dcache-loads:u                                           
       210,402,699      L1-dcache-load-misses:u   #    1.45% of all L1-dcache hits  
        26,114,205      LLC-loads:u                                                 
        14,915,551      LLC-load-misses:u         #   57.12% of all LL-cache hits   

      13.658536986 seconds time elapsed

      10.710876000 seconds user
       2.902765000 seconds sys



 Performance counter stats for './parallel_simd_8.dynamic.elf /home/alessandro.detoffoli/matrix/2_small.mtx':

    63,737,512,398      cycles:u                                                    
   140,579,810,428      instructions:u            #    2.21  insn per cycle         
    28,666,250,884      L1-dcache-loads:u                                           
       418,326,992      L1-dcache-load-misses:u   #    1.46% of all L1-dcache hits  
        54,154,756      LLC-loads:u                                                 
        29,892,435      LLC-load-misses:u         #   55.20% of all LL-cache hits   

      25.124698259 seconds time elapsed

      20.036327000 seconds user
       5.025916000 seconds sys



 Performance counter stats for './parallel_simd_8.dynamic.elf /home/alessandro.detoffoli/matrix/3_medium.mtx':

   136,687,531,403      cycles:u                                                    
   271,801,869,489      instructions:u            #    1.99  insn per cycle         
    55,319,254,922      L1-dcache-loads:u                                           
       826,335,997      L1-dcache-load-misses:u   #    1.49% of all L1-dcache hits  
       104,376,151      LLC-loads:u                                                 
        63,149,805      LLC-load-misses:u         #   60.50% of all LL-cache hits   

      64.874189773 seconds time elapsed

      44.738678000 seconds user
      13.261682000 seconds sys



 Performance counter stats for './parallel_simd_8.dynamic.elf /home/alessandro.detoffoli/matrix/4_big.mtx':

   283,987,245,192      cycles:u                                                    
   514,774,268,357      instructions:u            #    1.81  insn per cycle         
   104,525,425,702      L1-dcache-loads:u                                           
     1,604,944,396      L1-dcache-load-misses:u   #    1.54% of all L1-dcache hits  
       191,726,207      LLC-loads:u                                                 
       113,648,875      LLC-load-misses:u         #   59.28% of all LL-cache hits   

     146.109489131 seconds time elapsed

      97.846670000 seconds user
      35.084409000 seconds sys



 Performance counter stats for './parallel_simd_8.dynamic.elf /home/alessandro.detoffoli/matrix/5_huge.mtx':

   454,458,238,958      cycles:u                                                    
   931,554,138,825      instructions:u            #    2.05  insn per cycle         
   187,648,153,980      L1-dcache-loads:u                                           
     2,937,684,129      L1-dcache-load-misses:u   #    1.57% of all L1-dcache hits  
       383,863,889      LLC-loads:u                                                 
       214,592,854      LLC-load-misses:u         #   55.90% of all LL-cache hits   

     208.297140681 seconds time elapsed

     155.151826000 seconds user
      33.142487000 seconds sys



 Performance counter stats for './parallel_simd_8.dynamic.elf /home/alessandro.detoffoli/matrix/1_little.mtx':

    30,318,061,340      cycles:u                                                    
    70,559,185,624      instructions:u            #    2.33  insn per cycle         
    14,501,317,231      L1-dcache-loads:u                                           
       206,946,782      L1-dcache-load-misses:u   #    1.43% of all L1-dcache hits  
        28,272,996      LLC-loads:u                                                 
        14,092,225      LLC-load-misses:u         #   49.84% of all LL-cache hits   

      11.385599515 seconds time elapsed

       9.339369000 seconds user
       2.000959000 seconds sys



 Performance counter stats for './parallel_simd_8.dynamic.elf /home/alessandro.detoffoli/matrix/2_small.mtx':

    69,560,573,547      cycles:u                                                    
   140,579,795,431      instructions:u            #    2.02  insn per cycle         
    28,666,273,810      L1-dcache-loads:u                                           
       419,348,770      L1-dcache-load-misses:u   #    1.46% of all L1-dcache hits  
        50,489,709      LLC-loads:u                                                 
        31,496,419      LLC-load-misses:u         #   62.38% of all LL-cache hits   

      41.971999353 seconds time elapsed

      26.079933000 seconds user
       8.060656000 seconds sys



 Performance counter stats for './parallel_simd_8.dynamic.elf /home/alessandro.detoffoli/matrix/3_medium.mtx':

   142,790,120,656      cycles:u                                                    
   271,801,730,251      instructions:u            #    1.90  insn per cycle         
    55,319,392,938      L1-dcache-loads:u                                           
       839,858,920      L1-dcache-load-misses:u   #    1.52% of all L1-dcache hits  
       102,232,931      LLC-loads:u                                                 
        61,538,192      LLC-load-misses:u         #   60.19% of all LL-cache hits   

      81.971493727 seconds time elapsed

      53.360600000 seconds user
      17.195298000 seconds sys



 Performance counter stats for './parallel_simd_8.dynamic.elf /home/alessandro.detoffoli/matrix/4_big.mtx':

   248,250,621,820      cycles:u                                                    
   514,777,578,048      instructions:u            #    2.07  insn per cycle         
   104,524,784,649      L1-dcache-loads:u                                           
     1,606,783,361      L1-dcache-load-misses:u   #    1.54% of all L1-dcache hits  
       217,254,965      LLC-loads:u                                                 
       115,114,386      LLC-load-misses:u         #   52.99% of all LL-cache hits   

     111.555434770 seconds time elapsed

      82.529259000 seconds user
      28.599126000 seconds sys



 Performance counter stats for './parallel_simd_8.dynamic.elf /home/alessandro.detoffoli/matrix/5_huge.mtx':

   426,851,907,156      cycles:u                                                    
   931,556,039,956      instructions:u            #    2.18  insn per cycle         
   187,648,833,820      L1-dcache-loads:u                                           
     2,987,489,930      L1-dcache-load-misses:u   #    1.59% of all L1-dcache hits  
       419,953,315      LLC-loads:u                                                 
       213,782,399      LLC-load-misses:u         #   50.91% of all LL-cache hits   

     206.521278320 seconds time elapsed

     146.675208000 seconds user
      42.441661000 seconds sys



 Performance counter stats for './parallel_simd_8.dynamic.elf /home/alessandro.detoffoli/matrix/1_little.mtx':

    32,666,236,218      cycles:u                                                    
    70,559,325,552      instructions:u            #    2.16  insn per cycle         
    14,501,360,110      L1-dcache-loads:u                                           
       207,227,583      L1-dcache-load-misses:u   #    1.43% of all L1-dcache hits  
        26,782,908      LLC-loads:u                                                 
        14,239,803      LLC-load-misses:u         #   53.17% of all LL-cache hits   

      12.945236615 seconds time elapsed

      10.140878000 seconds user
       2.757589000 seconds sys



 Performance counter stats for './parallel_simd_8.dynamic.elf /home/alessandro.detoffoli/matrix/2_small.mtx':

    66,671,067,775      cycles:u                                                    
   140,580,626,647      instructions:u            #    2.11  insn per cycle         
    28,666,350,298      L1-dcache-loads:u                                           
       416,956,852      L1-dcache-load-misses:u   #    1.45% of all L1-dcache hits  
        53,112,981      LLC-loads:u                                                 
        29,448,651      LLC-load-misses:u         #   55.45% of all LL-cache hits   

      28.028211929 seconds time elapsed

      20.758838000 seconds user
       7.191967000 seconds sys



 Performance counter stats for './parallel_simd_8.dynamic.elf /home/alessandro.detoffoli/matrix/3_medium.mtx':

   144,752,519,173      cycles:u                                                    
   271,801,896,364      instructions:u            #    1.88  insn per cycle         
    55,319,425,926      L1-dcache-loads:u                                           
       829,728,942      L1-dcache-load-misses:u   #    1.50% of all L1-dcache hits  
        99,852,258      LLC-loads:u                                                 
        63,596,123      LLC-load-misses:u         #   63.69% of all LL-cache hits   

      91.613860833 seconds time elapsed

      56.303351000 seconds user
      21.562981000 seconds sys



 Performance counter stats for './parallel_simd_8.dynamic.elf /home/alessandro.detoffoli/matrix/4_big.mtx':

   239,895,309,908      cycles:u                                                    
   514,776,284,887      instructions:u            #    2.15  insn per cycle         
   104,524,952,582      L1-dcache-loads:u                                           
     1,576,787,511      L1-dcache-load-misses:u   #    1.51% of all L1-dcache hits  
       221,112,857      LLC-loads:u                                                 
       113,886,506      LLC-load-misses:u         #   51.51% of all LL-cache hits   

     109.823556821 seconds time elapsed

      80.435797000 seconds user
      26.601110000 seconds sys



 Performance counter stats for './parallel_simd_8.dynamic.elf /home/alessandro.detoffoli/matrix/5_huge.mtx':

   478,957,588,972      cycles:u                                                    
   931,554,739,850      instructions:u            #    1.94  insn per cycle         
   187,648,139,140      L1-dcache-loads:u                                           
     2,963,070,041      L1-dcache-load-misses:u   #    1.58% of all L1-dcache hits  
       366,144,200      LLC-loads:u                                                 
       218,067,763      LLC-load-misses:u         #   59.56% of all LL-cache hits   

     213.906766775 seconds time elapsed

     163.530432000 seconds user
      34.854606000 seconds sys



 Performance counter stats for './parallel_simd_8.dynamic.elf /home/alessandro.detoffoli/matrix/1_little.mtx':

    33,036,632,108      cycles:u                                                    
    70,559,443,761      instructions:u            #    2.14  insn per cycle         
    14,501,322,795      L1-dcache-loads:u                                           
       207,495,526      L1-dcache-load-misses:u   #    1.43% of all L1-dcache hits  
        26,141,043      LLC-loads:u                                                 
        15,428,292      LLC-load-misses:u         #   59.02% of all LL-cache hits   

      13.324136888 seconds time elapsed

      10.427781000 seconds user
       2.856366000 seconds sys



 Performance counter stats for './parallel_simd_8.dynamic.elf /home/alessandro.detoffoli/matrix/2_small.mtx':

    65,349,614,193      cycles:u                                                    
   140,579,918,293      instructions:u            #    2.15  insn per cycle         
    28,666,395,645      L1-dcache-loads:u                                           
       414,267,879      L1-dcache-load-misses:u   #    1.45% of all L1-dcache hits  
        52,221,067      LLC-loads:u                                                 
        28,486,485      LLC-load-misses:u         #   54.55% of all LL-cache hits   

      27.078584428 seconds time elapsed

      20.469605000 seconds user
       6.529605000 seconds sys



 Performance counter stats for './parallel_simd_8.dynamic.elf /home/alessandro.detoffoli/matrix/3_medium.mtx':

   136,237,788,934      cycles:u                                                    
   271,802,207,511      instructions:u            #    2.00  insn per cycle         
    55,319,741,956      L1-dcache-loads:u                                           
       801,245,667      L1-dcache-load-misses:u   #    1.45% of all L1-dcache hits  
       102,320,107      LLC-loads:u                                                 
        62,030,228      LLC-load-misses:u         #   60.62% of all LL-cache hits   

      73.354038303 seconds time elapsed

      46.891714000 seconds user
      20.109355000 seconds sys



 Performance counter stats for './parallel_simd_8.dynamic.elf /home/alessandro.detoffoli/matrix/4_big.mtx':

   270,566,156,856      cycles:u                                                    
   514,773,766,421      instructions:u            #    1.90  insn per cycle         
   104,525,175,250      L1-dcache-loads:u                                           
     1,614,450,715      L1-dcache-load-misses:u   #    1.54% of all L1-dcache hits  
       196,526,127      LLC-loads:u                                                 
       111,914,578      LLC-load-misses:u         #   56.95% of all LL-cache hits   

     132.750609745 seconds time elapsed

      93.230521000 seconds user
      31.627936000 seconds sys



 Performance counter stats for './parallel_simd_8.dynamic.elf /home/alessandro.detoffoli/matrix/5_huge.mtx':

   412,758,681,330      cycles:u                                                    
   931,549,745,068      instructions:u            #    2.26  insn per cycle         
   187,649,104,671      L1-dcache-loads:u                                           
     3,136,002,819      L1-dcache-load-misses:u   #    1.67% of all L1-dcache hits  
       383,327,244      LLC-loads:u                                                 
       186,448,058      LLC-load-misses:u         #   48.64% of all LL-cache hits   

     189.215106052 seconds time elapsed

     141.441123000 seconds user
      31.956390000 seconds sys



 Performance counter stats for './parallel_simd_8.dynamic.elf /home/alessandro.detoffoli/matrix/1_little.mtx':

    30,097,563,504      cycles:u                                                    
    70,558,359,113      instructions:u            #    2.34  insn per cycle         
    14,501,343,317      L1-dcache-loads:u                                           
       224,520,414      L1-dcache-load-misses:u   #    1.55% of all L1-dcache hits  
        25,299,316      LLC-loads:u                                                 
        11,921,861      LLC-load-misses:u         #   47.12% of all LL-cache hits   

      10.596505051 seconds time elapsed

       9.256721000 seconds user
       1.309988000 seconds sys



 Performance counter stats for './parallel_simd_8.dynamic.elf /home/alessandro.detoffoli/matrix/2_small.mtx':

    60,017,443,824      cycles:u                                                    
   140,579,706,376      instructions:u            #    2.34  insn per cycle         
    28,666,244,526      L1-dcache-loads:u                                           
       419,517,174      L1-dcache-load-misses:u   #    1.46% of all L1-dcache hits  
        60,720,568      LLC-loads:u                                                 
        27,385,887      LLC-load-misses:u         #   45.10% of all LL-cache hits   

      22.262838080 seconds time elapsed

      18.651499000 seconds user
       3.556324000 seconds sys



 Performance counter stats for './parallel_simd_8.dynamic.elf /home/alessandro.detoffoli/matrix/3_medium.mtx':

   124,472,564,578      cycles:u                                                    
   271,801,338,865      instructions:u            #    2.18  insn per cycle         
    55,319,283,347      L1-dcache-loads:u                                           
       826,806,168      L1-dcache-load-misses:u   #    1.49% of all L1-dcache hits  
       110,967,667      LLC-loads:u                                                 
        62,808,441      LLC-load-misses:u         #   56.60% of all LL-cache hits   

      68.791087826 seconds time elapsed

      48.084102000 seconds user
      11.477282000 seconds sys



 Performance counter stats for './parallel_simd_8.dynamic.elf /home/alessandro.detoffoli/matrix/4_big.mtx':

   262,170,046,029      cycles:u                                                    
   514,775,651,148      instructions:u            #    1.96  insn per cycle         
   104,525,579,126      L1-dcache-loads:u                                           
     1,604,371,369      L1-dcache-load-misses:u   #    1.53% of all L1-dcache hits  
       213,497,959      LLC-loads:u                                                 
       110,353,773      LLC-load-misses:u         #   51.69% of all LL-cache hits   

     124.605990735 seconds time elapsed

      87.598988000 seconds user
      32.492990000 seconds sys



 Performance counter stats for './parallel_simd_8.dynamic.elf /home/alessandro.detoffoli/matrix/5_huge.mtx':

   418,510,792,071      cycles:u                                                    
   931,544,208,142      instructions:u            #    2.23  insn per cycle         
   187,648,333,848      L1-dcache-loads:u                                           
     3,145,921,354      L1-dcache-load-misses:u   #    1.68% of all L1-dcache hits  
       382,361,333      LLC-loads:u                                                 
       174,918,209      LLC-load-misses:u         #   45.75% of all LL-cache hits   

     189.930438021 seconds time elapsed

     144.359442000 seconds user
      21.595217000 seconds sys



 Performance counter stats for './parallel_simd_8.dynamic.elf /home/alessandro.detoffoli/matrix/1_little.mtx':

    29,646,673,935      cycles:u                                                    
    70,558,415,108      instructions:u            #    2.38  insn per cycle         
    14,501,362,931      L1-dcache-loads:u                                           
       223,321,421      L1-dcache-load-misses:u   #    1.54% of all L1-dcache hits  
        25,768,801      LLC-loads:u                                                 
        11,036,698      LLC-load-misses:u         #   42.83% of all LL-cache hits   

      10.482338489 seconds time elapsed

       9.107524000 seconds user
       1.335366000 seconds sys



 Performance counter stats for './parallel_simd_8.dynamic.elf /home/alessandro.detoffoli/matrix/2_small.mtx':

    58,310,768,737      cycles:u                                                    
   140,577,985,161      instructions:u            #    2.41  insn per cycle         
    28,666,261,474      L1-dcache-loads:u                                           
       454,101,425      L1-dcache-load-misses:u   #    1.58% of all L1-dcache hits  
        56,005,529      LLC-loads:u                                                 
        22,029,634      LLC-load-misses:u         #   39.33% of all LL-cache hits   

      20.079867791 seconds time elapsed

      17.889783000 seconds user
       2.139830000 seconds sys



 Performance counter stats for './parallel_simd_8.dynamic.elf /home/alessandro.detoffoli/matrix/3_medium.mtx':

   128,594,757,096      cycles:u                                                    
   271,797,923,154      instructions:u            #    2.11  insn per cycle         
    55,319,238,878      L1-dcache-loads:u                                           
       901,743,089      L1-dcache-load-misses:u   #    1.63% of all L1-dcache hits  
        97,172,346      LLC-loads:u                                                 
        51,286,319      LLC-load-misses:u         #   52.78% of all LL-cache hits   

      62.972744267 seconds time elapsed

      46.713361000 seconds user
       6.240665000 seconds sys



 Performance counter stats for './parallel_simd_8.dynamic.elf /home/alessandro.detoffoli/matrix/4_big.mtx':

   257,679,572,597      cycles:u                                                    
   514,773,219,843      instructions:u            #    2.00  insn per cycle         
   104,525,552,213      L1-dcache-loads:u                                           
     1,641,802,874      L1-dcache-load-misses:u   #    1.57% of all L1-dcache hits  
       199,618,877      LLC-loads:u                                                 
       101,620,022      LLC-load-misses:u         #   50.91% of all LL-cache hits   

     115.263939664 seconds time elapsed

      86.549468000 seconds user
      25.243969000 seconds sys



 Performance counter stats for './parallel_simd_8.dynamic.elf /home/alessandro.detoffoli/matrix/5_huge.mtx':

   413,009,793,054      cycles:u                                                    
   931,544,551,428      instructions:u            #    2.26  insn per cycle         
   187,648,703,766      L1-dcache-loads:u                                           
     3,179,530,068      L1-dcache-load-misses:u   #    1.69% of all L1-dcache hits  
       432,440,667      LLC-loads:u                                                 
       173,114,401      LLC-load-misses:u         #   40.03% of all LL-cache hits   

     179.980206497 seconds time elapsed

     142.603241000 seconds user
      22.846355000 seconds sys



 Performance counter stats for './parallel_simd_8.dynamic.elf /home/alessandro.detoffoli/matrix/1_little.mtx':

    36,562,256,987      cycles:u                                                    
    70,558,832,281      instructions:u            #    1.93  insn per cycle         
    14,501,402,331      L1-dcache-loads:u                                           
       212,493,443      L1-dcache-load-misses:u   #    1.47% of all L1-dcache hits  
        22,853,603      LLC-loads:u                                                 
        14,194,341      LLC-load-misses:u         #   62.11% of all LL-cache hits   

      24.550630838 seconds time elapsed

      13.397006000 seconds user
       3.487297000 seconds sys



 Performance counter stats for './parallel_simd_8.dynamic.elf /home/alessandro.detoffoli/matrix/2_small.mtx':

    78,091,691,356      cycles:u                                                    
   140,579,612,898      instructions:u            #    1.80  insn per cycle         
    28,666,277,809      L1-dcache-loads:u                                           
       427,480,904      L1-dcache-load-misses:u   #    1.49% of all L1-dcache hits  
        45,500,859      LLC-loads:u                                                 
        29,127,892      LLC-load-misses:u         #   64.02% of all LL-cache hits   

      41.174698184 seconds time elapsed

      28.176793000 seconds user
       6.131005000 seconds sys



 Performance counter stats for './parallel_simd_8.dynamic.elf /home/alessandro.detoffoli/matrix/3_medium.mtx':

   151,199,762,003      cycles:u                                                    
   271,801,580,646      instructions:u            #    1.80  insn per cycle         
    55,319,565,759      L1-dcache-loads:u                                           
       840,197,764      L1-dcache-load-misses:u   #    1.52% of all L1-dcache hits  
        97,741,600      LLC-loads:u                                                 
        60,161,894      LLC-load-misses:u         #   61.55% of all LL-cache hits   

      70.340388775 seconds time elapsed

      52.055520000 seconds user
      16.883141000 seconds sys



 Performance counter stats for './parallel_simd_8.dynamic.elf /home/alessandro.detoffoli/matrix/4_big.mtx':

   244,642,705,648      cycles:u                                                    
   514,768,279,760      instructions:u            #    2.10  insn per cycle         
   104,524,913,934      L1-dcache-loads:u                                           
     1,727,270,516      L1-dcache-load-misses:u   #    1.65% of all L1-dcache hits  
       193,832,396      LLC-loads:u                                                 
        98,860,820      LLC-load-misses:u         #   51.00% of all LL-cache hits   

     108.259264488 seconds time elapsed

      83.470526000 seconds user
      14.375010000 seconds sys



 Performance counter stats for './parallel_simd_8.dynamic.elf /home/alessandro.detoffoli/matrix/5_huge.mtx':

   455,988,324,987      cycles:u                                                    
   931,558,802,349      instructions:u            #    2.04  insn per cycle         
   187,649,838,045      L1-dcache-loads:u                                           
     2,906,262,548      L1-dcache-load-misses:u   #    1.55% of all L1-dcache hits  
       396,109,719      LLC-loads:u                                                 
       214,771,254      LLC-load-misses:u         #   54.22% of all LL-cache hits   

     234.418870680 seconds time elapsed

     162.222758000 seconds user
      54.359028000 seconds sys



 Performance counter stats for './parallel_simd_8.dynamic.elf /home/alessandro.detoffoli/matrix/1_little.mtx':

    29,828,190,235      cycles:u                                                    
    70,559,077,206      instructions:u            #    2.37  insn per cycle         
    14,501,303,853      L1-dcache-loads:u                                           
       206,892,919      L1-dcache-load-misses:u   #    1.43% of all L1-dcache hits  
        28,787,935      LLC-loads:u                                                 
        13,841,920      LLC-load-misses:u         #   48.08% of all LL-cache hits   

      11.010425929 seconds time elapsed

       9.273850000 seconds user
       1.708104000 seconds sys



 Performance counter stats for './parallel_simd_8.dynamic.elf /home/alessandro.detoffoli/matrix/2_small.mtx':

    60,341,013,767      cycles:u                                                    
   140,579,757,536      instructions:u            #    2.33  insn per cycle         
    28,666,291,624      L1-dcache-loads:u                                           
       416,415,619      L1-dcache-load-misses:u   #    1.45% of all L1-dcache hits  
        62,521,817      LLC-loads:u                                                 
        25,697,124      LLC-load-misses:u         #   41.10% of all LL-cache hits   

      22.820486122 seconds time elapsed

      18.679968000 seconds user
       4.082377000 seconds sys



 Performance counter stats for './parallel_simd_8.dynamic.elf /home/alessandro.detoffoli/matrix/3_medium.mtx':

   136,197,732,797      cycles:u                                                    
   271,798,934,147      instructions:u            #    2.00  insn per cycle         
    55,319,486,526      L1-dcache-loads:u                                           
       877,808,736      L1-dcache-load-misses:u   #    1.59% of all L1-dcache hits  
        94,394,836      LLC-loads:u                                                 
        51,834,458      LLC-load-misses:u         #   54.91% of all LL-cache hits   

      74.531461315 seconds time elapsed

      49.347386000 seconds user
      10.528155000 seconds sys



 Performance counter stats for './parallel_simd_8.dynamic.elf /home/alessandro.detoffoli/matrix/4_big.mtx':

   223,480,954,305      cycles:u                                                    
   514,771,832,202      instructions:u            #    2.30  insn per cycle         
   104,524,419,677      L1-dcache-loads:u                                           
     1,589,412,143      L1-dcache-load-misses:u   #    1.52% of all L1-dcache hits  
       240,605,641      LLC-loads:u                                                 
       113,869,516      LLC-load-misses:u         #   47.33% of all LL-cache hits   

      92.162108356 seconds time elapsed

      77.280794000 seconds user
      14.417850000 seconds sys



 Performance counter stats for './parallel_simd_8.dynamic.elf /home/alessandro.detoffoli/matrix/5_huge.mtx':

   409,011,925,318      cycles:u                                                    
   931,544,294,594      instructions:u            #    2.28  insn per cycle         
   187,648,315,964      L1-dcache-loads:u                                           
     3,158,839,866      L1-dcache-load-misses:u   #    1.68% of all L1-dcache hits  
       388,127,438      LLC-loads:u                                                 
       180,441,548      LLC-load-misses:u         #   46.49% of all LL-cache hits   

     172.513770337 seconds time elapsed

     141.338999000 seconds user
      21.357981000 seconds sys



 Performance counter stats for './parallel_simd_8.dynamic.elf /home/alessandro.detoffoli/matrix/1_little.mtx':

    30,126,092,396      cycles:u                                                    
    70,558,333,374      instructions:u            #    2.34  insn per cycle         
    14,501,338,394      L1-dcache-loads:u                                           
       225,556,816      L1-dcache-load-misses:u   #    1.56% of all L1-dcache hits  
        25,519,324      LLC-loads:u                                                 
        11,020,361      LLC-load-misses:u         #   43.18% of all LL-cache hits   

      10.507587102 seconds time elapsed

       9.231630000 seconds user
       1.248110000 seconds sys



 Performance counter stats for './parallel_simd_8.dynamic.elf /home/alessandro.detoffoli/matrix/2_small.mtx':

    62,511,757,251      cycles:u                                                    
   140,579,777,836      instructions:u            #    2.25  insn per cycle         
    28,666,267,618      L1-dcache-loads:u                                           
       415,699,768      L1-dcache-load-misses:u   #    1.45% of all L1-dcache hits  
        54,136,664      LLC-loads:u                                                 
        30,849,480      LLC-load-misses:u         #   56.98% of all LL-cache hits   

      26.955057882 seconds time elapsed

      20.712121000 seconds user
       4.428334000 seconds sys



 Performance counter stats for './parallel_simd_8.dynamic.elf /home/alessandro.detoffoli/matrix/3_medium.mtx':

   124,940,528,078      cycles:u                                                    
   271,797,684,245      instructions:u            #    2.18  insn per cycle         
    55,319,183,235      L1-dcache-loads:u                                           
       904,219,084      L1-dcache-load-misses:u   #    1.63% of all L1-dcache hits  
       101,571,199      LLC-loads:u                                                 
        51,330,055      LLC-load-misses:u         #   50.54% of all LL-cache hits   

      52.872706180 seconds time elapsed

      46.581045000 seconds user
       5.408938000 seconds sys



 Performance counter stats for './parallel_simd_8.dynamic.elf /home/alessandro.detoffoli/matrix/4_big.mtx':

   218,561,198,058      cycles:u                                                    
   514,766,141,519      instructions:u            #    2.36  insn per cycle         
   104,524,394,800      L1-dcache-loads:u                                           
     1,726,026,815      L1-dcache-load-misses:u   #    1.65% of all L1-dcache hits  
       236,340,496      LLC-loads:u                                                 
        82,845,736      LLC-load-misses:u         #   35.05% of all LL-cache hits   

      80.210446234 seconds time elapsed

      71.045070000 seconds user
       7.710016000 seconds sys



 Performance counter stats for './parallel_simd_8.dynamic.elf /home/alessandro.detoffoli/matrix/5_huge.mtx':

   404,747,840,299      cycles:u                                                    
   931,543,314,141      instructions:u            #    2.30  insn per cycle         
   187,647,827,316      L1-dcache-loads:u                                           
     3,154,010,707      L1-dcache-load-misses:u   #    1.68% of all L1-dcache hits  
       396,685,029      LLC-loads:u                                                 
       174,300,758      LLC-load-misses:u         #   43.94% of all LL-cache hits   

     153.734553095 seconds time elapsed

     136.318038000 seconds user
      16.080963000 seconds sys


