
 Performance counter stats for './parallel_simd_32.static.elf /home/alessandro.detoffoli/matrix/1_little.mtx':

    28,988,949,599      cycles:u                                                    
    70,571,924,692      instructions:u            #    2.43  insn per cycle         
    14,520,186,694      L1-dcache-loads:u                                           
       206,065,325      L1-dcache-load-misses:u   #    1.42% of all L1-dcache hits  
        28,711,983      LLC-loads:u                                                 
        10,981,680      LLC-load-misses:u         #   38.25% of all LL-cache hits   

       9.814809689 seconds time elapsed

       8.079261000 seconds user
       1.708863000 seconds sys



 Performance counter stats for './parallel_simd_32.static.elf /home/alessandro.detoffoli/matrix/2_small.mtx':

    58,411,642,902      cycles:u                                                    
   140,605,071,735      instructions:u            #    2.41  insn per cycle         
    28,703,401,054      L1-dcache-loads:u                                           
       417,619,691      L1-dcache-load-misses:u   #    1.45% of all L1-dcache hits  
        58,257,112      LLC-loads:u                                                 
        22,826,992      LLC-load-misses:u         #   39.18% of all LL-cache hits   

      19.734283543 seconds time elapsed

      16.264903000 seconds user
       3.419989000 seconds sys



 Performance counter stats for './parallel_simd_32.static.elf /home/alessandro.detoffoli/matrix/3_medium.mtx':

   114,803,465,135      cycles:u                                                    
   271,850,532,384      instructions:u            #    2.37  insn per cycle         
    55,390,724,779      L1-dcache-loads:u                                           
       827,767,982      L1-dcache-load-misses:u   #    1.49% of all L1-dcache hits  
       120,948,734      LLC-loads:u                                                 
        47,464,737      LLC-load-misses:u         #   39.24% of all LL-cache hits   

      38.983831391 seconds time elapsed

      31.926280000 seconds user
       6.955724000 seconds sys



 Performance counter stats for './parallel_simd_32.static.elf /home/alessandro.detoffoli/matrix/4_big.mtx':

   215,239,650,171      cycles:u                                                    
   514,864,689,785      instructions:u            #    2.39  insn per cycle         
   104,659,282,076      L1-dcache-loads:u                                           
     1,595,702,301      L1-dcache-load-misses:u   #    1.52% of all L1-dcache hits  
       234,244,897      LLC-loads:u                                                 
        89,265,555      LLC-load-misses:u         #   38.11% of all LL-cache hits   

      73.485344881 seconds time elapsed

      59.702277000 seconds user
      13.602709000 seconds sys



 Performance counter stats for './parallel_simd_32.static.elf /home/alessandro.detoffoli/matrix/5_huge.mtx':

   416,759,319,220      cycles:u                                                    
   931,718,198,685      instructions:u            #    2.24  insn per cycle         
   187,887,678,825      L1-dcache-loads:u                                           
     2,933,826,154      L1-dcache-load-misses:u   #    1.56% of all L1-dcache hits  
       394,897,618      LLC-loads:u                                                 
       166,043,746      LLC-load-misses:u         #   42.05% of all LL-cache hits   

     143.901919882 seconds time elapsed

     115.076420000 seconds user
      28.441720000 seconds sys



 Performance counter stats for './parallel_simd_32.static.elf /home/alessandro.detoffoli/matrix/1_little.mtx':

    30,168,256,394      cycles:u                                                    
    70,572,104,659      instructions:u            #    2.34  insn per cycle         
    14,520,251,568      L1-dcache-loads:u                                           
       204,476,330      L1-dcache-load-misses:u   #    1.41% of all L1-dcache hits  
        27,843,236      LLC-loads:u                                                 
        11,022,560      LLC-load-misses:u         #   39.59% of all LL-cache hits   

      10.949510740 seconds time elapsed

       8.345637000 seconds user
       2.574335000 seconds sys



 Performance counter stats for './parallel_simd_32.static.elf /home/alessandro.detoffoli/matrix/2_small.mtx':

    62,722,173,658      cycles:u                                                    
   140,605,263,345      instructions:u            #    2.24  insn per cycle         
    28,703,431,482      L1-dcache-loads:u                                           
       416,438,104      L1-dcache-load-misses:u   #    1.45% of all L1-dcache hits  
        51,924,267      LLC-loads:u                                                 
        22,770,635      LLC-load-misses:u         #   43.85% of all LL-cache hits   

      22.161742841 seconds time elapsed

      17.264616000 seconds user
       4.838122000 seconds sys



 Performance counter stats for './parallel_simd_32.static.elf /home/alessandro.detoffoli/matrix/3_medium.mtx':

   123,074,283,831      cycles:u                                                    
   271,850,931,475      instructions:u            #    2.21  insn per cycle         
    55,390,754,352      L1-dcache-loads:u                                           
       809,543,072      L1-dcache-load-misses:u   #    1.46% of all L1-dcache hits  
       108,470,309      LLC-loads:u                                                 
        47,550,437      LLC-load-misses:u         #   43.84% of all LL-cache hits   

      44.387872228 seconds time elapsed

      34.014054000 seconds user
      10.251999000 seconds sys



 Performance counter stats for './parallel_simd_32.static.elf /home/alessandro.detoffoli/matrix/4_big.mtx':

   235,282,603,498      cycles:u                                                    
   514,865,578,855      instructions:u            #    2.19  insn per cycle         
   104,659,330,636      L1-dcache-loads:u                                           
     1,594,854,327      L1-dcache-load-misses:u   #    1.52% of all L1-dcache hits  
       208,179,081      LLC-loads:u                                                 
        91,615,889      LLC-load-misses:u         #   44.01% of all LL-cache hits   

      81.175580148 seconds time elapsed

      64.692986000 seconds user
      16.276502000 seconds sys



 Performance counter stats for './parallel_simd_32.static.elf /home/alessandro.detoffoli/matrix/5_huge.mtx':

   420,538,568,237      cycles:u                                                    
   931,721,657,116      instructions:u            #    2.22  insn per cycle         
   187,888,058,996      L1-dcache-loads:u                                           
     2,905,231,961      L1-dcache-load-misses:u   #    1.55% of all L1-dcache hits  
       386,068,904      LLC-loads:u                                                 
       169,225,941      LLC-load-misses:u         #   43.83% of all LL-cache hits   

     154.393719501 seconds time elapsed

     116.778544000 seconds user
      37.236211000 seconds sys



 Performance counter stats for './parallel_simd_32.static.elf /home/alessandro.detoffoli/matrix/1_little.mtx':

    28,898,662,518      cycles:u                                                    
    70,571,893,700      instructions:u            #    2.44  insn per cycle         
    14,520,186,708      L1-dcache-loads:u                                           
       206,714,996      L1-dcache-load-misses:u   #    1.42% of all L1-dcache hits  
        28,676,665      LLC-loads:u                                                 
        11,125,124      LLC-load-misses:u         #   38.80% of all LL-cache hits   

       9.818341388 seconds time elapsed

       8.061802000 seconds user
       1.682537000 seconds sys



 Performance counter stats for './parallel_simd_32.static.elf /home/alessandro.detoffoli/matrix/2_small.mtx':

    58,660,491,753      cycles:u                                                    
   140,605,073,633      instructions:u            #    2.40  insn per cycle         
    28,703,400,932      L1-dcache-loads:u                                           
       416,574,864      L1-dcache-load-misses:u   #    1.45% of all L1-dcache hits  
        59,828,134      LLC-loads:u                                                 
        22,782,529      LLC-load-misses:u         #   38.08% of all LL-cache hits   

      19.711871533 seconds time elapsed

      16.115443000 seconds user
       3.545736000 seconds sys



 Performance counter stats for './parallel_simd_32.static.elf /home/alessandro.detoffoli/matrix/3_medium.mtx':

   119,487,794,507      cycles:u                                                    
   271,850,003,600      instructions:u            #    2.28  insn per cycle         
    55,390,729,117      L1-dcache-loads:u                                           
       819,606,390      L1-dcache-load-misses:u   #    1.48% of all L1-dcache hits  
       108,784,043      LLC-loads:u                                                 
        45,736,282      LLC-load-misses:u         #   42.04% of all LL-cache hits   

      41.075284492 seconds time elapsed

      32.905690000 seconds user
       8.068553000 seconds sys



 Performance counter stats for './parallel_simd_32.static.elf /home/alessandro.detoffoli/matrix/4_big.mtx':

   233,024,478,605      cycles:u                                                    
   514,865,501,645      instructions:u            #    2.21  insn per cycle         
   104,659,272,531      L1-dcache-loads:u                                           
     1,592,087,654      L1-dcache-load-misses:u   #    1.52% of all L1-dcache hits  
       205,508,573      LLC-loads:u                                                 
        91,257,491      LLC-load-misses:u         #   44.41% of all LL-cache hits   

      81.134841850 seconds time elapsed

      64.241404000 seconds user
      16.692349000 seconds sys



 Performance counter stats for './parallel_simd_32.static.elf /home/alessandro.detoffoli/matrix/5_huge.mtx':

   432,989,186,414      cycles:u                                                    
   931,720,686,376      instructions:u            #    2.15  insn per cycle         
   187,887,500,875      L1-dcache-loads:u                                           
     2,947,254,597      L1-dcache-load-misses:u   #    1.57% of all L1-dcache hits  
       383,872,047      LLC-loads:u                                                 
       173,540,975      LLC-load-misses:u         #   45.21% of all LL-cache hits   

     152.179531084 seconds time elapsed

     119.117128000 seconds user
      32.695687000 seconds sys



 Performance counter stats for './parallel_simd_32.static.elf /home/alessandro.detoffoli/matrix/1_little.mtx':

    29,037,467,403      cycles:u                                                    
    70,571,923,009      instructions:u            #    2.43  insn per cycle         
    14,520,186,734      L1-dcache-loads:u                                           
       206,776,581      L1-dcache-load-misses:u   #    1.42% of all L1-dcache hits  
        29,085,805      LLC-loads:u                                                 
        10,999,013      LLC-load-misses:u         #   37.82% of all LL-cache hits   

       9.683210702 seconds time elapsed

       7.955581000 seconds user
       1.694773000 seconds sys



 Performance counter stats for './parallel_simd_32.static.elf /home/alessandro.detoffoli/matrix/2_small.mtx':

    58,346,471,923      cycles:u                                                    
   140,605,034,052      instructions:u            #    2.41  insn per cycle         
    28,703,400,909      L1-dcache-loads:u                                           
       418,418,003      L1-dcache-load-misses:u   #    1.46% of all L1-dcache hits  
        58,487,846      LLC-loads:u                                                 
        22,709,342      LLC-load-misses:u         #   38.83% of all LL-cache hits   

      19.394120662 seconds time elapsed

      16.070845000 seconds user
       3.267141000 seconds sys



 Performance counter stats for './parallel_simd_32.static.elf /home/alessandro.detoffoli/matrix/3_medium.mtx':

   115,959,164,731      cycles:u                                                    
   271,850,405,354      instructions:u            #    2.34  insn per cycle         
    55,390,718,399      L1-dcache-loads:u                                           
       821,295,852      L1-dcache-load-misses:u   #    1.48% of all L1-dcache hits  
       119,206,896      LLC-loads:u                                                 
        46,487,102      LLC-load-misses:u         #   39.00% of all LL-cache hits   

      40.238829350 seconds time elapsed

      31.920897000 seconds user
       8.200449000 seconds sys



 Performance counter stats for './parallel_simd_32.static.elf /home/alessandro.detoffoli/matrix/4_big.mtx':

   231,313,147,075      cycles:u                                                    
   514,866,207,305      instructions:u            #    2.23  insn per cycle         
   104,660,013,400      L1-dcache-loads:u                                           
     1,574,511,656      L1-dcache-load-misses:u   #    1.50% of all L1-dcache hits  
       200,493,076      LLC-loads:u                                                 
        90,077,946      LLC-load-misses:u         #   44.93% of all LL-cache hits   

      85.228713723 seconds time elapsed

      63.884149000 seconds user
      21.137928000 seconds sys



 Performance counter stats for './parallel_simd_32.static.elf /home/alessandro.detoffoli/matrix/5_huge.mtx':

   387,914,879,764      cycles:u                                                    
   931,718,025,604      instructions:u            #    2.40  insn per cycle         
   187,887,496,673      L1-dcache-loads:u                                           
     2,913,437,360      L1-dcache-load-misses:u   #    1.55% of all L1-dcache hits  
       440,241,869      LLC-loads:u                                                 
       166,746,617      LLC-load-misses:u         #   37.88% of all LL-cache hits   

     131.601412418 seconds time elapsed

     106.769851000 seconds user
      24.504899000 seconds sys



 Performance counter stats for './parallel_simd_32.static.elf /home/alessandro.detoffoli/matrix/1_little.mtx':

    28,964,145,979      cycles:u                                                    
    70,571,925,554      instructions:u            #    2.44  insn per cycle         
    14,520,186,701      L1-dcache-loads:u                                           
       205,842,393      L1-dcache-load-misses:u   #    1.42% of all L1-dcache hits  
        28,776,135      LLC-loads:u                                                 
        11,185,557      LLC-load-misses:u         #   38.87% of all LL-cache hits   

       9.793339691 seconds time elapsed

       8.029063000 seconds user
       1.735905000 seconds sys



 Performance counter stats for './parallel_simd_32.static.elf /home/alessandro.detoffoli/matrix/2_small.mtx':

    58,269,559,484      cycles:u                                                    
   140,605,050,242      instructions:u            #    2.41  insn per cycle         
    28,703,401,307      L1-dcache-loads:u                                           
       416,387,768      L1-dcache-load-misses:u   #    1.45% of all L1-dcache hits  
        60,050,006      LLC-loads:u                                                 
        22,604,941      LLC-load-misses:u         #   37.64% of all LL-cache hits   

      19.373854451 seconds time elapsed

      16.071191000 seconds user
       3.254141000 seconds sys



 Performance counter stats for './parallel_simd_32.static.elf /home/alessandro.detoffoli/matrix/3_medium.mtx':

   113,385,635,122      cycles:u                                                    
   271,849,851,773      instructions:u            #    2.40  insn per cycle         
    55,390,709,841      L1-dcache-loads:u                                           
       824,382,001      L1-dcache-load-misses:u   #    1.49% of all L1-dcache hits  
       122,378,971      LLC-loads:u                                                 
        45,737,339      LLC-load-misses:u         #   37.37% of all LL-cache hits   

      37.544630735 seconds time elapsed

      31.205508000 seconds user
       6.247486000 seconds sys



 Performance counter stats for './parallel_simd_32.static.elf /home/alessandro.detoffoli/matrix/4_big.mtx':

   213,804,418,542      cycles:u                                                    
   514,864,997,839      instructions:u            #    2.41  insn per cycle         
   104,659,264,228      L1-dcache-loads:u                                           
     1,599,811,430      L1-dcache-load-misses:u   #    1.53% of all L1-dcache hits  
       237,809,365      LLC-loads:u                                                 
        89,523,532      LLC-load-misses:u         #   37.65% of all LL-cache hits   

      70.621857601 seconds time elapsed

      58.913996000 seconds user
      11.523102000 seconds sys



 Performance counter stats for './parallel_simd_32.static.elf /home/alessandro.detoffoli/matrix/5_huge.mtx':

   413,956,180,351      cycles:u                                                    
   931,718,384,423      instructions:u            #    2.25  insn per cycle         
   187,887,605,290      L1-dcache-loads:u                                           
     2,914,230,450      L1-dcache-load-misses:u   #    1.55% of all L1-dcache hits  
       375,037,856      LLC-loads:u                                                 
       171,632,177      LLC-load-misses:u         #   45.76% of all LL-cache hits   

     141.765970170 seconds time elapsed

     114.035102000 seconds user
      27.390257000 seconds sys



 Performance counter stats for './parallel_simd_32.static.elf /home/alessandro.detoffoli/matrix/1_little.mtx':

    29,052,527,210      cycles:u                                                    
    70,571,904,808      instructions:u            #    2.43  insn per cycle         
    14,520,186,880      L1-dcache-loads:u                                           
       205,241,558      L1-dcache-load-misses:u   #    1.41% of all L1-dcache hits  
        28,139,064      LLC-loads:u                                                 
        11,342,443      LLC-load-misses:u         #   40.31% of all LL-cache hits   

       9.640343485 seconds time elapsed

       7.962413000 seconds user
       1.639965000 seconds sys



 Performance counter stats for './parallel_simd_32.static.elf /home/alessandro.detoffoli/matrix/2_small.mtx':

    58,421,425,591      cycles:u                                                    
   140,605,059,647      instructions:u            #    2.41  insn per cycle         
    28,703,401,077      L1-dcache-loads:u                                           
       416,431,393      L1-dcache-load-misses:u   #    1.45% of all L1-dcache hits  
        59,072,831      LLC-loads:u                                                 
        22,473,738      LLC-load-misses:u         #   38.04% of all LL-cache hits   

      19.346869501 seconds time elapsed

      16.004670000 seconds user
       3.273902000 seconds sys



 Performance counter stats for './parallel_simd_32.static.elf /home/alessandro.detoffoli/matrix/3_medium.mtx':

   113,474,402,817      cycles:u                                                    
   271,849,851,297      instructions:u            #    2.40  insn per cycle         
    55,390,709,655      L1-dcache-loads:u                                           
       823,606,952      L1-dcache-load-misses:u   #    1.49% of all L1-dcache hits  
       122,385,749      LLC-loads:u                                                 
        45,592,459      LLC-load-misses:u         #   37.25% of all LL-cache hits   

      37.376813656 seconds time elapsed

      31.297424000 seconds user
       5.987315000 seconds sys



 Performance counter stats for './parallel_simd_32.static.elf /home/alessandro.detoffoli/matrix/4_big.mtx':

   214,729,225,515      cycles:u                                                    
   514,865,059,379      instructions:u            #    2.40  insn per cycle         
   104,659,263,333      L1-dcache-loads:u                                           
     1,571,860,091      L1-dcache-load-misses:u   #    1.50% of all L1-dcache hits  
       239,689,552      LLC-loads:u                                                 
        90,281,314      LLC-load-misses:u         #   37.67% of all LL-cache hits   

      73.425621603 seconds time elapsed

      59.051957000 seconds user
      14.183487000 seconds sys



 Performance counter stats for './parallel_simd_32.static.elf /home/alessandro.detoffoli/matrix/5_huge.mtx':

   413,586,424,721      cycles:u                                                    
   931,718,172,046      instructions:u            #    2.25  insn per cycle         
   187,887,591,485      L1-dcache-loads:u                                           
     2,916,280,024      L1-dcache-load-misses:u   #    1.55% of all L1-dcache hits  
       376,980,037      LLC-loads:u                                                 
       164,367,297      LLC-load-misses:u         #   43.60% of all LL-cache hits   

     143.084049516 seconds time elapsed

     114.125325000 seconds user
      28.601406000 seconds sys



 Performance counter stats for './parallel_simd_32.static.elf /home/alessandro.detoffoli/matrix/1_little.mtx':

    28,963,999,383      cycles:u                                                    
    70,571,926,625      instructions:u            #    2.44  insn per cycle         
    14,520,186,747      L1-dcache-loads:u                                           
       206,352,348      L1-dcache-load-misses:u   #    1.42% of all L1-dcache hits  
        28,777,347      LLC-loads:u                                                 
        10,686,312      LLC-load-misses:u         #   37.13% of all LL-cache hits   

       9.614524845 seconds time elapsed

       7.921872000 seconds user
       1.664191000 seconds sys



 Performance counter stats for './parallel_simd_32.static.elf /home/alessandro.detoffoli/matrix/2_small.mtx':

    58,442,810,239      cycles:u                                                    
   140,605,032,524      instructions:u            #    2.41  insn per cycle         
    28,703,401,019      L1-dcache-loads:u                                           
       416,174,571      L1-dcache-load-misses:u   #    1.45% of all L1-dcache hits  
        60,247,396      LLC-loads:u                                                 
        22,205,794      LLC-load-misses:u         #   36.86% of all LL-cache hits   

      19.185246352 seconds time elapsed

      15.903670000 seconds user
       3.233326000 seconds sys



 Performance counter stats for './parallel_simd_32.static.elf /home/alessandro.detoffoli/matrix/3_medium.mtx':

   113,673,731,330      cycles:u                                                    
   271,849,855,238      instructions:u            #    2.39  insn per cycle         
    55,390,709,567      L1-dcache-loads:u                                           
       825,435,214      L1-dcache-load-misses:u   #    1.49% of all L1-dcache hits  
       118,089,895      LLC-loads:u                                                 
        45,844,110      LLC-load-misses:u         #   38.82% of all LL-cache hits   

      37.435619409 seconds time elapsed

      31.291007000 seconds user
       6.050692000 seconds sys



 Performance counter stats for './parallel_simd_32.static.elf /home/alessandro.detoffoli/matrix/4_big.mtx':

   214,698,916,604      cycles:u                                                    
   514,864,922,840      instructions:u            #    2.40  insn per cycle         
   104,659,274,649      L1-dcache-loads:u                                           
     1,601,614,619      L1-dcache-load-misses:u   #    1.53% of all L1-dcache hits  
       241,324,546      LLC-loads:u                                                 
        92,993,085      LLC-load-misses:u         #   38.53% of all LL-cache hits   

      72.982875995 seconds time elapsed

      59.627344000 seconds user
      13.176974000 seconds sys



 Performance counter stats for './parallel_simd_32.static.elf /home/alessandro.detoffoli/matrix/5_huge.mtx':

   417,290,713,633      cycles:u                                                    
   931,718,849,079      instructions:u            #    2.23  insn per cycle         
   187,887,510,351      L1-dcache-loads:u                                           
     2,884,285,171      L1-dcache-load-misses:u   #    1.54% of all L1-dcache hits  
       372,916,827      LLC-loads:u                                                 
       169,921,332      LLC-load-misses:u         #   45.57% of all LL-cache hits   

     147.331264882 seconds time elapsed

     115.882193000 seconds user
      31.078752000 seconds sys



 Performance counter stats for './parallel_simd_32.static.elf /home/alessandro.detoffoli/matrix/1_little.mtx':

    29,560,721,586      cycles:u                                                    
    70,572,205,801      instructions:u            #    2.39  insn per cycle         
    14,520,303,484      L1-dcache-loads:u                                           
       204,354,809      L1-dcache-load-misses:u   #    1.41% of all L1-dcache hits  
        28,478,193      LLC-loads:u                                                 
        10,768,535      LLC-load-misses:u         #   37.81% of all LL-cache hits   

      10.758370234 seconds time elapsed

       8.166964000 seconds user
       2.560315000 seconds sys



 Performance counter stats for './parallel_simd_32.static.elf /home/alessandro.detoffoli/matrix/2_small.mtx':

    59,457,664,419      cycles:u                                                    
   140,605,352,863      instructions:u            #    2.36  insn per cycle         
    28,703,627,629      L1-dcache-loads:u                                           
       417,185,805      L1-dcache-load-misses:u   #    1.45% of all L1-dcache hits  
        59,420,027      LLC-loads:u                                                 
        22,366,268      LLC-load-misses:u         #   37.64% of all LL-cache hits   

      20.750782980 seconds time elapsed

      16.364958000 seconds user
       4.333278000 seconds sys



 Performance counter stats for './parallel_simd_32.static.elf /home/alessandro.detoffoli/matrix/3_medium.mtx':

   113,693,228,941      cycles:u                                                    
   271,849,860,763      instructions:u            #    2.39  insn per cycle         
    55,390,709,734      L1-dcache-loads:u                                           
       824,113,528      L1-dcache-load-misses:u   #    1.49% of all L1-dcache hits  
       119,890,859      LLC-loads:u                                                 
        46,415,567      LLC-load-misses:u         #   38.71% of all LL-cache hits   

      37.622406255 seconds time elapsed

      31.578124000 seconds user
       5.950464000 seconds sys



 Performance counter stats for './parallel_simd_32.static.elf /home/alessandro.detoffoli/matrix/4_big.mtx':

   217,302,421,813      cycles:u                                                    
   514,864,922,572      instructions:u            #    2.37  insn per cycle         
   104,659,283,717      L1-dcache-loads:u                                           
     1,600,678,743      L1-dcache-load-misses:u   #    1.53% of all L1-dcache hits  
       233,282,465      LLC-loads:u                                                 
        87,991,294      LLC-load-misses:u         #   37.72% of all LL-cache hits   

      74.072129018 seconds time elapsed

      59.592592000 seconds user
      14.286619000 seconds sys



 Performance counter stats for './parallel_simd_32.static.elf /home/alessandro.detoffoli/matrix/5_huge.mtx':

   420,093,814,428      cycles:u                                                    
   931,720,273,644      instructions:u            #    2.22  insn per cycle         
   187,888,007,517      L1-dcache-loads:u                                           
     2,902,892,646      L1-dcache-load-misses:u   #    1.55% of all L1-dcache hits  
       384,696,268      LLC-loads:u                                                 
       172,351,513      LLC-load-misses:u         #   44.80% of all LL-cache hits   

     152.407528865 seconds time elapsed

     116.529336000 seconds user
      35.506097000 seconds sys



 Performance counter stats for './parallel_simd_32.static.elf /home/alessandro.detoffoli/matrix/1_little.mtx':

    28,979,608,186      cycles:u                                                    
    70,571,929,156      instructions:u            #    2.44  insn per cycle         
    14,520,186,749      L1-dcache-loads:u                                           
       205,292,980      L1-dcache-load-misses:u   #    1.41% of all L1-dcache hits  
        29,360,292      LLC-loads:u                                                 
        11,325,523      LLC-load-misses:u         #   38.57% of all LL-cache hits   

       9.504175648 seconds time elapsed

       7.801985000 seconds user
       1.662406000 seconds sys



 Performance counter stats for './parallel_simd_32.static.elf /home/alessandro.detoffoli/matrix/2_small.mtx':

    58,377,057,255      cycles:u                                                    
   140,605,069,116      instructions:u            #    2.41  insn per cycle         
    28,703,401,061      L1-dcache-loads:u                                           
       414,628,797      L1-dcache-load-misses:u   #    1.44% of all L1-dcache hits  
        59,532,014      LLC-loads:u                                                 
        22,923,368      LLC-load-misses:u         #   38.51% of all LL-cache hits   

      19.592822035 seconds time elapsed

      16.336475000 seconds user
       3.197850000 seconds sys



 Performance counter stats for './parallel_simd_32.static.elf /home/alessandro.detoffoli/matrix/3_medium.mtx':

   119,866,298,886      cycles:u                                                    
   271,849,923,105      instructions:u            #    2.27  insn per cycle         
    55,390,710,016      L1-dcache-loads:u                                           
       832,760,567      L1-dcache-load-misses:u   #    1.50% of all L1-dcache hits  
       117,669,226      LLC-loads:u                                                 
        46,066,343      LLC-load-misses:u         #   39.15% of all LL-cache hits   

      39.414735330 seconds time elapsed

      33.175008000 seconds user
       6.141561000 seconds sys



 Performance counter stats for './parallel_simd_32.static.elf /home/alessandro.detoffoli/matrix/4_big.mtx':

   217,880,727,113      cycles:u                                                    
   514,866,449,422      instructions:u            #    2.36  insn per cycle         
   104,660,046,065      L1-dcache-loads:u                                           
     1,603,183,477      L1-dcache-load-misses:u   #    1.53% of all L1-dcache hits  
       243,058,679      LLC-loads:u                                                 
        92,587,275      LLC-load-misses:u         #   38.09% of all LL-cache hits   

      77.018899144 seconds time elapsed

      60.303316000 seconds user
      16.520909000 seconds sys



 Performance counter stats for './parallel_simd_32.static.elf /home/alessandro.detoffoli/matrix/5_huge.mtx':

   387,121,212,121      cycles:u                                                    
   931,717,967,895      instructions:u            #    2.41  insn per cycle         
   187,887,495,750      L1-dcache-loads:u                                           
     2,947,323,880      L1-dcache-load-misses:u   #    1.57% of all L1-dcache hits  
       433,771,558      LLC-loads:u                                                 
       170,245,427      LLC-load-misses:u         #   39.25% of all LL-cache hits   

     128.677690922 seconds time elapsed

     106.928800000 seconds user
      21.440002000 seconds sys



 Performance counter stats for './parallel_simd_32.static.elf /home/alessandro.detoffoli/matrix/1_little.mtx':

    29,111,178,766      cycles:u                                                    
    70,571,894,203      instructions:u            #    2.42  insn per cycle         
    14,520,187,215      L1-dcache-loads:u                                           
       205,723,971      L1-dcache-load-misses:u   #    1.42% of all L1-dcache hits  
        27,893,850      LLC-loads:u                                                 
        11,840,543      LLC-load-misses:u         #   42.45% of all LL-cache hits   

       9.679504729 seconds time elapsed

       7.963802000 seconds user
       1.688653000 seconds sys



 Performance counter stats for './parallel_simd_32.static.elf /home/alessandro.detoffoli/matrix/2_small.mtx':

    59,350,478,413      cycles:u                                                    
   140,605,480,028      instructions:u            #    2.37  insn per cycle         
    28,703,590,867      L1-dcache-loads:u                                           
       418,180,396      L1-dcache-load-misses:u   #    1.46% of all L1-dcache hits  
        59,185,869      LLC-loads:u                                                 
        23,120,675      LLC-load-misses:u         #   39.06% of all LL-cache hits   

      20.752026723 seconds time elapsed

      16.410319000 seconds user
       4.283836000 seconds sys



 Performance counter stats for './parallel_simd_32.static.elf /home/alessandro.detoffoli/matrix/3_medium.mtx':

   113,626,751,259      cycles:u                                                    
   271,849,867,646      instructions:u            #    2.39  insn per cycle         
    55,390,709,676      L1-dcache-loads:u                                           
       823,437,202      L1-dcache-load-misses:u   #    1.49% of all L1-dcache hits  
       120,377,921      LLC-loads:u                                                 
        46,448,539      LLC-load-misses:u         #   38.59% of all LL-cache hits   

      37.480999676 seconds time elapsed

      31.107869000 seconds user
       6.280034000 seconds sys



 Performance counter stats for './parallel_simd_32.static.elf /home/alessandro.detoffoli/matrix/4_big.mtx':

   214,465,100,150      cycles:u                                                    
   514,864,993,917      instructions:u            #    2.40  insn per cycle         
   104,659,263,493      L1-dcache-loads:u                                           
     1,597,394,899      L1-dcache-load-misses:u   #    1.53% of all L1-dcache hits  
       237,426,688      LLC-loads:u                                                 
        94,533,807      LLC-load-misses:u         #   39.82% of all LL-cache hits   

      71.095986529 seconds time elapsed

      58.907382000 seconds user
      12.010876000 seconds sys



 Performance counter stats for './parallel_simd_32.static.elf /home/alessandro.detoffoli/matrix/5_huge.mtx':

   385,979,199,797      cycles:u                                                    
   931,718,249,048      instructions:u            #    2.41  insn per cycle         
   187,887,495,679      L1-dcache-loads:u                                           
     2,928,425,039      L1-dcache-load-misses:u   #    1.56% of all L1-dcache hits  
       448,681,781      LLC-loads:u                                                 
       173,322,809      LLC-load-misses:u         #   38.63% of all LL-cache hits   

     127.833872063 seconds time elapsed

     106.379018000 seconds user
      21.146519000 seconds sys


