
 Performance counter stats for './parallel_4.static.elf /home/alessandro.detoffoli/matrix/1_little.mtx':

    32,601,120,873      cycles:u                                                    
    70,542,732,600      instructions:u            #    2.16  insn per cycle         
    14,501,343,374      L1-dcache-loads:u                                           
       207,899,928      L1-dcache-load-misses:u   #    1.43% of all L1-dcache hits  
        22,205,560      LLC-loads:u                                                 
        19,320,641      LLC-load-misses:u         #   87.01% of all LL-cache hits   

      23.500767437 seconds time elapsed

      12.307194000 seconds user
       3.611142000 seconds sys



 Performance counter stats for './parallel_4.static.elf /home/alessandro.detoffoli/matrix/2_small.mtx':

    65,683,121,650      cycles:u                                                    
   140,547,890,779      instructions:u            #    2.14  insn per cycle         
    28,666,289,197      L1-dcache-loads:u                                           
       422,245,935      L1-dcache-load-misses:u   #    1.47% of all L1-dcache hits  
        45,512,126      LLC-loads:u                                                 
        40,749,177      LLC-load-misses:u         #   89.53% of all LL-cache hits   

      45.289241108 seconds time elapsed

      24.418551000 seconds user
       7.198273000 seconds sys



 Performance counter stats for './parallel_4.static.elf /home/alessandro.detoffoli/matrix/3_medium.mtx':

   129,442,313,031      cycles:u                                                    
   271,740,938,501      instructions:u            #    2.10  insn per cycle         
    55,319,581,397      L1-dcache-loads:u                                           
       820,009,068      L1-dcache-load-misses:u   #    1.48% of all L1-dcache hits  
        91,233,792      LLC-loads:u                                                 
        81,503,315      LLC-load-misses:u         #   89.33% of all LL-cache hits   

      91.991496560 seconds time elapsed

      47.706440000 seconds user
      15.840418000 seconds sys



 Performance counter stats for './parallel_4.static.elf /home/alessandro.detoffoli/matrix/4_big.mtx':

   259,680,297,920      cycles:u                                                    
   514,659,200,133      instructions:u            #    1.98  insn per cycle         
   104,524,613,705      L1-dcache-loads:u                                           
     1,627,284,447      L1-dcache-load-misses:u   #    1.56% of all L1-dcache hits  
       181,296,029      LLC-loads:u                                                 
       168,752,528      LLC-load-misses:u         #   93.08% of all LL-cache hits   

     205.259718703 seconds time elapsed

      96.098075000 seconds user
      30.915857000 seconds sys



 Performance counter stats for './parallel_4.static.elf /home/alessandro.detoffoli/matrix/5_huge.mtx':

   437,469,947,219      cycles:u                                                    
   931,351,203,260      instructions:u            #    2.13  insn per cycle         
   187,648,737,630      L1-dcache-loads:u                                           
     2,908,140,387      L1-dcache-load-misses:u   #    1.55% of all L1-dcache hits  
       340,399,410      LLC-loads:u                                                 
       309,096,495      LLC-load-misses:u         #   90.80% of all LL-cache hits   

     321.423474050 seconds time elapsed

     162.849220000 seconds user
      52.121767000 seconds sys



 Performance counter stats for './parallel_4.static.elf /home/alessandro.detoffoli/matrix/1_little.mtx':

    32,430,101,263      cycles:u                                                    
    70,542,698,526      instructions:u            #    2.18  insn per cycle         
    14,501,369,193      L1-dcache-loads:u                                           
       208,705,526      L1-dcache-load-misses:u   #    1.44% of all L1-dcache hits  
        22,000,523      LLC-loads:u                                                 
        18,205,110      LLC-load-misses:u         #   82.75% of all LL-cache hits   

      23.889923711 seconds time elapsed

      11.872544000 seconds user
       3.038629000 seconds sys



 Performance counter stats for './parallel_4.static.elf /home/alessandro.detoffoli/matrix/2_small.mtx':

    68,959,024,616      cycles:u                                                    
   140,548,071,849      instructions:u            #    2.04  insn per cycle         
    28,666,421,714      L1-dcache-loads:u                                           
       416,632,469      L1-dcache-load-misses:u   #    1.45% of all L1-dcache hits  
        43,985,428      LLC-loads:u                                                 
        39,141,700      LLC-load-misses:u         #   88.99% of all LL-cache hits   

      47.395865128 seconds time elapsed

      25.246345000 seconds user
       7.639204000 seconds sys



 Performance counter stats for './parallel_4.static.elf /home/alessandro.detoffoli/matrix/3_medium.mtx':

   123,228,897,817      cycles:u                                                    
   271,738,014,910      instructions:u            #    2.21  insn per cycle         
    55,319,117,259      L1-dcache-loads:u                                           
       826,907,129      L1-dcache-load-misses:u   #    1.49% of all L1-dcache hits  
        90,039,190      LLC-loads:u                                                 
        79,692,496      LLC-load-misses:u         #   88.51% of all LL-cache hits   

      76.343185879 seconds time elapsed

      44.881049000 seconds user
       8.909293000 seconds sys



 Performance counter stats for './parallel_4.static.elf /home/alessandro.detoffoli/matrix/4_big.mtx':

   235,929,808,260      cycles:u                                                    
   514,654,873,412      instructions:u            #    2.18  insn per cycle         
   104,524,591,800      L1-dcache-loads:u                                           
     1,609,134,460      L1-dcache-load-misses:u   #    1.54% of all L1-dcache hits  
       177,673,482      LLC-loads:u                                                 
       157,957,213      LLC-load-misses:u         #   88.90% of all LL-cache hits   

     154.385606356 seconds time elapsed

      86.467776000 seconds user
      21.427962000 seconds sys



 Performance counter stats for './parallel_4.static.elf /home/alessandro.detoffoli/matrix/5_huge.mtx':

   428,680,563,400      cycles:u                                                    
   931,349,283,445      instructions:u            #    2.17  insn per cycle         
   187,647,843,180      L1-dcache-loads:u                                           
     2,967,126,497      L1-dcache-load-misses:u   #    1.58% of all L1-dcache hits  
       345,312,433      LLC-loads:u                                                 
       312,794,324      LLC-load-misses:u         #   90.58% of all LL-cache hits   

     289.457749807 seconds time elapsed

     156.018391000 seconds user
      36.539544000 seconds sys



 Performance counter stats for './parallel_4.static.elf /home/alessandro.detoffoli/matrix/1_little.mtx':

    35,085,560,785      cycles:u                                                    
    70,543,058,042      instructions:u            #    2.01  insn per cycle         
    14,501,386,666      L1-dcache-loads:u                                           
       203,819,068      L1-dcache-load-misses:u   #    1.41% of all L1-dcache hits  
        22,003,071      LLC-loads:u                                                 
        19,601,648      LLC-load-misses:u         #   89.09% of all LL-cache hits   

      23.079854612 seconds time elapsed

      12.919649000 seconds user
       4.372727000 seconds sys



 Performance counter stats for './parallel_4.static.elf /home/alessandro.detoffoli/matrix/2_small.mtx':

    64,176,771,069      cycles:u                                                    
   140,547,205,401      instructions:u            #    2.19  insn per cycle         
    28,666,297,009      L1-dcache-loads:u                                           
       421,744,260      L1-dcache-load-misses:u   #    1.47% of all L1-dcache hits  
        45,403,693      LLC-loads:u                                                 
        38,927,916      LLC-load-misses:u         #   85.74% of all LL-cache hits   

      43.318051625 seconds time elapsed

      24.426440000 seconds user
       5.340605000 seconds sys



 Performance counter stats for './parallel_4.static.elf /home/alessandro.detoffoli/matrix/3_medium.mtx':

   136,604,677,541      cycles:u                                                    
   271,740,695,771      instructions:u            #    1.99  insn per cycle         
    55,319,312,513      L1-dcache-loads:u                                           
       827,525,110      L1-dcache-load-misses:u   #    1.50% of all L1-dcache hits  
        90,910,978      LLC-loads:u                                                 
        84,549,634      LLC-load-misses:u         #   93.00% of all LL-cache hits   

      87.105506858 seconds time elapsed

      50.840327000 seconds user
      16.050216000 seconds sys



 Performance counter stats for './parallel_4.static.elf /home/alessandro.detoffoli/matrix/4_big.mtx':

   239,045,458,270      cycles:u                                                    
   514,655,363,792      instructions:u            #    2.15  insn per cycle         
   104,524,828,779      L1-dcache-loads:u                                           
     1,591,944,163      L1-dcache-load-misses:u   #    1.52% of all L1-dcache hits  
       181,803,750      LLC-loads:u                                                 
       163,007,845      LLC-load-misses:u         #   89.66% of all LL-cache hits   

     149.818266502 seconds time elapsed

      86.834859000 seconds user
      21.708122000 seconds sys



 Performance counter stats for './parallel_4.static.elf /home/alessandro.detoffoli/matrix/5_huge.mtx':

   436,752,802,359      cycles:u                                                    
   931,350,948,187      instructions:u            #    2.13  insn per cycle         
   187,649,106,632      L1-dcache-loads:u                                           
     2,913,470,696      L1-dcache-load-misses:u   #    1.55% of all L1-dcache hits  
       340,097,935      LLC-loads:u                                                 
       307,186,619      LLC-load-misses:u         #   90.32% of all LL-cache hits   

     312.351910909 seconds time elapsed

     166.935654000 seconds user
      54.210352000 seconds sys



 Performance counter stats for './parallel_4.static.elf /home/alessandro.detoffoli/matrix/1_little.mtx':

    32,655,162,272      cycles:u                                                    
    70,542,708,883      instructions:u            #    2.16  insn per cycle         
    14,501,344,143      L1-dcache-loads:u                                           
       208,990,329      L1-dcache-load-misses:u   #    1.44% of all L1-dcache hits  
        22,458,156      LLC-loads:u                                                 
        19,389,919      LLC-load-misses:u         #   86.34% of all LL-cache hits   

      19.686299531 seconds time elapsed

      12.178676000 seconds user
       3.011663000 seconds sys



 Performance counter stats for './parallel_4.static.elf /home/alessandro.detoffoli/matrix/2_small.mtx':

    64,737,397,217      cycles:u                                                    
   140,547,184,376      instructions:u            #    2.17  insn per cycle         
    28,666,325,853      L1-dcache-loads:u                                           
       420,049,667      L1-dcache-load-misses:u   #    1.47% of all L1-dcache hits  
        45,580,794      LLC-loads:u                                                 
        39,311,921      LLC-load-misses:u         #   86.25% of all LL-cache hits   

      36.892555451 seconds time elapsed

      23.544552000 seconds user
       5.641100000 seconds sys



 Performance counter stats for './parallel_4.static.elf /home/alessandro.detoffoli/matrix/3_medium.mtx':

   131,353,928,623      cycles:u                                                    
   271,739,304,706      instructions:u            #    2.07  insn per cycle         
    55,319,480,429      L1-dcache-loads:u                                           
       825,218,797      L1-dcache-load-misses:u   #    1.49% of all L1-dcache hits  
        87,632,594      LLC-loads:u                                                 
        79,602,323      LLC-load-misses:u         #   90.84% of all LL-cache hits   

      81.921294586 seconds time elapsed

      48.167203000 seconds user
      13.714773000 seconds sys



 Performance counter stats for './parallel_4.static.elf /home/alessandro.detoffoli/matrix/4_big.mtx':

   249,831,437,023      cycles:u                                                    
   514,656,866,419      instructions:u            #    2.06  insn per cycle         
   104,525,184,027      L1-dcache-loads:u                                           
     1,578,051,419      L1-dcache-load-misses:u   #    1.51% of all L1-dcache hits  
       177,472,496      LLC-loads:u                                                 
       159,812,982      LLC-load-misses:u         #   90.05% of all LL-cache hits   

     165.656392753 seconds time elapsed

      91.338977000 seconds user
      28.378665000 seconds sys



 Performance counter stats for './parallel_4.static.elf /home/alessandro.detoffoli/matrix/5_huge.mtx':

   461,939,029,660      cycles:u                                                    
   931,352,697,901      instructions:u            #    2.02  insn per cycle         
   187,648,515,534      L1-dcache-loads:u                                           
     2,961,402,113      L1-dcache-load-misses:u   #    1.58% of all L1-dcache hits  
       333,019,261      LLC-loads:u                                                 
       311,070,921      LLC-load-misses:u         #   93.41% of all LL-cache hits   

     288.252320070 seconds time elapsed

     173.181697000 seconds user
      52.991383000 seconds sys



 Performance counter stats for './parallel_4.static.elf /home/alessandro.detoffoli/matrix/1_little.mtx':

    32,190,585,469      cycles:u                                                    
    70,542,647,503      instructions:u            #    2.19  insn per cycle         
    14,501,415,261      L1-dcache-loads:u                                           
       209,012,873      L1-dcache-load-misses:u   #    1.44% of all L1-dcache hits  
        21,918,648      LLC-loads:u                                                 
        18,260,516      LLC-load-misses:u         #   83.31% of all LL-cache hits   

      17.203932863 seconds time elapsed

      11.888756000 seconds user
       3.075317000 seconds sys



 Performance counter stats for './parallel_4.static.elf /home/alessandro.detoffoli/matrix/2_small.mtx':

    63,204,709,521      cycles:u                                                    
   140,547,115,913      instructions:u            #    2.22  insn per cycle         
    28,666,245,483      L1-dcache-loads:u                                           
       421,236,991      L1-dcache-load-misses:u   #    1.47% of all L1-dcache hits  
        44,856,687      LLC-loads:u                                                 
        39,198,529      LLC-load-misses:u         #   87.39% of all LL-cache hits   

      29.763063346 seconds time elapsed

      23.352424000 seconds user
       4.657604000 seconds sys



 Performance counter stats for './parallel_4.static.elf /home/alessandro.detoffoli/matrix/3_medium.mtx':

   122,346,628,441      cycles:u                                                    
   271,738,464,217      instructions:u            #    2.22  insn per cycle         
    55,319,149,612      L1-dcache-loads:u                                           
       826,496,036      L1-dcache-load-misses:u   #    1.49% of all L1-dcache hits  
        92,457,303      LLC-loads:u                                                 
        78,665,761      LLC-load-misses:u         #   85.08% of all LL-cache hits   

      57.923800165 seconds time elapsed

      45.011075000 seconds user
       8.864761000 seconds sys



 Performance counter stats for './parallel_4.static.elf /home/alessandro.detoffoli/matrix/4_big.mtx':

   228,602,437,708      cycles:u                                                    
   514,653,504,573      instructions:u            #    2.25  insn per cycle         
   104,524,351,789      L1-dcache-loads:u                                           
     1,612,184,687      L1-dcache-load-misses:u   #    1.54% of all L1-dcache hits  
       186,523,154      LLC-loads:u                                                 
       162,280,129      LLC-load-misses:u         #   87.00% of all LL-cache hits   

     107.949735557 seconds time elapsed

      83.003423000 seconds user
      15.166664000 seconds sys



 Performance counter stats for './parallel_4.static.elf /home/alessandro.detoffoli/matrix/5_huge.mtx':

   412,812,124,759      cycles:u                                                    
   931,343,650,595      instructions:u            #    2.26  insn per cycle         
   187,647,956,093      L1-dcache-loads:u                                           
     2,959,464,494      L1-dcache-load-misses:u   #    1.58% of all L1-dcache hits  
       351,663,886      LLC-loads:u                                                 
       286,765,975      LLC-load-misses:u         #   81.55% of all LL-cache hits   

     225.227297855 seconds time elapsed

     144.751111000 seconds user
      31.144683000 seconds sys



 Performance counter stats for './parallel_4.static.elf /home/alessandro.detoffoli/matrix/1_little.mtx':

    31,970,771,153      cycles:u                                                    
    70,542,597,624      instructions:u            #    2.21  insn per cycle         
    14,501,356,309      L1-dcache-loads:u                                           
       209,461,977      L1-dcache-load-misses:u   #    1.44% of all L1-dcache hits  
        22,421,418      LLC-loads:u                                                 
        17,044,414      LLC-load-misses:u         #   76.02% of all LL-cache hits   

      22.499518006 seconds time elapsed

      11.121524000 seconds user
       2.902632000 seconds sys



 Performance counter stats for './parallel_4.static.elf /home/alessandro.detoffoli/matrix/2_small.mtx':

    63,370,010,396      cycles:u                                                    
   140,547,301,698      instructions:u            #    2.22  insn per cycle         
    28,666,280,621      L1-dcache-loads:u                                           
       432,669,086      L1-dcache-load-misses:u   #    1.51% of all L1-dcache hits  
        47,254,348      LLC-loads:u                                                 
        36,024,194      LLC-load-misses:u         #   76.23% of all LL-cache hits   

      37.277306645 seconds time elapsed

      22.180197000 seconds user
       5.628115000 seconds sys



 Performance counter stats for './parallel_4.static.elf /home/alessandro.detoffoli/matrix/3_medium.mtx':

   122,129,637,200      cycles:u                                                    
   271,738,003,989      instructions:u            #    2.22  insn per cycle         
    55,319,132,235      L1-dcache-loads:u                                           
       834,748,227      L1-dcache-load-misses:u   #    1.51% of all L1-dcache hits  
        94,230,116      LLC-loads:u                                                 
        75,179,805      LLC-load-misses:u         #   79.78% of all LL-cache hits   

      63.995206978 seconds time elapsed

      42.464487000 seconds user
       9.036568000 seconds sys



 Performance counter stats for './parallel_4.static.elf /home/alessandro.detoffoli/matrix/4_big.mtx':

   228,908,717,152      cycles:u                                                    
   514,654,642,621      instructions:u            #    2.25  insn per cycle         
   104,524,882,617      L1-dcache-loads:u                                           
     1,607,057,070      L1-dcache-load-misses:u   #    1.54% of all L1-dcache hits  
       183,859,700      LLC-loads:u                                                 
       144,664,393      LLC-load-misses:u         #   78.68% of all LL-cache hits   

     122.172757928 seconds time elapsed

      80.054484000 seconds user
      18.749352000 seconds sys



 Performance counter stats for './parallel_4.static.elf /home/alessandro.detoffoli/matrix/5_huge.mtx':

   423,800,073,143      cycles:u                                                    
   931,346,496,666      instructions:u            #    2.20  insn per cycle         
   187,649,211,727      L1-dcache-loads:u                                           
     2,961,762,092      L1-dcache-load-misses:u   #    1.58% of all L1-dcache hits  
       359,906,256      LLC-loads:u                                                 
       326,579,303      LLC-load-misses:u         #   90.74% of all LL-cache hits   

     239.985537270 seconds time elapsed

     152.098759000 seconds user
      38.653834000 seconds sys



 Performance counter stats for './parallel_4.static.elf /home/alessandro.detoffoli/matrix/1_little.mtx':

    31,346,891,490      cycles:u                                                    
    70,542,634,166      instructions:u            #    2.25  insn per cycle         
    14,501,412,463      L1-dcache-loads:u                                           
       211,570,466      L1-dcache-load-misses:u   #    1.46% of all L1-dcache hits  
        22,734,043      LLC-loads:u                                                 
        17,147,807      LLC-load-misses:u         #   75.43% of all LL-cache hits   

      16.825307182 seconds time elapsed

      11.283577000 seconds user
       2.880136000 seconds sys



 Performance counter stats for './parallel_4.static.elf /home/alessandro.detoffoli/matrix/2_small.mtx':

    62,462,397,136      cycles:u                                                    
   140,547,321,587      instructions:u            #    2.25  insn per cycle         
    28,666,461,703      L1-dcache-loads:u                                           
       423,112,459      L1-dcache-load-misses:u   #    1.48% of all L1-dcache hits  
        45,403,878      LLC-loads:u                                                 
        34,467,303      LLC-load-misses:u         #   75.91% of all LL-cache hits   

      34.264840433 seconds time elapsed

      23.103469000 seconds user
       5.318146000 seconds sys



 Performance counter stats for './parallel_4.static.elf /home/alessandro.detoffoli/matrix/3_medium.mtx':

   122,352,658,335      cycles:u                                                    
   271,738,430,481      instructions:u            #    2.22  insn per cycle         
    55,319,371,796      L1-dcache-loads:u                                           
       826,117,329      L1-dcache-load-misses:u   #    1.49% of all L1-dcache hits  
        95,297,148      LLC-loads:u                                                 
        85,233,820      LLC-load-misses:u         #   89.44% of all LL-cache hits   

      66.472447270 seconds time elapsed

      43.336401000 seconds user
       9.461261000 seconds sys



 Performance counter stats for './parallel_4.static.elf /home/alessandro.detoffoli/matrix/4_big.mtx':

   237,472,035,844      cycles:u                                                    
   514,655,425,344      instructions:u            #    2.17  insn per cycle         
   104,525,105,264      L1-dcache-loads:u                                           
     1,620,154,968      L1-dcache-load-misses:u   #    1.55% of all L1-dcache hits  
       175,546,252      LLC-loads:u                                                 
       161,299,276      LLC-load-misses:u         #   91.88% of all LL-cache hits   

     150.192795818 seconds time elapsed

      84.758748000 seconds user
      22.218090000 seconds sys



 Performance counter stats for './parallel_4.static.elf /home/alessandro.detoffoli/matrix/5_huge.mtx':

   423,324,469,660      cycles:u                                                    
   931,344,725,668      instructions:u            #    2.20  insn per cycle         
   187,648,045,137      L1-dcache-loads:u                                           
     2,982,164,592      L1-dcache-load-misses:u   #    1.59% of all L1-dcache hits  
       341,044,066      LLC-loads:u                                                 
       301,837,316      LLC-load-misses:u         #   88.50% of all LL-cache hits   

     284.491704293 seconds time elapsed

     160.442296000 seconds user
      38.061902000 seconds sys



 Performance counter stats for './parallel_4.static.elf /home/alessandro.detoffoli/matrix/1_little.mtx':

    31,796,479,301      cycles:u                                                    
    70,542,658,585      instructions:u            #    2.22  insn per cycle         
    14,501,313,565      L1-dcache-loads:u                                           
       209,599,251      L1-dcache-load-misses:u   #    1.45% of all L1-dcache hits  
        22,258,047      LLC-loads:u                                                 
        18,688,828      LLC-load-misses:u         #   83.96% of all LL-cache hits   

      19.447940668 seconds time elapsed

      12.141240000 seconds user
       2.855648000 seconds sys



 Performance counter stats for './parallel_4.static.elf /home/alessandro.detoffoli/matrix/2_small.mtx':

    64,084,724,517      cycles:u                                                    
   140,547,242,050      instructions:u            #    2.19  insn per cycle         
    28,666,251,704      L1-dcache-loads:u                                           
       420,223,978      L1-dcache-load-misses:u   #    1.47% of all L1-dcache hits  
        44,781,907      LLC-loads:u                                                 
        38,290,057      LLC-load-misses:u         #   85.50% of all LL-cache hits   

      38.416896196 seconds time elapsed

      24.399164000 seconds user
       5.201587000 seconds sys



 Performance counter stats for './parallel_4.static.elf /home/alessandro.detoffoli/matrix/3_medium.mtx':

   122,884,918,230      cycles:u                                                    
   271,738,341,781      instructions:u            #    2.21  insn per cycle         
    55,319,313,729      L1-dcache-loads:u                                           
       829,499,873      L1-dcache-load-misses:u   #    1.50% of all L1-dcache hits  
        90,864,507      LLC-loads:u                                                 
        79,641,837      LLC-load-misses:u         #   87.65% of all LL-cache hits   

      79.363954131 seconds time elapsed

      46.803070000 seconds user
      10.573655000 seconds sys



 Performance counter stats for './parallel_4.static.elf /home/alessandro.detoffoli/matrix/4_big.mtx':

   236,196,168,040      cycles:u                                                    
   514,655,239,869      instructions:u            #    2.18  insn per cycle         
   104,525,101,070      L1-dcache-loads:u                                           
     1,610,529,545      L1-dcache-load-misses:u   #    1.54% of all L1-dcache hits  
       179,910,548      LLC-loads:u                                                 
       160,435,990      LLC-load-misses:u         #   89.18% of all LL-cache hits   

     161.093574311 seconds time elapsed

      90.036583000 seconds user
      23.154825000 seconds sys



 Performance counter stats for './parallel_4.static.elf /home/alessandro.detoffoli/matrix/5_huge.mtx':

   419,619,149,146      cycles:u                                                    
   931,345,679,174      instructions:u            #    2.22  insn per cycle         
   187,647,952,266      L1-dcache-loads:u                                           
     2,983,185,679      L1-dcache-load-misses:u   #    1.59% of all L1-dcache hits  
       341,881,511      LLC-loads:u                                                 
       308,562,646      LLC-load-misses:u         #   90.25% of all LL-cache hits   

     275.292470421 seconds time elapsed

     160.810596000 seconds user
      33.857335000 seconds sys



 Performance counter stats for './parallel_4.static.elf /home/alessandro.detoffoli/matrix/1_little.mtx':

    35,394,051,734      cycles:u                                                    
    70,543,169,440      instructions:u            #    1.99  insn per cycle         
    14,501,346,096      L1-dcache-loads:u                                           
       212,118,119      L1-dcache-load-misses:u   #    1.46% of all L1-dcache hits  
        22,532,692      LLC-loads:u                                                 
        19,610,495      LLC-load-misses:u         #   87.03% of all LL-cache hits   

      22.115938602 seconds time elapsed

      13.165979000 seconds user
       3.904585000 seconds sys



 Performance counter stats for './parallel_4.static.elf /home/alessandro.detoffoli/matrix/2_small.mtx':

    63,621,381,961      cycles:u                                                    
   140,547,113,745      instructions:u            #    2.21  insn per cycle         
    28,666,246,510      L1-dcache-loads:u                                           
       420,637,333      L1-dcache-load-misses:u   #    1.47% of all L1-dcache hits  
        45,129,113      LLC-loads:u                                                 
        39,835,404      LLC-load-misses:u         #   88.27% of all LL-cache hits   

      44.795183479 seconds time elapsed

      24.347813000 seconds user
       5.041866000 seconds sys



 Performance counter stats for './parallel_4.static.elf /home/alessandro.detoffoli/matrix/3_medium.mtx':

   125,570,566,512      cycles:u                                                    
   271,738,422,039      instructions:u            #    2.16  insn per cycle         
    55,319,390,267      L1-dcache-loads:u                                           
       828,855,057      L1-dcache-load-misses:u   #    1.50% of all L1-dcache hits  
        89,200,597      LLC-loads:u                                                 
        78,845,682      LLC-load-misses:u         #   88.39% of all LL-cache hits   

      80.993641229 seconds time elapsed

      45.764764000 seconds user
      11.265699000 seconds sys



 Performance counter stats for './parallel_4.static.elf /home/alessandro.detoffoli/matrix/4_big.mtx':

   242,429,510,639      cycles:u                                                    
   514,654,822,356      instructions:u            #    2.12  insn per cycle         
   104,524,514,530      L1-dcache-loads:u                                           
     1,614,895,150      L1-dcache-load-misses:u   #    1.54% of all L1-dcache hits  
       176,010,847      LLC-loads:u                                                 
       157,407,955      LLC-load-misses:u         #   89.43% of all LL-cache hits   

     159.012418878 seconds time elapsed

      88.007780000 seconds user
      21.857240000 seconds sys



 Performance counter stats for './parallel_4.static.elf /home/alessandro.detoffoli/matrix/5_huge.mtx':

   427,717,199,057      cycles:u                                                    
   931,344,543,659      instructions:u            #    2.18  insn per cycle         
   187,648,177,055      L1-dcache-loads:u                                           
     2,931,736,223      L1-dcache-load-misses:u   #    1.56% of all L1-dcache hits  
       329,107,904      LLC-loads:u                                                 
       297,208,592      LLC-load-misses:u         #   90.31% of all LL-cache hits   

     269.501932551 seconds time elapsed

     156.624821000 seconds user
      36.242733000 seconds sys



 Performance counter stats for './parallel_4.static.elf /home/alessandro.detoffoli/matrix/1_little.mtx':

    31,604,323,298      cycles:u                                                    
    70,542,479,960      instructions:u            #    2.23  insn per cycle         
    14,501,302,111      L1-dcache-loads:u                                           
       209,348,828      L1-dcache-load-misses:u   #    1.44% of all L1-dcache hits  
        22,164,072      LLC-loads:u                                                 
        18,926,576      LLC-load-misses:u         #   85.39% of all LL-cache hits   

      20.243023481 seconds time elapsed

      12.076986000 seconds user
       2.606128000 seconds sys



 Performance counter stats for './parallel_4.static.elf /home/alessandro.detoffoli/matrix/2_small.mtx':

    63,314,313,530      cycles:u                                                    
   140,547,129,705      instructions:u            #    2.22  insn per cycle         
    28,666,260,246      L1-dcache-loads:u                                           
       425,958,518      L1-dcache-load-misses:u   #    1.49% of all L1-dcache hits  
        45,412,267      LLC-loads:u                                                 
        39,547,005      LLC-load-misses:u         #   87.08% of all LL-cache hits   

      50.962227815 seconds time elapsed

      23.712028000 seconds user
       4.857292000 seconds sys



 Performance counter stats for './parallel_4.static.elf /home/alessandro.detoffoli/matrix/3_medium.mtx':

   126,291,810,457      cycles:u                                                    
   271,738,306,855      instructions:u            #    2.15  insn per cycle         
    55,319,393,187      L1-dcache-loads:u                                           
       840,088,610      L1-dcache-load-misses:u   #    1.52% of all L1-dcache hits  
        91,845,589      LLC-loads:u                                                 
        81,123,460      LLC-load-misses:u         #   88.33% of all LL-cache hits   

      78.972050552 seconds time elapsed

      45.829300000 seconds user
      11.365939000 seconds sys



 Performance counter stats for './parallel_4.static.elf /home/alessandro.detoffoli/matrix/4_big.mtx':

   234,883,305,698      cycles:u                                                    
   514,653,831,125      instructions:u            #    2.19  insn per cycle         
   104,524,404,759      L1-dcache-loads:u                                           
     1,602,010,315      L1-dcache-load-misses:u   #    1.53% of all L1-dcache hits  
       172,191,107      LLC-loads:u                                                 
       153,869,991      LLC-load-misses:u         #   89.36% of all LL-cache hits   

     146.983536841 seconds time elapsed

      85.665111000 seconds user
      17.855240000 seconds sys



 Performance counter stats for './parallel_4.static.elf /home/alessandro.detoffoli/matrix/5_huge.mtx':

   417,997,163,458      cycles:u                                                    
   931,344,115,354      instructions:u            #    2.23  insn per cycle         
   187,647,841,427      L1-dcache-loads:u                                           
     2,933,409,162      L1-dcache-load-misses:u   #    1.56% of all L1-dcache hits  
       339,105,604      LLC-loads:u                                                 
       303,917,286      LLC-load-misses:u         #   89.62% of all LL-cache hits   

     273.517697908 seconds time elapsed

     159.294015000 seconds user
      30.923587000 seconds sys


