
 Performance counter stats for './sequential.elf /home/alessandro.detoffoli/matrix/1_little.mtx':

    30,458,743,411      cycles:u                                                    
    69,974,657,897      instructions:u            #    2.30  insn per cycle         
    14,292,080,699      L1-dcache-loads:u                                           
       206,148,468      L1-dcache-load-misses:u   #    1.44% of all L1-dcache hits  
        27,574,463      LLC-loads:u                                                 
        10,872,751      LLC-load-misses:u         #   39.43% of all LL-cache hits   

      10.718484412 seconds time elapsed

       9.115490000 seconds user
       1.570956000 seconds sys



 Performance counter stats for './sequential.elf /home/alessandro.detoffoli/matrix/2_small.mtx':

    61,372,035,709      cycles:u                                                    
   139,434,085,618      instructions:u            #    2.27  insn per cycle         
    28,256,492,312      L1-dcache-loads:u                                           
       417,182,453      L1-dcache-load-misses:u   #    1.48% of all L1-dcache hits  
        57,215,064      LLC-loads:u                                                 
        22,338,023      LLC-load-misses:u         #   39.04% of all LL-cache hits   

      21.419595769 seconds time elapsed

      18.343429000 seconds user
       3.020824000 seconds sys



 Performance counter stats for './sequential.elf /home/alessandro.detoffoli/matrix/3_medium.mtx':

   119,303,195,714      cycles:u                                                    
   269,595,238,059      instructions:u            #    2.26  insn per cycle         
    54,530,242,596      L1-dcache-loads:u                                           
       821,798,257      L1-dcache-load-misses:u   #    1.51% of all L1-dcache hits  
       116,796,592      LLC-loads:u                                                 
        45,173,575      LLC-load-misses:u         #   38.68% of all LL-cache hits   

      41.620614929 seconds time elapsed

      35.607384000 seconds user
       5.730382000 seconds sys



 Performance counter stats for './sequential.elf /home/alessandro.detoffoli/matrix/4_big.mtx':

   225,366,795,214      cycles:u                                                    
   510,616,110,885      instructions:u            #    2.27  insn per cycle         
   103,037,949,310      L1-dcache-loads:u                                           
     1,599,114,262      L1-dcache-load-misses:u   #    1.55% of all L1-dcache hits  
       224,364,250      LLC-loads:u                                                 
        88,309,986      LLC-load-misses:u         #   39.36% of all LL-cache hits   

      78.079015580 seconds time elapsed

      67.394380000 seconds user
      10.492513000 seconds sys



 Performance counter stats for './sequential.elf /home/alessandro.detoffoli/matrix/5_huge.mtx':

   405,765,022,542      cycles:u                                                    
   924,171,073,911      instructions:u            #    2.28  insn per cycle         
   185,007,408,469      L1-dcache-loads:u                                           
     2,944,259,250      L1-dcache-load-misses:u   #    1.59% of all L1-dcache hits  
       425,994,479      LLC-loads:u                                                 
       166,338,863      LLC-load-misses:u         #   39.05% of all LL-cache hits   

     141.283350495 seconds time elapsed

     120.924798000 seconds user
      20.012367000 seconds sys



 Performance counter stats for './sequential.elf /home/alessandro.detoffoli/matrix/1_little.mtx':

    30,357,603,425      cycles:u                                                    
    69,974,649,727      instructions:u            #    2.31  insn per cycle         
    14,292,080,730      L1-dcache-loads:u                                           
       206,385,140      L1-dcache-load-misses:u   #    1.44% of all L1-dcache hits  
        27,170,536      LLC-loads:u                                                 
        10,774,967      LLC-load-misses:u         #   39.66% of all LL-cache hits   

      10.684866023 seconds time elapsed

       9.059551000 seconds user
       1.563457000 seconds sys



 Performance counter stats for './sequential.elf /home/alessandro.detoffoli/matrix/2_small.mtx':

    61,361,485,393      cycles:u                                                    
   139,434,048,601      instructions:u            #    2.27  insn per cycle         
    28,256,492,457      L1-dcache-loads:u                                           
       417,495,133      L1-dcache-load-misses:u   #    1.48% of all L1-dcache hits  
        56,376,114      LLC-loads:u                                                 
        22,361,867      LLC-load-misses:u         #   39.67% of all LL-cache hits   

      21.420213362 seconds time elapsed

      18.375848000 seconds user
       2.990651000 seconds sys



 Performance counter stats for './sequential.elf /home/alessandro.detoffoli/matrix/3_medium.mtx':

   119,466,687,674      cycles:u                                                    
   269,595,279,438      instructions:u            #    2.26  insn per cycle         
    54,530,242,843      L1-dcache-loads:u                                           
       827,942,251      L1-dcache-load-misses:u   #    1.52% of all L1-dcache hits  
       115,739,716      LLC-loads:u                                                 
        45,291,832      LLC-load-misses:u         #   39.13% of all LL-cache hits   

      41.574092528 seconds time elapsed

      35.722538000 seconds user
       5.740944000 seconds sys



 Performance counter stats for './sequential.elf /home/alessandro.detoffoli/matrix/4_big.mtx':

   223,952,941,857      cycles:u                                                    
   510,616,037,925      instructions:u            #    2.28  insn per cycle         
   103,037,950,003      L1-dcache-loads:u                                           
     1,593,578,352      L1-dcache-load-misses:u   #    1.55% of all L1-dcache hits  
       225,198,603      LLC-loads:u                                                 
        87,212,165      LLC-load-misses:u         #   38.73% of all LL-cache hits   

      77.396331657 seconds time elapsed

      66.978539000 seconds user
      10.228647000 seconds sys



 Performance counter stats for './sequential.elf /home/alessandro.detoffoli/matrix/5_huge.mtx':

   405,321,017,582      cycles:u                                                    
   924,171,086,527      instructions:u            #    2.28  insn per cycle         
   185,007,408,207      L1-dcache-loads:u                                           
     2,925,469,528      L1-dcache-load-misses:u   #    1.58% of all L1-dcache hits  
       427,677,322      LLC-loads:u                                                 
       166,521,446      LLC-load-misses:u         #   38.94% of all LL-cache hits   

     141.230987168 seconds time elapsed

     120.816565000 seconds user
      20.074241000 seconds sys



 Performance counter stats for './sequential.elf /home/alessandro.detoffoli/matrix/1_little.mtx':

    30,746,225,442      cycles:u                                                    
    69,974,661,863      instructions:u            #    2.28  insn per cycle         
    14,292,080,699      L1-dcache-loads:u                                           
       206,006,251      L1-dcache-load-misses:u   #    1.44% of all L1-dcache hits  
        27,879,712      LLC-loads:u                                                 
        10,857,517      LLC-load-misses:u         #   38.94% of all LL-cache hits   

      10.767992815 seconds time elapsed

       9.142303000 seconds user
       1.596720000 seconds sys



 Performance counter stats for './sequential.elf /home/alessandro.detoffoli/matrix/2_small.mtx':

    61,707,699,874      cycles:u                                                    
   139,434,089,224      instructions:u            #    2.26  insn per cycle         
    28,256,492,384      L1-dcache-loads:u                                           
       416,159,463      L1-dcache-load-misses:u   #    1.47% of all L1-dcache hits  
        56,378,366      LLC-loads:u                                                 
        22,230,296      LLC-load-misses:u         #   39.43% of all LL-cache hits   

      21.520965132 seconds time elapsed

      18.421048000 seconds user
       3.045108000 seconds sys



 Performance counter stats for './sequential.elf /home/alessandro.detoffoli/matrix/3_medium.mtx':

   119,287,576,041      cycles:u                                                    
   269,595,281,816      instructions:u            #    2.26  insn per cycle         
    54,530,242,889      L1-dcache-loads:u                                           
       822,392,895      L1-dcache-load-misses:u   #    1.51% of all L1-dcache hits  
       115,118,693      LLC-loads:u                                                 
        45,489,202      LLC-load-misses:u         #   39.52% of all LL-cache hits   

      41.514834156 seconds time elapsed

      35.666221000 seconds user
       5.735919000 seconds sys



 Performance counter stats for './sequential.elf /home/alessandro.detoffoli/matrix/4_big.mtx':

   224,745,029,005      cycles:u                                                    
   510,616,153,243      instructions:u            #    2.27  insn per cycle         
   103,037,950,005      L1-dcache-loads:u                                           
     1,593,341,765      L1-dcache-load-misses:u   #    1.55% of all L1-dcache hits  
       223,414,243      LLC-loads:u                                                 
        87,824,837      LLC-load-misses:u         #   39.31% of all LL-cache hits   

      77.830333212 seconds time elapsed

      67.049128000 seconds user
      10.589496000 seconds sys



 Performance counter stats for './sequential.elf /home/alessandro.detoffoli/matrix/5_huge.mtx':

   405,705,043,540      cycles:u                                                    
   924,171,100,835      instructions:u            #    2.28  insn per cycle         
   185,007,408,135      L1-dcache-loads:u                                           
     2,939,417,726      L1-dcache-load-misses:u   #    1.59% of all L1-dcache hits  
       423,622,873      LLC-loads:u                                                 
       166,336,363      LLC-load-misses:u         #   39.27% of all LL-cache hits   

     141.525669562 seconds time elapsed

     121.054983000 seconds user
      20.090097000 seconds sys



 Performance counter stats for './sequential.elf /home/alessandro.detoffoli/matrix/1_little.mtx':

    30,465,814,784      cycles:u                                                    
    69,974,659,006      instructions:u            #    2.30  insn per cycle         
    14,292,080,731      L1-dcache-loads:u                                           
       207,900,600      L1-dcache-load-misses:u   #    1.45% of all L1-dcache hits  
        27,699,939      LLC-loads:u                                                 
        10,728,085      LLC-load-misses:u         #   38.73% of all LL-cache hits   

      10.706705707 seconds time elapsed

       9.115509000 seconds user
       1.560894000 seconds sys



 Performance counter stats for './sequential.elf /home/alessandro.detoffoli/matrix/2_small.mtx':

    61,309,887,942      cycles:u                                                    
   139,434,046,762      instructions:u            #    2.27  insn per cycle         
    28,256,492,325      L1-dcache-loads:u                                           
       415,486,120      L1-dcache-load-misses:u   #    1.47% of all L1-dcache hits  
        58,091,156      LLC-loads:u                                                 
        22,479,347      LLC-load-misses:u         #   38.70% of all LL-cache hits   

      21.405020408 seconds time elapsed

      18.273180000 seconds user
       3.063468000 seconds sys



 Performance counter stats for './sequential.elf /home/alessandro.detoffoli/matrix/3_medium.mtx':

   119,465,029,016      cycles:u                                                    
   269,595,279,544      instructions:u            #    2.26  insn per cycle         
    54,530,243,055      L1-dcache-loads:u                                           
       823,221,460      L1-dcache-load-misses:u   #    1.51% of all L1-dcache hits  
       115,310,043      LLC-loads:u                                                 
        45,727,575      LLC-load-misses:u         #   39.66% of all LL-cache hits   

      41.631412961 seconds time elapsed

      35.682895000 seconds user
       5.847218000 seconds sys



 Performance counter stats for './sequential.elf /home/alessandro.detoffoli/matrix/4_big.mtx':

   223,950,666,174      cycles:u                                                    
   510,616,126,268      instructions:u            #    2.28  insn per cycle         
   103,037,949,737      L1-dcache-loads:u                                           
     1,598,592,158      L1-dcache-load-misses:u   #    1.55% of all L1-dcache hits  
       226,384,341      LLC-loads:u                                                 
        87,803,500      LLC-load-misses:u         #   38.79% of all LL-cache hits   

      77.385155260 seconds time elapsed

      66.890762000 seconds user
      10.306464000 seconds sys



 Performance counter stats for './sequential.elf /home/alessandro.detoffoli/matrix/5_huge.mtx':

   406,292,440,722      cycles:u                                                    
   924,170,961,482      instructions:u            #    2.27  insn per cycle         
   185,007,408,274      L1-dcache-loads:u                                           
     2,946,587,055      L1-dcache-load-misses:u   #    1.59% of all L1-dcache hits  
       422,483,177      LLC-loads:u                                                 
       159,570,934      LLC-load-misses:u         #   37.77% of all LL-cache hits   

     138.807251896 seconds time elapsed

     119.033265000 seconds user
      19.439334000 seconds sys



 Performance counter stats for './sequential.elf /home/alessandro.detoffoli/matrix/1_little.mtx':

    30,966,867,250      cycles:u                                                    
    69,974,539,525      instructions:u            #    2.26  insn per cycle         
    14,292,087,565      L1-dcache-loads:u                                           
       212,097,060      L1-dcache-load-misses:u   #    1.48% of all L1-dcache hits  
        27,027,364      LLC-loads:u                                                 
         9,629,330      LLC-load-misses:u         #   35.63% of all LL-cache hits   

      10.262093762 seconds time elapsed

       8.784526000 seconds user
       1.419691000 seconds sys



 Performance counter stats for './sequential.elf /home/alessandro.detoffoli/matrix/2_small.mtx':

    61,292,041,775      cycles:u                                                    
   139,434,029,082      instructions:u            #    2.27  insn per cycle         
    28,256,492,053      L1-dcache-loads:u                                           
       415,439,651      L1-dcache-load-misses:u   #    1.47% of all L1-dcache hits  
        56,700,333      LLC-loads:u                                                 
        20,872,153      LLC-load-misses:u         #   36.81% of all LL-cache hits   

      20.283373427 seconds time elapsed

      17.285459000 seconds user
       2.937111000 seconds sys



 Performance counter stats for './sequential.elf /home/alessandro.detoffoli/matrix/3_medium.mtx':

   119,290,283,481      cycles:u                                                    
   269,595,181,849      instructions:u            #    2.26  insn per cycle         
    54,530,242,092      L1-dcache-loads:u                                           
       828,669,202      L1-dcache-load-misses:u   #    1.52% of all L1-dcache hits  
       114,555,994      LLC-loads:u                                                 
        42,564,453      LLC-load-misses:u         #   37.16% of all LL-cache hits   

      39.319781152 seconds time elapsed

      33.787473000 seconds user
       5.434094000 seconds sys



 Performance counter stats for './sequential.elf /home/alessandro.detoffoli/matrix/4_big.mtx':

   224,749,429,455      cycles:u                                                    
   510,616,211,861      instructions:u            #    2.27  insn per cycle         
   103,037,947,676      L1-dcache-loads:u                                           
     1,596,946,241      L1-dcache-load-misses:u   #    1.55% of all L1-dcache hits  
       222,279,335      LLC-loads:u                                                 
        82,398,391      LLC-load-misses:u         #   37.07% of all LL-cache hits   

      73.879850754 seconds time elapsed

      63.333685000 seconds user
      10.367394000 seconds sys



 Performance counter stats for './sequential.elf /home/alessandro.detoffoli/matrix/5_huge.mtx':

   416,398,221,743      cycles:u                                                    
   924,172,150,127      instructions:u            #    2.22  insn per cycle         
   185,007,761,508      L1-dcache-loads:u                                           
     2,924,631,570      L1-dcache-load-misses:u   #    1.58% of all L1-dcache hits  
       396,785,476      LLC-loads:u                                                 
       170,438,952      LLC-load-misses:u         #   42.95% of all LL-cache hits   

     150.349326684 seconds time elapsed

     126.877444000 seconds user
      23.109203000 seconds sys



 Performance counter stats for './sequential.elf /home/alessandro.detoffoli/matrix/1_little.mtx':

    30,706,112,778      cycles:u                                                    
    69,974,684,094      instructions:u            #    2.28  insn per cycle         
    14,292,115,262      L1-dcache-loads:u                                           
       207,610,009      L1-dcache-load-misses:u   #    1.45% of all L1-dcache hits  
        28,280,483      LLC-loads:u                                                 
        10,535,936      LLC-load-misses:u         #   37.26% of all LL-cache hits   

      10.977746973 seconds time elapsed

       9.172003000 seconds user
       1.765151000 seconds sys



 Performance counter stats for './sequential.elf /home/alessandro.detoffoli/matrix/2_small.mtx':

    66,373,620,412      cycles:u                                                    
   139,435,268,341      instructions:u            #    2.10  insn per cycle         
    28,257,025,418      L1-dcache-loads:u                                           
       407,437,638      L1-dcache-load-misses:u   #    1.44% of all L1-dcache hits  
        52,046,093      LLC-loads:u                                                 
        23,104,692      LLC-load-misses:u         #   44.39% of all LL-cache hits   

      26.772061819 seconds time elapsed

      19.892006000 seconds user
       6.800703000 seconds sys



 Performance counter stats for './sequential.elf /home/alessandro.detoffoli/matrix/3_medium.mtx':

   125,374,344,287      cycles:u                                                    
   269,594,448,142      instructions:u            #    2.15  insn per cycle         
    54,530,999,508      L1-dcache-loads:u                                           
       844,922,287      L1-dcache-load-misses:u   #    1.55% of all L1-dcache hits  
        97,635,003      LLC-loads:u                                                 
        45,059,704      LLC-load-misses:u         #   46.15% of all LL-cache hits   

      46.775609527 seconds time elapsed

      37.662588000 seconds user
       8.997645000 seconds sys



 Performance counter stats for './sequential.elf /home/alessandro.detoffoli/matrix/4_big.mtx':

   235,534,999,477      cycles:u                                                    
   510,615,455,188      instructions:u            #    2.17  insn per cycle         
   103,039,193,304      L1-dcache-loads:u                                           
     1,695,230,786      L1-dcache-load-misses:u   #    1.65% of all L1-dcache hits  
       195,652,101      LLC-loads:u                                                 
        81,224,499      LLC-load-misses:u         #   41.51% of all LL-cache hits   

      87.469319517 seconds time elapsed

      70.597428000 seconds user
      16.649555000 seconds sys



 Performance counter stats for './sequential.elf /home/alessandro.detoffoli/matrix/5_huge.mtx':

   430,280,020,761      cycles:u                                                    
   924,172,281,550      instructions:u            #    2.15  insn per cycle         
   185,010,034,782      L1-dcache-loads:u                                           
     2,963,298,687      L1-dcache-load-misses:u   #    1.60% of all L1-dcache hits  
       376,308,488      LLC-loads:u                                                 
       163,880,645      LLC-load-misses:u         #   43.55% of all LL-cache hits   

     162.711676894 seconds time elapsed

     129.196392000 seconds user
      33.113425000 seconds sys



 Performance counter stats for './sequential.elf /home/alessandro.detoffoli/matrix/1_little.mtx':

    30,980,142,420      cycles:u                                                    
    69,974,361,179      instructions:u            #    2.26  insn per cycle         
    14,292,202,153      L1-dcache-loads:u                                           
       219,273,210      L1-dcache-load-misses:u   #    1.53% of all L1-dcache hits  
        24,857,300      LLC-loads:u                                                 
        10,092,565      LLC-load-misses:u         #   40.60% of all LL-cache hits   

      11.178700319 seconds time elapsed

       9.240962000 seconds user
       1.906453000 seconds sys



 Performance counter stats for './sequential.elf /home/alessandro.detoffoli/matrix/2_small.mtx':

    63,388,420,499      cycles:u                                                    
   139,433,137,277      instructions:u            #    2.20  insn per cycle         
    28,256,683,181      L1-dcache-loads:u                                           
       443,963,522      L1-dcache-load-misses:u   #    1.57% of all L1-dcache hits  
        45,794,374      LLC-loads:u                                                 
        20,465,741      LLC-load-misses:u         #   44.69% of all LL-cache hits   

      22.185631937 seconds time elapsed

      18.903289000 seconds user
       3.226368000 seconds sys



 Performance counter stats for './sequential.elf /home/alessandro.detoffoli/matrix/3_medium.mtx':

   128,715,291,376      cycles:u                                                    
   269,596,770,447      instructions:u            #    2.09  insn per cycle         
    54,531,329,072      L1-dcache-loads:u                                           
       825,023,797      L1-dcache-load-misses:u   #    1.51% of all L1-dcache hits  
        97,959,831      LLC-loads:u                                                 
        42,947,627      LLC-load-misses:u         #   43.84% of all LL-cache hits   

      51.540864164 seconds time elapsed

      38.907442000 seconds user
      12.504106000 seconds sys



 Performance counter stats for './sequential.elf /home/alessandro.detoffoli/matrix/4_big.mtx':

   236,968,421,531      cycles:u                                                    
   510,614,875,163      instructions:u            #    2.15  insn per cycle         
   103,038,793,427      L1-dcache-loads:u                                           
     1,663,317,385      L1-dcache-load-misses:u   #    1.61% of all L1-dcache hits  
       180,273,992      LLC-loads:u                                                 
        79,078,726      LLC-load-misses:u         #   43.87% of all LL-cache hits   

      85.774840960 seconds time elapsed

      71.264995000 seconds user
      14.286118000 seconds sys



 Performance counter stats for './sequential.elf /home/alessandro.detoffoli/matrix/5_huge.mtx':

   431,001,897,223      cycles:u                                                    
   924,171,078,257      instructions:u            #    2.14  insn per cycle         
   185,009,409,393      L1-dcache-loads:u                                           
     2,948,860,883      L1-dcache-load-misses:u   #    1.59% of all L1-dcache hits  
       362,224,989      LLC-loads:u                                                 
       165,095,695      LLC-load-misses:u         #   45.58% of all LL-cache hits   

     158.564314310 seconds time elapsed

     129.302152000 seconds user
      28.872742000 seconds sys



 Performance counter stats for './sequential.elf /home/alessandro.detoffoli/matrix/1_little.mtx':

    30,685,664,944      cycles:u                                                    
    69,974,751,375      instructions:u            #    2.28  insn per cycle         
    14,292,099,928      L1-dcache-loads:u                                           
       207,041,231      L1-dcache-load-misses:u   #    1.45% of all L1-dcache hits  
        27,458,809      LLC-loads:u                                                 
        10,738,991      LLC-load-misses:u         #   39.11% of all LL-cache hits   

      11.044040700 seconds time elapsed

       9.235452000 seconds user
       1.776863000 seconds sys



 Performance counter stats for './sequential.elf /home/alessandro.detoffoli/matrix/2_small.mtx':

    63,798,422,644      cycles:u                                                    
   139,433,212,332      instructions:u            #    2.19  insn per cycle         
    28,256,794,876      L1-dcache-loads:u                                           
       441,292,741      L1-dcache-load-misses:u   #    1.56% of all L1-dcache hits  
        50,879,127      LLC-loads:u                                                 
        21,383,825      LLC-load-misses:u         #   42.03% of all LL-cache hits   

      22.952287860 seconds time elapsed

      19.018559000 seconds user
       3.876146000 seconds sys



 Performance counter stats for './sequential.elf /home/alessandro.detoffoli/matrix/3_medium.mtx':

   123,495,809,073      cycles:u                                                    
   269,597,014,398      instructions:u            #    2.18  insn per cycle         
    54,530,776,435      L1-dcache-loads:u                                           
       823,979,357      L1-dcache-load-misses:u   #    1.51% of all L1-dcache hits  
       116,355,631      LLC-loads:u                                                 
        46,153,172      LLC-load-misses:u         #   39.67% of all LL-cache hits   

      47.287605119 seconds time elapsed

      37.107786000 seconds user
      10.064531000 seconds sys



 Performance counter stats for './sequential.elf /home/alessandro.detoffoli/matrix/4_big.mtx':

   242,155,909,542      cycles:u                                                    
   510,620,759,633      instructions:u            #    2.11  insn per cycle         
   103,039,381,553      L1-dcache-loads:u                                           
     1,566,184,144      L1-dcache-load-misses:u   #    1.52% of all L1-dcache hits  
       213,013,754      LLC-loads:u                                                 
        90,645,467      LLC-load-misses:u         #   42.55% of all LL-cache hits   

      95.569742715 seconds time elapsed

      72.964885000 seconds user
      22.337166000 seconds sys



 Performance counter stats for './sequential.elf /home/alessandro.detoffoli/matrix/5_huge.mtx':

   425,101,592,587      cycles:u                                                    
   924,174,195,545      instructions:u            #    2.17  insn per cycle         
   185,010,103,638      L1-dcache-loads:u                                           
     2,943,067,969      L1-dcache-load-misses:u   #    1.59% of all L1-dcache hits  
       383,480,991      LLC-loads:u                                                 
       160,820,511      LLC-load-misses:u         #   41.94% of all LL-cache hits   

     163.567275088 seconds time elapsed

     127.657150000 seconds user
      35.505542000 seconds sys



 Performance counter stats for './sequential.elf /home/alessandro.detoffoli/matrix/1_little.mtx':

    32,283,282,709      cycles:u                                                    
    69,975,041,802      instructions:u            #    2.17  insn per cycle         
    14,292,350,456      L1-dcache-loads:u                                           
       202,276,772      L1-dcache-load-misses:u   #    1.42% of all L1-dcache hits  
        27,573,301      LLC-loads:u                                                 
        11,638,960      LLC-load-misses:u         #   42.21% of all LL-cache hits   

      12.966917390 seconds time elapsed

       9.683752000 seconds user
       2.990130000 seconds sys



 Performance counter stats for './sequential.elf /home/alessandro.detoffoli/matrix/2_small.mtx':

    64,705,535,777      cycles:u                                                    
   139,435,257,786      instructions:u            #    2.15  insn per cycle         
    28,256,809,918      L1-dcache-loads:u                                           
       413,880,782      L1-dcache-load-misses:u   #    1.46% of all L1-dcache hits  
        50,186,693      LLC-loads:u                                                 
        21,288,393      LLC-load-misses:u         #   42.42% of all LL-cache hits   

      25.405928684 seconds time elapsed

      19.465209000 seconds user
       5.563341000 seconds sys



 Performance counter stats for './sequential.elf /home/alessandro.detoffoli/matrix/3_medium.mtx':

   122,494,321,950      cycles:u                                                    
   269,596,649,961      instructions:u            #    2.20  insn per cycle         
    54,530,468,740      L1-dcache-loads:u                                           
       827,599,489      L1-dcache-load-misses:u   #    1.52% of all L1-dcache hits  
       112,694,659      LLC-loads:u                                                 
        47,313,336      LLC-load-misses:u         #   41.98% of all LL-cache hits   

      44.955037416 seconds time elapsed

      36.727250000 seconds user
       8.117605000 seconds sys



 Performance counter stats for './sequential.elf /home/alessandro.detoffoli/matrix/4_big.mtx':

   244,034,708,055      cycles:u                                                    
   510,620,259,363      instructions:u            #    2.09  insn per cycle         
   103,039,499,637      L1-dcache-loads:u                                           
     1,607,118,151      L1-dcache-load-misses:u   #    1.56% of all L1-dcache hits  
       195,463,537      LLC-loads:u                                                 
        87,979,567      LLC-load-misses:u         #   45.01% of all LL-cache hits   

      95.426316882 seconds time elapsed

      73.535086000 seconds user
      21.643047000 seconds sys



 Performance counter stats for './sequential.elf /home/alessandro.detoffoli/matrix/5_huge.mtx':

   434,761,389,968      cycles:u                                                    
   924,177,993,153      instructions:u            #    2.13  insn per cycle         
   185,009,851,887      L1-dcache-loads:u                                           
     2,941,354,990      L1-dcache-load-misses:u   #    1.59% of all L1-dcache hits  
       404,272,477      LLC-loads:u                                                 
       173,852,418      LLC-load-misses:u         #   43.00% of all LL-cache hits   

     169.383018438 seconds time elapsed

     131.023466000 seconds user
      37.925771000 seconds sys



 Performance counter stats for './sequential.elf /home/alessandro.detoffoli/matrix/1_little.mtx':

    32,173,018,116      cycles:u                                                    
    69,974,672,444      instructions:u            #    2.17  insn per cycle         
    14,292,274,096      L1-dcache-loads:u                                           
       209,899,454      L1-dcache-load-misses:u   #    1.47% of all L1-dcache hits  
        24,084,017      LLC-loads:u                                                 
        11,285,280      LLC-load-misses:u         #   46.86% of all LL-cache hits   

      12.146013565 seconds time elapsed

       9.701189000 seconds user
       2.405729000 seconds sys



 Performance counter stats for './sequential.elf /home/alessandro.detoffoli/matrix/2_small.mtx':

    66,389,397,344      cycles:u                                                    
   139,434,270,819      instructions:u            #    2.10  insn per cycle         
    28,256,909,997      L1-dcache-loads:u                                           
       436,204,020      L1-dcache-load-misses:u   #    1.54% of all L1-dcache hits  
        46,559,537      LLC-loads:u                                                 
        21,867,083      LLC-load-misses:u         #   46.97% of all LL-cache hits   

      25.383959805 seconds time elapsed

      20.009973000 seconds user
       5.306997000 seconds sys



 Performance counter stats for './sequential.elf /home/alessandro.detoffoli/matrix/3_medium.mtx':

   124,216,027,236      cycles:u                                                    
   269,594,028,958      instructions:u            #    2.17  insn per cycle         
    54,530,845,747      L1-dcache-loads:u                                           
       858,945,059      L1-dcache-load-misses:u   #    1.58% of all L1-dcache hits  
        97,456,284      LLC-loads:u                                                 
        42,180,675      LLC-load-misses:u         #   43.28% of all LL-cache hits   

      45.513558689 seconds time elapsed

      37.073024000 seconds user
       8.322800000 seconds sys



 Performance counter stats for './sequential.elf /home/alessandro.detoffoli/matrix/4_big.mtx':

   238,283,481,548      cycles:u                                                    
   510,614,110,221      instructions:u            #    2.14  insn per cycle         
   103,038,972,973      L1-dcache-loads:u                                           
     1,673,875,714      L1-dcache-load-misses:u   #    1.62% of all L1-dcache hits  
       192,426,466      LLC-loads:u                                                 
        83,183,595      LLC-load-misses:u         #   43.23% of all LL-cache hits   

      86.633923920 seconds time elapsed

      71.811651000 seconds user
      14.601734000 seconds sys



 Performance counter stats for './sequential.elf /home/alessandro.detoffoli/matrix/5_huge.mtx':

   415,046,954,709      cycles:u                                                    
   924,171,276,527      instructions:u            #    2.23  insn per cycle         
   185,008,441,314      L1-dcache-loads:u                                           
     3,020,091,029      L1-dcache-load-misses:u   #    1.63% of all L1-dcache hits  
       400,942,543      LLC-loads:u                                                 
       167,683,155      LLC-load-misses:u         #   41.82% of all LL-cache hits   

     149.430230703 seconds time elapsed

     124.453224000 seconds user
      24.614106000 seconds sys


